<?xml version="1.0" encoding="utf-8"?><testsuites name="pytest tests"><testsuite name="pytest" errors="0" failures="0" skipped="0" tests="23" time="12.193" timestamp="2026-02-19T04:19:57.846802+00:00" hostname="agent-env-13f7848e-e898-4ec9-8997-17ea50093cb7"><testcase classname="tests.test_provider_unified.TestDoulaAPIs" name="test_doula_login" time="0.714" /><testcase classname="tests.test_provider_unified.TestDoulaAPIs" name="test_doula_dashboard" time="0.502" /><testcase classname="tests.test_provider_unified.TestDoulaAPIs" name="test_doula_profile_get" time="0.462" /><testcase classname="tests.test_provider_unified.TestDoulaAPIs" name="test_doula_profile_update" time="0.574" /><testcase classname="tests.test_provider_unified.TestDoulaAPIs" name="test_doula_clients_list" time="0.464" /><testcase classname="tests.test_provider_unified.TestDoulaAPIs" name="test_doula_invoices_list" time="0.458" /><testcase classname="tests.test_provider_unified.TestDoulaAPIs" name="test_doula_contracts_list" time="0.482" /><testcase classname="tests.test_provider_unified.TestDoulaAPIs" name="test_provider_share_requests" time="0.471" /><testcase classname="tests.test_provider_unified.TestDoulaAPIs" name="test_messages_conversations" time="0.505" /><testcase classname="tests.test_provider_unified.TestDoulaAPIs" name="test_payment_instructions_list" time="0.538" /><testcase classname="tests.test_provider_unified.TestDoulaAPIs" name="test_subscription_status" time="0.463" /><testcase classname="tests.test_provider_unified.TestMidwifeAPIs" name="test_midwife_login" time="0.671" /><testcase classname="tests.test_provider_unified.TestMidwifeAPIs" name="test_midwife_dashboard" time="0.461" /><testcase classname="tests.test_provider_unified.TestMidwifeAPIs" name="test_midwife_profile_get" time="0.456" /><testcase classname="tests.test_provider_unified.TestMidwifeAPIs" name="test_midwife_profile_update_with_credentials" time="0.583" /><testcase classname="tests.test_provider_unified.TestMidwifeAPIs" name="test_midwife_clients_list" time="0.489" /><testcase classname="tests.test_provider_unified.TestMidwifeAPIs" name="test_midwife_invoices_list" time="0.534" /><testcase classname="tests.test_provider_unified.TestMidwifeAPIs" name="test_midwife_contracts_list" time="0.471" /><testcase classname="tests.test_provider_unified.TestMidwifeAPIs" name="test_midwife_client_prenatal_visits" time="0.580" /><testcase classname="tests.test_provider_unified.TestMidwifeAPIs" name="test_provider_share_requests" time="0.513" /><testcase classname="tests.test_provider_unified.TestMidwifeAPIs" name="test_messages_conversations_midwife" time="0.480" /><testcase classname="tests.test_provider_unified.TestSharedProviderAPIs" name="test_auth_me_doula" time="0.464" /><testcase classname="tests.test_provider_unified.TestSharedProviderAPIs" name="test_auth_me_midwife" time="0.798" /></testsuite></testsuites>