<?xml version="1.0" encoding="utf-8"?><testsuites name="pytest tests"><testsuite name="pytest" errors="0" failures="0" skipped="0" tests="10" time="1.660" timestamp="2026-02-20T23:21:37.581940+00:00" hostname="agent-env-15f6b734-410b-4017-9925-874ce310914b"><testcase classname="backend.tests.test_labor_records.TestLaborRecordsGet" name="test_get_labor_records_success" time="0.672" /><testcase classname="backend.tests.test_labor_records.TestLaborRecordsGet" name="test_get_labor_records_invalid_client" time="0.070" /><testcase classname="backend.tests.test_labor_records.TestLaborRecordsCRUD" name="test_create_labor_record" time="0.064" /><testcase classname="backend.tests.test_labor_records.TestLaborRecordsCRUD" name="test_update_labor_record" time="0.134" /><testcase classname="backend.tests.test_labor_records.TestLaborRecordsCRUD" name="test_delete_labor_record" time="0.148" /><testcase classname="backend.tests.test_labor_records.TestLaborRecordsValidation" name="test_create_minimal_record" time="0.122" /><testcase classname="backend.tests.test_labor_records.TestLaborRecordsValidation" name="test_create_full_record" time="0.142" /><testcase classname="backend.tests.test_labor_records.TestLaborRecordsValidation" name="test_update_nonexistent_record" time="0.060" /><testcase classname="backend.tests.test_labor_records.TestLaborRecordsValidation" name="test_delete_nonexistent_record" time="0.057" /><testcase classname="backend.tests.test_labor_records.TestLaborRecordsAuthorization" name="test_unauthorized_access" time="0.118" /></testsuite></testsuites>