<?xml version="1.0" encoding="utf-8"?><testsuites name="pytest tests"><testsuite name="pytest" errors="0" failures="2" skipped="0" tests="25" time="7.808" timestamp="2026-02-20T03:00:00.586913+00:00" hostname="agent-env-a44ade04-1230-4129-9fca-94c9d5904190"><testcase classname="backend.tests.test_uiux_fixes_iteration112.TestSetup" name="test_health_check" time="0.167" /><testcase classname="backend.tests.test_uiux_fixes_iteration112.TestSetup" name="test_doula_login" time="0.406" /><testcase classname="backend.tests.test_uiux_fixes_iteration112.TestSetup" name="test_midwife_login" time="0.376" /><testcase classname="backend.tests.test_uiux_fixes_iteration112.TestDashboardStats" name="test_doula_dashboard_has_active_clients" time="0.977" /><testcase classname="backend.tests.test_uiux_fixes_iteration112.TestDashboardStats" name="test_doula_dashboard_has_upcoming_appointments" time="0.120" /><testcase classname="backend.tests.test_uiux_fixes_iteration112.TestDashboardStats" name="test_doula_dashboard_has_contracts_pending_signature" time="0.191" /><testcase classname="backend.tests.test_uiux_fixes_iteration112.TestDashboardStats" name="test_doula_dashboard_has_pending_invoices" time="0.265" /><testcase classname="backend.tests.test_uiux_fixes_iteration112.TestDashboardStats" name="test_midwife_dashboard_has_role_specific_stats" time="0.508" /><testcase classname="backend.tests.test_uiux_fixes_iteration112.TestClientFilter" name="test_get_clients_default_active_only" time="0.153" /><testcase classname="backend.tests.test_uiux_fixes_iteration112.TestClientFilter" name="test_get_clients_include_inactive" time="0.131" /><testcase classname="backend.tests.test_uiux_fixes_iteration112.TestClientFilter" name="test_get_clients_status_filter_lead" time="0.144" /><testcase classname="backend.tests.test_uiux_fixes_iteration112.TestClientFilter" name="test_client_has_is_active_field" time="0.130" /><testcase classname="backend.tests.test_uiux_fixes_iteration112.TestProviderNotesCreation" name="test_create_note_requires_client_id" time="0.128" /><testcase classname="backend.tests.test_uiux_fixes_iteration112.TestProviderNotesCreation" name="test_create_note_with_client_id" time="0.370" /><testcase classname="backend.tests.test_uiux_fixes_iteration112.TestProviderContractsCreation" name="test_create_doula_contract_with_client_id" time="0.357"><failure message="AssertionError: Create contract failed: 422 - {&quot;detail&quot;:[{&quot;type&quot;:&quot;missing&quot;,&quot;loc&quot;:[&quot;body&quot;,&quot;client_name&quot;],&quot;msg&quot;:&quot;Field required&quot;,&quot;input&quot;:{&quot;client_id&quot;:&quot;client_e5b05a2367f6&quot;,&quot;title&quot;:&quot;TEST_UI112_Test Contract&quot;,&quot;services_included&quot;:[&quot;Birth Support&quot;,&quot;Postpartum Support&quot;],&quot;total_fee&quot;:1500.0,&quot;deposit_amount&quot;:500.0,&quot;status&quot;:&quot;Draft&quot;},&quot;url&quot;:&quot;https://errors.pydantic.dev/2.12/v/missing&quot;},{&quot;type&quot;:&quot;missing&quot;,&quot;loc&quot;:[&quot;body&quot;,&quot;estimated_due_date&quot;],&quot;msg&quot;:&quot;Field required&quot;,&quot;input&quot;:{&quot;client_id&quot;:&quot;client_e5b05a2367f6&quot;,&quot;title&quot;:&quot;TEST_UI112_Test Contract&quot;,&quot;services_included&quot;:[&quot;Birth Support&quot;,&quot;Postpartum Support&quot;],&quot;total_fee&quot;:1500.0,&quot;deposit_amount&quot;:500.0,&quot;status&quot;:&quot;Draft&quot;},&quot;url&quot;:&quot;https://errors.pydantic.dev/2.12/v/missing&quot;},{&quot;type&quot;:&quot;missing&quot;,&quot;loc&quot;:[&quot;body&quot;,&quot;retainer_amount&quot;],&quot;msg&quot;:&quot;Field required&quot;,&quot;input&quot;:{&quot;client_id&quot;:&quot;client_e5b05a2367f6&quot;,&quot;title&quot;:&quot;TEST_UI112_Test Contract&quot;,&quot;services_included&quot;:[&quot;Birth Support&quot;,&quot;Postpartum Support&quot;],&quot;total_fee&quot;:1500.0,&quot;deposit_amount&quot;:500.0,&quot;status&quot;:&quot;Draft&quot;},&quot;url&quot;:&quot;https://errors.pydantic.dev/2.12/v/missing&quot;}]}&#10;assert 422 in [200, 201]&#10; +  where 422 = &lt;Response [422]&gt;.status_code">backend/tests/test_uiux_fixes_iteration112.py:275: in test_create_doula_contract_with_client_id
    assert response.status_code in [200, 201], f"Create contract failed: {response.status_code} - {response.text}"
E   AssertionError: Create contract failed: 422 - {"detail":[{"type":"missing","loc":["body","client_name"],"msg":"Field required","input":{"client_id":"client_e5b05a2367f6","title":"TEST_UI112_Test Contract","services_included":["Birth Support","Postpartum Support"],"total_fee":1500.0,"deposit_amount":500.0,"status":"Draft"},"url":"https://errors.pydantic.dev/2.12/v/missing"},{"type":"missing","loc":["body","estimated_due_date"],"msg":"Field required","input":{"client_id":"client_e5b05a2367f6","title":"TEST_UI112_Test Contract","services_included":["Birth Support","Postpartum Support"],"total_fee":1500.0,"deposit_amount":500.0,"status":"Draft"},"url":"https://errors.pydantic.dev/2.12/v/missing"},{"type":"missing","loc":["body","retainer_amount"],"msg":"Field required","input":{"client_id":"client_e5b05a2367f6","title":"TEST_UI112_Test Contract","services_included":["Birth Support","Postpartum Support"],"total_fee":1500.0,"deposit_amount":500.0,"status":"Draft"},"url":"https://errors.pydantic.dev/2.12/v/missing"}]}
E   assert 422 in [200, 201]
E    +  where 422 = &lt;Response [422]&gt;.status_code</failure></testcase><testcase classname="backend.tests.test_uiux_fixes_iteration112.TestProviderInvoicesCreation" name="test_create_doula_invoice_with_client_id" time="0.264" /><testcase classname="backend.tests.test_uiux_fixes_iteration112.TestClientTimelineContractsQuery" name="test_doula_timeline_returns_contracts" time="0.404" /><testcase classname="backend.tests.test_uiux_fixes_iteration112.TestClientTimelineContractsQuery" name="test_midwife_timeline_returns_contracts" time="0.349" /><testcase classname="backend.tests.test_uiux_fixes_iteration112.TestTimelineShowsCreatedItems" name="test_created_note_appears_in_timeline" time="0.429" /><testcase classname="backend.tests.test_uiux_fixes_iteration112.TestTimelineShowsCreatedItems" name="test_created_contract_appears_in_timeline" time="0.336"><failure message="AssertionError: Create contract failed: 422&#10;assert 422 in [200, 201]&#10; +  where 422 = &lt;Response [422]&gt;.status_code">backend/tests/test_uiux_fixes_iteration112.py:432: in test_created_contract_appears_in_timeline
    assert create_resp.status_code in [200, 201], f"Create contract failed: {create_resp.status_code}"
E   AssertionError: Create contract failed: 422
E   assert 422 in [200, 201]
E    +  where 422 = &lt;Response [422]&gt;.status_code</failure></testcase><testcase classname="backend.tests.test_uiux_fixes_iteration112.TestTimelineShowsCreatedItems" name="test_created_invoice_appears_in_timeline" time="0.590" /><testcase classname="backend.tests.test_uiux_fixes_iteration112.TestClientDetailResponse" name="test_client_detail_has_counts" time="0.282" /><testcase classname="backend.tests.test_uiux_fixes_iteration112.TestNoObjectIdInResponses" name="test_dashboard_no_objectid" time="0.130" /><testcase classname="backend.tests.test_uiux_fixes_iteration112.TestNoObjectIdInResponses" name="test_clients_no_objectid" time="0.128" /><testcase classname="backend.tests.test_uiux_fixes_iteration112.TestNoObjectIdInResponses" name="test_timeline_no_objectid" time="0.327" /></testsuite></testsuites>