<?xml version="1.0" encoding="utf-8"?><testsuites name="pytest tests"><testsuite name="pytest" errors="0" failures="2" skipped="0" tests="11" time="1.811" timestamp="2026-02-16T04:57:45.392496+00:00" hostname="agent-env-606eb975-708f-4c4f-b26c-bf7550c87b8d"><testcase classname="backend.tests.test_new_features_iteration8.TestAuth" name="test_login_midwife" time="0.503" /><testcase classname="backend.tests.test_new_features_iteration8.TestAuth" name="test_login_mom" time="0.277" /><testcase classname="backend.tests.test_new_features_iteration8.TestMidwifeNotes" name="test_get_midwife_notes_returns_array" time="0.125"><failure message="AssertionError: Failed: {&quot;detail&quot;:&quot;Insufficient permissions&quot;}&#10;assert 403 == 200&#10; +  where 403 = &lt;Response [403]&gt;.status_code">backend/tests/test_new_features_iteration8.py:77: in test_get_midwife_notes_returns_array
    assert response.status_code == 200, f"Failed: {response.text}"
E   AssertionError: Failed: {"detail":"Insufficient permissions"}
E   assert 403 == 200
E    +  where 403 = &lt;Response [403]&gt;.status_code</failure></testcase><testcase classname="backend.tests.test_new_features_iteration8.TestMidwifeNotes" name="test_create_midwife_note" time="0.054"><failure message="AssertionError: Get clients failed: {&quot;detail&quot;:&quot;Insufficient permissions&quot;}&#10;assert 403 == 200&#10; +  where 403 = &lt;Response [403]&gt;.status_code">backend/tests/test_new_features_iteration8.py:91: in test_create_midwife_note
    assert clients_response.status_code == 200, f"Get clients failed: {clients_response.text}"
E   AssertionError: Get clients failed: {"detail":"Insufficient permissions"}
E   assert 403 == 200
E    +  where 403 = &lt;Response [403]&gt;.status_code</failure></testcase><testcase classname="backend.tests.test_new_features_iteration8.TestMarketplace" name="test_get_marketplace_providers_returns_array" time="0.065" /><testcase classname="backend.tests.test_new_features_iteration8.TestMarketplace" name="test_marketplace_filter_by_doula" time="0.096" /><testcase classname="backend.tests.test_new_features_iteration8.TestMarketplace" name="test_marketplace_filter_by_midwife" time="0.050" /><testcase classname="backend.tests.test_new_features_iteration8.TestAdminPanel" name="test_admin_endpoints_require_admin_role" time="0.053" /><testcase classname="backend.tests.test_new_features_iteration8.TestAdminPanel" name="test_admin_registration_and_users_endpoint" time="0.344" /><testcase classname="backend.tests.test_new_features_iteration8.TestAdminPanel" name="test_admin_content_endpoint" time="0.062" /><testcase classname="backend.tests.test_new_features_iteration8.TestAdminPanel" name="test_admin_users_with_role_filter" time="0.092" /></testsuite></testsuites>