<?xml version="1.0" encoding="utf-8"?><testsuites name="pytest tests"><testsuite name="pytest" errors="0" failures="0" skipped="0" tests="7" time="1.470" timestamp="2026-02-21T03:32:19.421132+00:00" hostname="agent-env-2557be4d-7599-4222-81b1-3a153443a3e8"><testcase classname="backend.tests.test_leads_enhancement_137.TestLeadsEnhancement" name="test_1_doula_login_success" time="0.423" /><testcase classname="backend.tests.test_leads_enhancement_137.TestLeadsEnhancement" name="test_2_leads_endpoint_returns_list" time="0.351" /><testcase classname="backend.tests.test_leads_enhancement_137.TestLeadsEnhancement" name="test_3_leads_contains_basic_fields" time="0.063" /><testcase classname="backend.tests.test_leads_enhancement_137.TestLeadsEnhancement" name="test_4_leads_contains_new_enhancement_fields" time="0.075" /><testcase classname="backend.tests.test_leads_enhancement_137.TestLeadsEnhancement" name="test_5_leads_stats_endpoint" time="0.065" /><testcase classname="backend.tests.test_leads_enhancement_137.TestLeadsEnhancement" name="test_6_mom_birth_plan_endpoint" time="0.371" /><testcase classname="backend.tests.test_leads_enhancement_137.TestLeadsEnhancement" name="test_7_mom_profile_has_number_of_children" time="0.067" /></testsuite></testsuites>