<?xml version="1.0" encoding="utf-8"?><testsuites name="pytest tests"><testsuite name="pytest" errors="0" failures="0" skipped="0" tests="13" time="3.542" timestamp="2026-02-17T19:52:14.750487+00:00" hostname="agent-env-df1d29f2-5652-4bb8-a8a9-753024b6bebd"><testcase classname="backend.tests.test_midwife_contracts_e2e.TestMidwifeContractsE2E" name="test_01_midwife_login" time="0.405" /><testcase classname="backend.tests.test_midwife_contracts_e2e.TestMidwifeContractsE2E" name="test_02_get_midwife_clients" time="0.390" /><testcase classname="backend.tests.test_midwife_contracts_e2e.TestMidwifeContractsE2E" name="test_03_get_existing_contracts" time="0.071" /><testcase classname="backend.tests.test_midwife_contracts_e2e.TestMidwifeContractsE2E" name="test_04_get_contract_template" time="0.089" /><testcase classname="backend.tests.test_midwife_contracts_e2e.TestMidwifeContractsE2E" name="test_05_create_new_contract" time="0.179" /><testcase classname="backend.tests.test_midwife_contracts_e2e.TestMidwifeContractsE2E" name="test_06_get_contract_detail" time="0.174" /><testcase classname="backend.tests.test_midwife_contracts_e2e.TestMidwifeContractsE2E" name="test_07_get_public_contract_view" time="0.148" /><testcase classname="backend.tests.test_midwife_contracts_e2e.TestMidwifeContractsE2E" name="test_08_get_contract_html" time="0.147" /><testcase classname="backend.tests.test_midwife_contracts_e2e.TestMidwifeContractsE2E" name="test_09_download_contract_pdf" time="0.278" /><testcase classname="backend.tests.test_midwife_contracts_e2e.TestMidwifeContractsE2E" name="test_10_send_contract" time="0.347" /><testcase classname="backend.tests.test_midwife_contracts_e2e.TestMidwifeContractsE2E" name="test_11_client_sign_contract" time="0.812" /><testcase classname="backend.tests.test_midwife_contracts_e2e.TestMidwifeContractsE2E" name="test_12_cannot_sign_draft_contract" time="0.215" /><testcase classname="backend.tests.test_midwife_contracts_e2e.TestMidwifeContractsE2E" name="test_13_delete_draft_contract" time="0.234" /></testsuite></testsuites>