<?xml version="1.0" encoding="utf-8"?><testsuites name="pytest tests"><testsuite name="pytest" errors="0" failures="0" skipped="0" tests="20" time="4.410" timestamp="2026-02-19T02:24:50.476276+00:00" hostname="agent-env-2d74ceb9-c96d-4403-8323-cb55da61a20c"><testcase classname="backend.tests.test_prenatal_visits.TestMidwifeAuth" name="test_midwife_login" time="0.515" /><testcase classname="backend.tests.test_prenatal_visits.TestPrenatalVisitsAPI" name="test_list_prenatal_visits_returns_200" time="0.430" /><testcase classname="backend.tests.test_prenatal_visits.TestPrenatalVisitsAPI" name="test_list_visits_without_auth_returns_401" time="0.127" /><testcase classname="backend.tests.test_prenatal_visits.TestPrenatalVisitsAPI" name="test_list_visits_invalid_client_returns_404" time="0.084" /><testcase classname="backend.tests.test_prenatal_visits.TestPrenatalVisitsAPI" name="test_create_prenatal_visit_with_all_fields" time="0.079" /><testcase classname="backend.tests.test_prenatal_visits.TestPrenatalVisitsAPI" name="test_create_visit_minimal_data" time="0.118" /><testcase classname="backend.tests.test_prenatal_visits.TestPrenatalVisitsAPI" name="test_create_visit_without_auth_returns_401" time="0.120" /><testcase classname="backend.tests.test_prenatal_visits.TestPrenatalVisitsAPI" name="test_get_single_prenatal_visit" time="0.165" /><testcase classname="backend.tests.test_prenatal_visits.TestPrenatalVisitsAPI" name="test_get_nonexistent_visit_returns_404" time="0.058" /><testcase classname="backend.tests.test_prenatal_visits.TestPrenatalVisitsAPI" name="test_update_prenatal_visit_vitals" time="0.252" /><testcase classname="backend.tests.test_prenatal_visits.TestPrenatalVisitsAPI" name="test_update_visit_empty_body_returns_400" time="0.247" /><testcase classname="backend.tests.test_prenatal_visits.TestPrenatalVisitsAPI" name="test_update_nonexistent_visit_returns_404" time="0.064" /><testcase classname="backend.tests.test_prenatal_visits.TestPrenatalVisitsAPI" name="test_delete_prenatal_visit" time="0.210" /><testcase classname="backend.tests.test_prenatal_visits.TestPrenatalVisitsAPI" name="test_delete_nonexistent_visit_returns_404" time="0.066" /><testcase classname="backend.tests.test_prenatal_visits.TestSummaryGeneration" name="test_summary_includes_bp_only" time="0.456" /><testcase classname="backend.tests.test_prenatal_visits.TestSummaryGeneration" name="test_summary_includes_fhr_only" time="0.119" /><testcase classname="backend.tests.test_prenatal_visits.TestSummaryGeneration" name="test_summary_includes_all_vitals" time="0.128" /><testcase classname="backend.tests.test_prenatal_visits.TestSummaryGeneration" name="test_summary_with_kg_weight_unit" time="0.112" /><testcase classname="backend.tests.test_prenatal_visits.TestExistingVisit" name="test_get_existing_visit" time="0.437" /><testcase classname="backend.tests.test_prenatal_visits.TestWellBeingScores" name="test_all_wellbeing_scores_persist" time="0.536" /></testsuite></testsuites>