<?xml version="1.0" encoding="utf-8"?><testsuites name="pytest tests"><testsuite name="pytest" errors="0" failures="0" skipped="0" tests="24" time="6.920" timestamp="2026-03-07T20:24:29.398883+00:00" hostname="agent-env-b235dc47-b178-41a0-adf5-5f9339e96571"><testcase classname="backend.tests.test_contraction_timer_phase2_150.TestPhase2Setup" name="test_mom_auth" time="0.517" /><testcase classname="backend.tests.test_contraction_timer_phase2_150.TestTimerPreferences" name="test_get_default_preferences" time="0.450" /><testcase classname="backend.tests.test_contraction_timer_phase2_150.TestTimerPreferences" name="test_update_birth_word_to_surges" time="0.116" /><testcase classname="backend.tests.test_contraction_timer_phase2_150.TestTimerPreferences" name="test_update_birth_word_to_waves" time="0.107" /><testcase classname="backend.tests.test_contraction_timer_phase2_150.TestTimerPreferences" name="test_update_alert_threshold_to_411" time="0.107" /><testcase classname="backend.tests.test_contraction_timer_phase2_150.TestTimerPreferences" name="test_update_alert_threshold_to_311" time="0.113" /><testcase classname="backend.tests.test_contraction_timer_phase2_150.TestTimerPreferences" name="test_update_alert_threshold_to_none" time="0.106" /><testcase classname="backend.tests.test_contraction_timer_phase2_150.TestTimerPreferences" name="test_reset_preferences_to_defaults" time="0.118" /><testcase classname="backend.tests.test_contraction_timer_phase2_150.TestTimerPreferences" name="test_preferences_returned_with_active_session" time="0.130" /><testcase classname="backend.tests.test_contraction_timer_phase2_150.TestWaterBreaking" name="test_record_water_breaking" time="0.569" /><testcase classname="backend.tests.test_contraction_timer_phase2_150.TestWaterBreaking" name="test_clear_water_breaking" time="0.144" /><testcase classname="backend.tests.test_contraction_timer_phase2_150.TestWaterBreaking" name="test_water_broke_without_note" time="0.110" /><testcase classname="backend.tests.test_contraction_timer_phase2_150.TestSessionNotes" name="test_update_session_notes" time="0.571" /><testcase classname="backend.tests.test_contraction_timer_phase2_150.TestSessionNotes" name="test_clear_session_notes" time="0.129" /><testcase classname="backend.tests.test_contraction_timer_phase2_150.TestPrimaryLaborSession" name="test_mark_as_primary" time="0.594" /><testcase classname="backend.tests.test_contraction_timer_phase2_150.TestPrimaryLaborSession" name="test_unmark_primary" time="0.109" /><testcase classname="backend.tests.test_contraction_timer_phase2_150.TestChartData" name="test_get_chart_data" time="0.549" /><testcase classname="backend.tests.test_contraction_timer_phase2_150.TestChartData" name="test_chart_data_format" time="0.111" /><testcase classname="backend.tests.test_contraction_timer_phase2_150.TestChartData" name="test_chart_data_nonexistent_session" time="0.107" /><testcase classname="backend.tests.test_contraction_timer_phase2_150.TestPreferencesPatternCheck" name="test_pattern_status_includes_threshold_type" time="0.587" /><testcase classname="backend.tests.test_contraction_timer_phase2_150.TestPreferencesPatternCheck" name="test_tracking_only_mode" time="0.342" /><testcase classname="backend.tests.test_contraction_timer_phase2_150.TestAccessControlPhase2" name="test_doula_cannot_access_preferences" time="0.450" /><testcase classname="backend.tests.test_contraction_timer_phase2_150.TestAccessControlPhase2" name="test_doula_cannot_update_preferences" time="0.121" /><testcase classname="backend.tests.test_contraction_timer_phase2_150.TestCleanup" name="test_end_test_session" time="0.596" /></testsuite></testsuites>