<?xml version="1.0" encoding="utf-8"?><testsuites name="pytest tests"><testsuite name="pytest" errors="0" failures="0" skipped="0" tests="12" time="3.842" timestamp="2026-02-19T22:45:37.698348+00:00" hostname="agent-env-407be43c-5327-457e-9a99-dcc67cc72091"><testcase classname="backend.tests.test_backend_refactoring_phase2.TestLogin" name="test_login_with_valid_credentials" time="0.433" /><testcase classname="backend.tests.test_backend_refactoring_phase2.TestLogin" name="test_login_with_invalid_credentials" time="0.203" /><testcase classname="backend.tests.test_backend_refactoring_phase2.TestMarketplaceProviders" name="test_get_providers_returns_list" time="0.153" /><testcase classname="backend.tests.test_backend_refactoring_phase2.TestMarketplaceProviders" name="test_get_providers_filter_by_doula" time="0.119" /><testcase classname="backend.tests.test_backend_refactoring_phase2.TestMarketplaceProviders" name="test_get_providers_filter_by_midwife" time="0.132" /><testcase classname="backend.tests.test_backend_refactoring_phase2.TestMarketplaceProviderDetail" name="test_get_provider_detail" time="0.257" /><testcase classname="backend.tests.test_backend_refactoring_phase2.TestMarketplaceProviderDetail" name="test_get_nonexistent_provider" time="0.121" /><testcase classname="backend.tests.test_backend_refactoring_phase2.TestAuthMe" name="test_get_current_user" time="0.528" /><testcase classname="backend.tests.test_backend_refactoring_phase2.TestAuthMe" name="test_get_current_user_without_auth" time="0.238" /><testcase classname="backend.tests.test_backend_refactoring_phase2.TestProviderEndpoints" name="test_get_clients" time="0.598" /><testcase classname="backend.tests.test_backend_refactoring_phase2.TestProviderEndpoints" name="test_get_contracts" time="0.514" /><testcase classname="backend.tests.test_backend_refactoring_phase2.TestProviderEndpoints" name="test_get_invoices" time="0.476" /></testsuite></testsuites>