<?xml version="1.0" encoding="utf-8"?><testsuites name="pytest tests"><testsuite name="pytest" errors="0" failures="1" skipped="0" tests="16" time="8.605" timestamp="2026-02-19T21:05:36.622085+00:00" hostname="agent-env-b57d7268-c5a5-448a-92c0-34e356ca515a"><testcase classname="backend.tests.test_shared_provider_components.TestProviderClientsEndpoint" name="test_doula_get_clients" time="0.552" /><testcase classname="backend.tests.test_shared_provider_components.TestProviderClientsEndpoint" name="test_midwife_get_clients" time="0.501" /><testcase classname="backend.tests.test_shared_provider_components.TestProviderClientsEndpoint" name="test_provider_clients_include_inactive" time="0.712" /><testcase classname="backend.tests.test_shared_provider_components.TestProviderClientsEndpoint" name="test_unauthorized_access_returns_401" time="0.154" /><testcase classname="backend.tests.test_shared_provider_components.TestProviderAppointmentsEndpoint" name="test_doula_get_appointments" time="0.600" /><testcase classname="backend.tests.test_shared_provider_components.TestProviderAppointmentsEndpoint" name="test_midwife_get_appointments" time="0.555" /><testcase classname="backend.tests.test_shared_provider_components.TestProviderAppointmentsEndpoint" name="test_appointments_filter_by_status" time="0.680" /><testcase classname="backend.tests.test_shared_provider_components.TestProviderAppointmentsEndpoint" name="test_unauthorized_appointments_returns_401" time="0.113" /><testcase classname="backend.tests.test_shared_provider_components.TestProviderNotesEndpoint" name="test_doula_get_notes" time="0.452" /><testcase classname="backend.tests.test_shared_provider_components.TestProviderNotesEndpoint" name="test_midwife_get_notes" time="0.494" /><testcase classname="backend.tests.test_shared_provider_components.TestProviderNotesEndpoint" name="test_notes_filter_by_client" time="0.591" /><testcase classname="backend.tests.test_shared_provider_components.TestProviderNotesEndpoint" name="test_unauthorized_notes_returns_401" time="0.137" /><testcase classname="backend.tests.test_shared_provider_components.TestMidwifeSpecificFeatures" name="test_appointments_contain_type_for_filtering" time="0.453" /><testcase classname="backend.tests.test_shared_provider_components.TestMidwifeSpecificFeatures" name="test_midwife_visits_endpoint" time="0.502" /><testcase classname="backend.tests.test_shared_provider_components.TestCRUDOperations" name="test_create_and_delete_note" time="1.015"><failure message="AssertionError: Failed to delete note: {&quot;detail&quot;:&quot;Note not found&quot;}&#10;assert 404 == 200&#10; +  where 404 = &lt;Response [404]&gt;.status_code">backend/tests/test_shared_provider_components.py:358: in test_create_and_delete_note
    assert delete_resp.status_code == 200, f"Failed to delete note: {delete_resp.text}"
E   AssertionError: Failed to delete note: {"detail":"Note not found"}
E   assert 404 == 200
E    +  where 404 = &lt;Response [404]&gt;.status_code</failure></testcase><testcase classname="backend.tests.test_shared_provider_components.TestCRUDOperations" name="test_create_and_delete_appointment" time="0.995" /></testsuite></testsuites>