<?xml version="1.0" encoding="utf-8"?><testsuites name="pytest tests"><testsuite name="pytest" errors="0" failures="0" skipped="0" tests="17" time="1.956" timestamp="2026-02-18T03:02:52.666526+00:00" hostname="agent-env-f4f9bbd7-890b-4596-8c2a-009f56babe14"><testcase classname="backend.tests.test_share_flow_e2e.TestFullShareFlow" name="test_01_mom_login_success" time="0.398" /><testcase classname="backend.tests.test_share_flow_e2e.TestFullShareFlow" name="test_02_doula_login_success" time="0.331" /><testcase classname="backend.tests.test_share_flow_e2e.TestFullShareFlow" name="test_03_doula_visible_in_search" time="0.071" /><testcase classname="backend.tests.test_share_flow_e2e.TestFullShareFlow" name="test_04_mom_shares_birth_plan_with_doula" time="0.067" /><testcase classname="backend.tests.test_share_flow_e2e.TestFullShareFlow" name="test_05_doula_sees_pending_requests" time="0.060" /><testcase classname="backend.tests.test_share_flow_e2e.TestFullShareFlow" name="test_06_doula_dashboard_api" time="0.058" /><testcase classname="backend.tests.test_share_flow_e2e.TestFullShareFlow" name="test_07_accept_pending_request_if_exists" time="0.053" /><testcase classname="backend.tests.test_share_flow_e2e.TestFullShareFlow" name="test_08_mom_can_see_doula_in_team" time="0.080" /><testcase classname="backend.tests.test_share_flow_e2e.TestFullShareFlow" name="test_09_mom_can_message_doula" time="0.147" /><testcase classname="backend.tests.test_share_flow_e2e.TestFullShareFlow" name="test_10_doula_can_message_mom" time="0.062" /><testcase classname="backend.tests.test_share_flow_e2e.TestFullShareFlow" name="test_11_both_see_conversation" time="0.144" /><testcase classname="backend.tests.test_share_flow_e2e.TestPhotoUpload" name="test_photo_upload_mom" time="0.139" /><testcase classname="backend.tests.test_share_flow_e2e.TestPhotoUpload" name="test_photo_upload_doula" time="0.064" /><testcase classname="backend.tests.test_share_flow_e2e.TestPhotoUpload" name="test_photo_upload_with_name" time="0.057" /><testcase classname="backend.tests.test_share_flow_e2e.TestShareRequestManagement" name="test_mom_view_share_requests" time="0.062" /><testcase classname="backend.tests.test_share_flow_e2e.TestShareRequestManagement" name="test_doula_view_all_share_requests" time="0.051" /><testcase classname="backend.tests.test_share_flow_e2e.TestShareRequestManagement" name="test_doula_can_view_shared_birth_plans" time="0.057" /></testsuite></testsuites>