<?xml version="1.0" encoding="utf-8"?><testsuites name="pytest tests"><testsuite name="pytest" errors="0" failures="1" skipped="0" tests="13" time="3.933" timestamp="2026-02-17T19:51:42.516494+00:00" hostname="agent-env-df1d29f2-5652-4bb8-a8a9-753024b6bebd"><testcase classname="backend.tests.test_midwife_contracts_e2e.TestMidwifeContractsE2E" name="test_01_midwife_login" time="0.488" /><testcase classname="backend.tests.test_midwife_contracts_e2e.TestMidwifeContractsE2E" name="test_02_get_midwife_clients" time="0.436" /><testcase classname="backend.tests.test_midwife_contracts_e2e.TestMidwifeContractsE2E" name="test_03_get_existing_contracts" time="0.149" /><testcase classname="backend.tests.test_midwife_contracts_e2e.TestMidwifeContractsE2E" name="test_04_get_contract_template" time="0.060" /><testcase classname="backend.tests.test_midwife_contracts_e2e.TestMidwifeContractsE2E" name="test_05_create_new_contract" time="0.191" /><testcase classname="backend.tests.test_midwife_contracts_e2e.TestMidwifeContractsE2E" name="test_06_get_contract_detail" time="0.196" /><testcase classname="backend.tests.test_midwife_contracts_e2e.TestMidwifeContractsE2E" name="test_07_get_public_contract_view" time="0.187" /><testcase classname="backend.tests.test_midwife_contracts_e2e.TestMidwifeContractsE2E" name="test_08_get_contract_html" time="0.166" /><testcase classname="backend.tests.test_midwife_contracts_e2e.TestMidwifeContractsE2E" name="test_09_download_contract_pdf" time="0.248" /><testcase classname="backend.tests.test_midwife_contracts_e2e.TestMidwifeContractsE2E" name="test_10_send_contract" time="0.411" /><testcase classname="backend.tests.test_midwife_contracts_e2e.TestMidwifeContractsE2E" name="test_11_client_sign_contract" time="0.688" /><testcase classname="backend.tests.test_midwife_contracts_e2e.TestMidwifeContractsE2E" name="test_12_cannot_sign_draft_contract" time="0.210" /><testcase classname="backend.tests.test_midwife_contracts_e2e.TestMidwifeContractsE2E" name="test_13_delete_draft_contract" time="0.409"><failure message="Failed: DELETE endpoint for midwife contracts is not implemented in backend">backend/tests/test_midwife_contracts_e2e.py:461: in test_13_delete_draft_contract
    pytest.fail("DELETE endpoint for midwife contracts is not implemented in backend")
E   Failed: DELETE endpoint for midwife contracts is not implemented in backend</failure></testcase></testsuite></testsuites>