<?xml version="1.0" encoding="utf-8"?><testsuites name="pytest tests"><testsuite name="pytest" errors="0" failures="0" skipped="0" tests="10" time="4.236" timestamp="2026-02-20T23:52:05.025611+00:00" hostname="agent-env-15f6b734-410b-4017-9925-874ce310914b"><testcase classname="backend.tests.test_birth_record_133.TestBirthRecordAPI" name="test_get_birth_record_returns_empty_when_none" time="0.536" /><testcase classname="backend.tests.test_birth_record_133.TestBirthRecordAPI" name="test_get_birth_record_invalid_client" time="0.474" /><testcase classname="backend.tests.test_birth_record_133.TestBirthRecordAPI" name="test_get_birth_record_unauthorized" time="0.110" /><testcase classname="backend.tests.test_birth_record_133.TestBirthRecordAPI" name="test_create_birth_record" time="0.517" /><testcase classname="backend.tests.test_birth_record_133.TestBirthRecordAPI" name="test_verify_birth_record_created" time="0.463" /><testcase classname="backend.tests.test_birth_record_133.TestBirthRecordAPI" name="test_update_birth_record" time="0.453" /><testcase classname="backend.tests.test_birth_record_133.TestBirthRecordAPI" name="test_verify_birth_record_updated" time="0.467" /><testcase classname="backend.tests.test_birth_record_133.TestBirthRecordAPI" name="test_create_birth_record_invalid_client" time="0.469" /><testcase classname="backend.tests.test_birth_record_133.TestBirthRecordAPI" name="test_create_birth_record_unauthorized" time="0.135" /><testcase classname="backend.tests.test_birth_record_133.TestBirthRecordAPI" name="test_birth_record_all_fields" time="0.553" /></testsuite></testsuites>