<?xml version="1.0" encoding="utf-8"?><testsuites name="pytest tests"><testsuite name="pytest" errors="0" failures="1" skipped="0" tests="21" time="4.626" timestamp="2026-02-16T04:08:40.664206+00:00" hostname="agent-env-cd56eb63-4cee-41e4-8300-97af2fbc2ede"><testcase classname="backend.tests.test_new_features.TestSetup" name="test_health_check" time="0.396" /><testcase classname="backend.tests.test_new_features.TestSetup" name="test_mom_auth_with_token" time="0.119" /><testcase classname="backend.tests.test_new_features.TestNotificationsAPI" name="test_get_notifications_returns_list_and_unread_count" time="0.187" /><testcase classname="backend.tests.test_new_features.TestNotificationsAPI" name="test_get_unread_only_notifications" time="0.185" /><testcase classname="backend.tests.test_new_features.TestNotificationsAPI" name="test_mark_all_notifications_read" time="0.183" /><testcase classname="backend.tests.test_new_features.TestTimelineAPI" name="test_get_timeline_returns_milestones" time="0.186" /><testcase classname="backend.tests.test_new_features.TestTimelineAPI" name="test_get_timeline_includes_custom_events" time="0.173" /><testcase classname="backend.tests.test_new_features.TestTimelineEventsAPI" name="test_create_custom_event" time="0.208" /><testcase classname="backend.tests.test_new_features.TestTimelineEventsAPI" name="test_create_and_delete_event" time="0.230" /><testcase classname="backend.tests.test_new_features.TestTimelineEventsAPI" name="test_verify_event_in_timeline" time="0.316" /><testcase classname="backend.tests.test_new_features.TestWellnessEntryAPI" name="test_create_wellness_entry" time="0.193" /><testcase classname="backend.tests.test_new_features.TestWellnessEntryAPI" name="test_create_minimal_wellness_entry" time="0.190" /><testcase classname="backend.tests.test_new_features.TestWellnessEntryAPI" name="test_get_wellness_entries" time="0.170" /><testcase classname="backend.tests.test_new_features.TestWellnessStatsAPI" name="test_get_wellness_stats" time="0.237" /><testcase classname="backend.tests.test_new_features.TestWellnessStatsAPI" name="test_stats_with_different_days" time="0.301" /><testcase classname="backend.tests.test_new_features.TestPostpartumPlanAPI" name="test_get_postpartum_plan" time="0.192" /><testcase classname="backend.tests.test_new_features.TestPostpartumPlanAPI" name="test_update_postpartum_plan" time="0.190" /><testcase classname="backend.tests.test_new_features.TestPostpartumPlanAPI" name="test_verify_postpartum_plan_saved" time="0.253"><failure message="AssertionError: Plan data should persist&#10;assert None == 'TEST_Verify This Policy'&#10; +  where None = &lt;built-in method get of dict object at 0xfb4789e98140&gt;('visitor_policy')&#10; +    where &lt;built-in method get of dict object at 0xfb4789e98140&gt; = {'feeding_preferences': None, 'mental_health_concerns': None, 'plan_id': 'postpartum_73bdc1aa6851', 'sleep_boundaries': None, ...}.get">backend/tests/test_new_features.py:333: in test_verify_postpartum_plan_saved
    assert data.get("visitor_policy") == "TEST_Verify This Policy", "Plan data should persist"
E   AssertionError: Plan data should persist
E   assert None == 'TEST_Verify This Policy'
E    +  where None = &lt;built-in method get of dict object at 0xfb4789e98140&gt;('visitor_policy')
E    +    where &lt;built-in method get of dict object at 0xfb4789e98140&gt; = {'feeding_preferences': None, 'mental_health_concerns': None, 'plan_id': 'postpartum_73bdc1aa6851', 'sleep_boundaries': None, ...}.get</failure></testcase><testcase classname="backend.tests.test_new_features.TestInAppNotificationOnShare" name="test_notification_created_on_share" time="0.160" /><testcase classname="backend.tests.test_new_features.TestMomTeamAPI" name="test_get_mom_team" time="0.241" /><testcase classname="backend.tests.test_new_features.TestMomTeamAPI" name="test_team_structure" time="0.196" /></testsuite></testsuites>