<?xml version="1.0" encoding="utf-8"?><testsuites name="pytest tests"><testsuite name="pytest" errors="0" failures="0" skipped="0" tests="27" time="9.347" timestamp="2026-03-07T19:14:13.395339+00:00" hostname="agent-env-b235dc47-b178-41a0-adf5-5f9339e96571"><testcase classname="backend.tests.test_contraction_timer_149.TestContractionTimerSetup" name="test_mom_auth" time="0.793" /><testcase classname="backend.tests.test_contraction_timer_149.TestSessionManagement" name="test_get_active_session_no_session" time="0.502" /><testcase classname="backend.tests.test_contraction_timer_149.TestSessionManagement" name="test_start_session" time="0.109" /><testcase classname="backend.tests.test_contraction_timer_149.TestSessionManagement" name="test_get_active_session_with_session" time="0.129" /><testcase classname="backend.tests.test_contraction_timer_149.TestSessionManagement" name="test_cannot_start_duplicate_session" time="0.120" /><testcase classname="backend.tests.test_contraction_timer_149.TestSessionManagement" name="test_update_session_sharing" time="0.253" /><testcase classname="backend.tests.test_contraction_timer_149.TestContractionTiming" name="test_start_contraction" time="0.509" /><testcase classname="backend.tests.test_contraction_timer_149.TestContractionTiming" name="test_cannot_start_when_one_running" time="0.134" /><testcase classname="backend.tests.test_contraction_timer_149.TestContractionTiming" name="test_stop_contraction_with_intensity" time="0.130" /><testcase classname="backend.tests.test_contraction_timer_149.TestContractionTiming" name="test_start_and_stop_mild" time="0.232" /><testcase classname="backend.tests.test_contraction_timer_149.TestContractionTiming" name="test_start_and_stop_strong" time="0.248" /><testcase classname="backend.tests.test_contraction_timer_149.TestContractionTiming" name="test_stop_without_intensity" time="0.250" /><testcase classname="backend.tests.test_contraction_timer_149.TestManualContraction" name="test_add_manual_contraction" time="0.505" /><testcase classname="backend.tests.test_contraction_timer_149.TestContractionCRUD" name="test_update_contraction" time="0.674" /><testcase classname="backend.tests.test_contraction_timer_149.TestContractionCRUD" name="test_delete_contraction" time="0.262" /><testcase classname="backend.tests.test_contraction_timer_149.TestContractionCRUD" name="test_update_nonexistent_returns_404" time="0.119" /><testcase classname="backend.tests.test_contraction_timer_149.TestContractionCRUD" name="test_delete_nonexistent_returns_404" time="0.123" /><testcase classname="backend.tests.test_contraction_timer_149.TestSummaryAndExport" name="test_get_session_summary" time="0.656" /><testcase classname="backend.tests.test_contraction_timer_149.TestSummaryAndExport" name="test_export_session_summary" time="0.274" /><testcase classname="backend.tests.test_contraction_timer_149.TestSessionHistory" name="test_get_sessions_history" time="0.488" /><testcase classname="backend.tests.test_contraction_timer_149.TestTeamSharing" name="test_doula_get_active_clients" time="0.537" /><testcase classname="backend.tests.test_contraction_timer_149.TestTeamSharing" name="test_midwife_get_active_clients" time="0.543" /><testcase classname="backend.tests.test_contraction_timer_149.TestAccessControl" name="test_doula_cannot_start_session" time="0.538" /><testcase classname="backend.tests.test_contraction_timer_149.TestAccessControl" name="test_doula_cannot_start_contraction" time="0.129" /><testcase classname="backend.tests.test_contraction_timer_149.TestAccessControl" name="test_unauthenticated_returns_401" time="0.125" /><testcase classname="backend.tests.test_contraction_timer_149.TestEndSession" name="test_end_session" time="0.626" /><testcase classname="backend.tests.test_contraction_timer_149.TestEndSession" name="test_cannot_end_already_ended" time="0.230" /></testsuite></testsuites>