<?xml version="1.0" encoding="utf-8"?><testsuites name="pytest tests"><testsuite name="pytest" errors="0" failures="0" skipped="0" tests="28" time="9.280" timestamp="2026-02-19T04:43:21.252818+00:00" hostname="agent-env-1d7d88fb-e7d6-4cc7-997d-1fb23c84868e"><testcase classname="backend.tests.test_subscription_readiness.TestSubscriptionPricing" name="test_pricing_returns_correct_structure" time="0.308" /><testcase classname="backend.tests.test_subscription_readiness.TestSubscriptionPricing" name="test_pricing_has_monthly_and_annual_plans" time="0.147" /><testcase classname="backend.tests.test_subscription_readiness.TestSubscriptionPricing" name="test_monthly_plan_pricing" time="0.130" /><testcase classname="backend.tests.test_subscription_readiness.TestSubscriptionPricing" name="test_annual_plan_pricing" time="0.116" /><testcase classname="backend.tests.test_subscription_readiness.TestSubscriptionPricing" name="test_plans_have_required_features" time="0.110" /><testcase classname="backend.tests.test_subscription_readiness.TestSubscriptionPricing" name="test_mom_features_list" time="0.156" /><testcase classname="backend.tests.test_subscription_readiness.TestSubscriptionStatusMom" name="test_mom_status_returns_free_with_access" time="0.538" /><testcase classname="backend.tests.test_subscription_readiness.TestSubscriptionStatusProUsers" name="test_doula_status_has_required_fields" time="0.458" /><testcase classname="backend.tests.test_subscription_readiness.TestSubscriptionStatusProUsers" name="test_midwife_status_has_required_fields" time="0.439" /><testcase classname="backend.tests.test_subscription_readiness.TestStartTrial" name="test_start_trial_requires_auth" time="0.100" /><testcase classname="backend.tests.test_subscription_readiness.TestStartTrial" name="test_start_trial_requires_pro_role" time="0.500" /><testcase classname="backend.tests.test_subscription_readiness.TestStartTrial" name="test_start_trial_with_subscription_provider_mock" time="0.447" /><testcase classname="backend.tests.test_subscription_readiness.TestStartTrial" name="test_start_trial_with_apple_provider" time="0.500" /><testcase classname="backend.tests.test_subscription_readiness.TestStartTrial" name="test_start_trial_invalid_plan_type" time="0.440" /><testcase classname="backend.tests.test_subscription_readiness.TestValidateReceipt" name="test_validate_receipt_requires_auth" time="0.106" /><testcase classname="backend.tests.test_subscription_readiness.TestValidateReceipt" name="test_validate_receipt_requires_pro_role" time="0.480" /><testcase classname="backend.tests.test_subscription_readiness.TestValidateReceipt" name="test_validate_receipt_apple_monthly" time="0.455" /><testcase classname="backend.tests.test_subscription_readiness.TestValidateReceipt" name="test_validate_receipt_google_annual" time="0.453" /><testcase classname="backend.tests.test_subscription_readiness.TestValidateReceipt" name="test_validate_receipt_invalid_provider" time="0.431" /><testcase classname="backend.tests.test_subscription_readiness.TestValidateReceipt" name="test_validate_receipt_invalid_apple_product_id" time="0.425" /><testcase classname="backend.tests.test_subscription_readiness.TestValidateReceipt" name="test_validate_receipt_invalid_google_product_id" time="0.438" /><testcase classname="backend.tests.test_subscription_readiness.TestValidateReceipt" name="test_validate_receipt_mismatched_provider_product" time="0.443" /><testcase classname="backend.tests.test_subscription_readiness.TestCancelSubscription" name="test_cancel_requires_auth" time="0.158" /><testcase classname="backend.tests.test_subscription_readiness.TestCancelSubscription" name="test_cancel_requires_pro_role" time="0.481" /><testcase classname="backend.tests.test_subscription_readiness.TestCancelSubscription" name="test_cancel_returns_provider_specific_info" time="0.488" /><testcase classname="backend.tests.test_subscription_readiness.TestSubscriptionStatusAfterActions" name="test_status_reflects_subscription_provider" time="0.438" /><testcase classname="backend.tests.test_subscription_readiness.TestProductIDs" name="test_apple_product_ids_format" time="0.000" /><testcase classname="backend.tests.test_subscription_readiness.TestProductIDs" name="test_google_product_ids_format" time="0.000" /></testsuite></testsuites>