<?xml version="1.0" encoding="utf-8"?><testsuites name="pytest tests"><testsuite name="pytest" errors="0" failures="0" skipped="0" tests="22" time="3.909" timestamp="2026-02-16T00:23:54.038211+00:00" hostname="agent-env-cd56eb63-4cee-41e4-8300-97af2fbc2ede"><testcase classname="test_birth_plan_v3.TestAuthVerification" name="test_auth_me_returns_user_data" time="0.316" /><testcase classname="test_birth_plan_v3.TestBirthPlanGet" name="test_birth_plan_returns_9_sections" time="0.177" /><testcase classname="test_birth_plan_v3.TestBirthPlanGet" name="test_birth_plan_has_correct_section_ids_and_titles" time="0.152" /><testcase classname="test_birth_plan_v3.TestBirthPlanGet" name="test_birth_plan_section_structure" time="0.191" /><testcase classname="test_birth_plan_v3.TestBirthPlanGet" name="test_birth_plan_has_completion_percentage" time="0.179" /><testcase classname="test_birth_plan_v3.TestBirthPlanSectionUpdate" name="test_update_about_me_section" time="0.117" /><testcase classname="test_birth_plan_v3.TestBirthPlanSectionUpdate" name="test_update_labor_delivery_section" time="0.167" /><testcase classname="test_birth_plan_v3.TestBirthPlanSectionUpdate" name="test_update_pain_management_section" time="0.141" /><testcase classname="test_birth_plan_v3.TestBirthPlanSectionUpdate" name="test_update_monitoring_iv_section" time="0.157" /><testcase classname="test_birth_plan_v3.TestBirthPlanSectionUpdate" name="test_update_induction_interventions_section" time="0.153" /><testcase classname="test_birth_plan_v3.TestBirthPlanSectionUpdate" name="test_update_pushing_safe_word_section" time="0.128" /><testcase classname="test_birth_plan_v3.TestBirthPlanSectionUpdate" name="test_update_post_delivery_section" time="0.145" /><testcase classname="test_birth_plan_v3.TestBirthPlanSectionUpdate" name="test_update_newborn_care_section" time="0.195" /><testcase classname="test_birth_plan_v3.TestBirthPlanSectionUpdate" name="test_update_other_considerations_section" time="0.356" /><testcase classname="test_birth_plan_v3.TestBirthPlanSectionUpdate" name="test_invalid_section_returns_404" time="0.125" /><testcase classname="test_birth_plan_v3.TestBirthPlanPersistence" name="test_verify_all_sections_persisted" time="0.119" /><testcase classname="test_birth_plan_v3.TestBirthPlanPersistence" name="test_completion_percentage_increases_with_sections" time="0.160" /><testcase classname="test_birth_plan_v3.TestBirthPlanExport" name="test_export_returns_plan_data" time="0.167" /><testcase classname="test_birth_plan_v3.TestBirthPlanExport" name="test_export_plan_has_9_sections" time="0.134" /><testcase classname="test_birth_plan_v3.TestUnauthorizedAccess" name="test_birth_plan_requires_auth" time="0.133" /><testcase classname="test_birth_plan_v3.TestUnauthorizedAccess" name="test_section_update_requires_auth" time="0.241" /><testcase classname="test_birth_plan_v3.TestUnauthorizedAccess" name="test_export_requires_auth" time="0.136" /></testsuite></testsuites>