<?xml version="1.0" encoding="utf-8"?><testsuites name="pytest tests"><testsuite name="pytest" errors="0" failures="0" skipped="0" tests="11" time="4.068" timestamp="2026-02-19T21:23:52.372406+00:00" hostname="agent-env-b57d7268-c5a5-448a-92c0-34e356ca515a"><testcase classname="backend.tests.test_client_centric_messaging.TestMessageModelClientId" name="test_send_message_populates_client_id" time="0.847" /><testcase classname="backend.tests.test_client_centric_messaging.TestMessageModelClientId" name="test_mom_sends_message_populates_client_id" time="0.103" /><testcase classname="backend.tests.test_client_centric_messaging.TestProviderCanMessageLinkedClients" name="test_check_provider_can_message_via_clients_collection" time="0.498" /><testcase classname="backend.tests.test_client_centric_messaging.TestClientMessagesEndpoint" name="test_get_client_messages_returns_messages" time="0.454" /><testcase classname="backend.tests.test_client_centric_messaging.TestClientMessagesEndpoint" name="test_get_client_messages_not_found_for_invalid_client" time="0.057" /><testcase classname="backend.tests.test_client_centric_messaging.TestClientMessagesEndpoint" name="test_client_messages_unauthorized_access" time="0.176" /><testcase classname="backend.tests.test_client_centric_messaging.TestExistingEndpointsStillWork" name="test_provider_appointments_endpoint_works" time="0.413" /><testcase classname="backend.tests.test_client_centric_messaging.TestExistingEndpointsStillWork" name="test_provider_notes_endpoint_works" time="0.059" /><testcase classname="backend.tests.test_client_centric_messaging.TestExistingEndpointsStillWork" name="test_provider_clients_endpoint_works" time="0.089" /><testcase classname="backend.tests.test_client_centric_messaging.TestDeleteNotesEndpoint" name="test_create_and_delete_note" time="0.882" /><testcase classname="backend.tests.test_client_centric_messaging.TestClientIdInDemoScenario" name="test_demo_client_messages_endpoint" time="0.417" /></testsuite></testsuites>