<?xml version="1.0" encoding="utf-8"?><testsuites name="pytest tests"><testsuite name="pytest" errors="0" failures="0" skipped="0" tests="16" time="4.698" timestamp="2026-02-17T22:24:13.210970+00:00" hostname="agent-env-f4f9bbd7-890b-4596-8c2a-009f56babe14"><testcase classname="backend.tests.test_contract_templates.TestContractTemplatesDoula" name="test_01_get_templates_empty" time="0.608" /><testcase classname="backend.tests.test_contract_templates.TestContractTemplatesDoula" name="test_02_create_template" time="0.150" /><testcase classname="backend.tests.test_contract_templates.TestContractTemplatesDoula" name="test_03_get_template_by_id" time="0.127" /><testcase classname="backend.tests.test_contract_templates.TestContractTemplatesDoula" name="test_04_update_template" time="0.367" /><testcase classname="backend.tests.test_contract_templates.TestContractTemplatesDoula" name="test_05_set_default_template" time="0.303" /><testcase classname="backend.tests.test_contract_templates.TestContractTemplatesDoula" name="test_06_delete_template" time="0.296" /><testcase classname="backend.tests.test_contract_templates.TestContractTemplatesDoula" name="test_07_create_template_wrong_type" time="0.366" /><testcase classname="backend.tests.test_contract_templates.TestContractTemplatesMidwife" name="test_01_get_templates_empty" time="0.452" /><testcase classname="backend.tests.test_contract_templates.TestContractTemplatesMidwife" name="test_02_create_midwife_template" time="0.111" /><testcase classname="backend.tests.test_contract_templates.TestContractTemplatesMidwife" name="test_03_get_template_by_id" time="0.147" /><testcase classname="backend.tests.test_contract_templates.TestContractTemplatesMidwife" name="test_04_update_midwife_template" time="0.457" /><testcase classname="backend.tests.test_contract_templates.TestContractTemplatesMidwife" name="test_05_delete_midwife_template" time="0.274" /><testcase classname="backend.tests.test_contract_templates.TestContractTemplatesMidwife" name="test_06_midwife_wrong_type" time="0.126" /><testcase classname="backend.tests.test_contract_templates.TestContractTemplatesAuth" name="test_01_get_templates_no_auth" time="0.187" /><testcase classname="backend.tests.test_contract_templates.TestContractTemplatesAuth" name="test_02_create_template_no_auth" time="0.135" /><testcase classname="backend.tests.test_contract_templates.TestContractTemplatesAuth" name="test_03_mom_cannot_access_templates" time="0.525" /></testsuite></testsuites>