<?xml version="1.0" encoding="utf-8"?><testsuites name="pytest tests"><testsuite name="pytest" errors="0" failures="1" skipped="0" tests="28" time="12.758" timestamp="2026-02-19T23:01:48.274989+00:00" hostname="agent-env-407be43c-5327-457e-9a99-dcc67cc72091"><testcase classname="backend.tests.test_auth_routes_phase4.TestAuthLogin" name="test_login_with_valid_doula_credentials" time="0.597" /><testcase classname="backend.tests.test_auth_routes_phase4.TestAuthLogin" name="test_login_with_valid_mom_credentials" time="0.409" /><testcase classname="backend.tests.test_auth_routes_phase4.TestAuthLogin" name="test_login_with_invalid_password" time="0.363" /><testcase classname="backend.tests.test_auth_routes_phase4.TestAuthLogin" name="test_login_with_nonexistent_email" time="0.133" /><testcase classname="backend.tests.test_auth_routes_phase4.TestAuthLogin" name="test_login_with_missing_password" time="0.105" /><testcase classname="backend.tests.test_auth_routes_phase4.TestAuthLogin" name="test_login_with_invalid_email_format" time="0.117" /><testcase classname="backend.tests.test_auth_routes_phase4.TestAuthMe" name="test_get_me_with_valid_session" time="0.475" /><testcase classname="backend.tests.test_auth_routes_phase4.TestAuthMe" name="test_get_me_without_auth" time="0.487" /><testcase classname="backend.tests.test_auth_routes_phase4.TestAuthMe" name="test_get_me_with_invalid_token" time="0.559" /><testcase classname="backend.tests.test_auth_routes_phase4.TestAuthMe" name="test_get_me_mom_returns_mom_profile" time="0.937" /><testcase classname="backend.tests.test_auth_routes_phase4.TestAuthLogout" name="test_logout_clears_session" time="0.740" /><testcase classname="backend.tests.test_auth_routes_phase4.TestAuthLogout" name="test_logout_without_session" time="0.135" /><testcase classname="backend.tests.test_auth_routes_phase4.TestAuthSetRole" name="test_set_role_updates_role" time="1.139" /><testcase classname="backend.tests.test_auth_routes_phase4.TestAuthSetRole" name="test_set_role_invalid_role_returns_400" time="0.493" /><testcase classname="backend.tests.test_auth_routes_phase4.TestAuthSetRole" name="test_set_role_without_auth_returns_401" time="0.483" /><testcase classname="backend.tests.test_auth_routes_phase4.TestAuthUpdateProfile" name="test_update_profile_full_name" time="0.825" /><testcase classname="backend.tests.test_auth_routes_phase4.TestAuthUpdateProfile" name="test_update_profile_picture" time="0.744" /><testcase classname="backend.tests.test_auth_routes_phase4.TestAuthUpdateProfile" name="test_update_profile_no_fields_returns_400" time="0.516" /><testcase classname="backend.tests.test_auth_routes_phase4.TestAuthUpdateProfile" name="test_update_profile_without_auth_returns_401" time="0.516" /><testcase classname="backend.tests.test_auth_routes_phase4.TestAuthGoogleSession" name="test_google_session_endpoint_reachable" time="0.153" /><testcase classname="backend.tests.test_auth_routes_phase4.TestAuthGoogleSession" name="test_google_session_invalid_session_id" time="0.292" /><testcase classname="backend.tests.test_auth_routes_phase4.TestAuthRegister" name="test_register_duplicate_email_returns_400" time="0.165" /><testcase classname="backend.tests.test_auth_routes_phase4.TestAuthRegister" name="test_register_without_password_returns_400" time="0.141" /><testcase classname="backend.tests.test_auth_routes_phase4.TestAuthRegister" name="test_register_missing_full_name_returns_422" time="0.108" /><testcase classname="backend.tests.test_auth_routes_phase4.TestCoreProviderNavigation" name="test_provider_clients_endpoint_works" time="0.510" /><testcase classname="backend.tests.test_auth_routes_phase4.TestCoreProviderNavigation" name="test_notifications_endpoint_works" time="0.481" /><testcase classname="backend.tests.test_auth_routes_phase4.TestCoreProviderNavigation" name="test_messages_conversations_endpoint_works" time="0.471"><failure message="AssertionError: assert False&#10; +  where False = isinstance({'conversations': [{'is_sender': True, 'last_message_content': 'Test message from Phase 3 testing 22:56:38', 'last_message_time': '2026-02-19T22:56:38.293000', 'other_user_id': 'demo_mom_84e7b882', ...}, {'is_sender': True, 'last_message_content': 'TEST_LINKED_CLIENT_MSG_7f2eac26', 'last_message_time': '2026-02-19T21:23:53.864000', 'other_user_id': 'demo_mom_fc6854cc', ...}]}, list)">backend/tests/test_auth_routes_phase4.py:500: in test_messages_conversations_endpoint_works
    assert isinstance(data, list)
E   AssertionError: assert False
E    +  where False = isinstance({'conversations': [{'is_sender': True, 'last_message_content': 'Test message from Phase 3 testing 22:56:38', 'last_message_time': '2026-02-19T22:56:38.293000', 'other_user_id': 'demo_mom_84e7b882', ...}, {'is_sender': True, 'last_message_content': 'TEST_LINKED_CLIENT_MSG_7f2eac26', 'last_message_time': '2026-02-19T21:23:53.864000', 'other_user_id': 'demo_mom_fc6854cc', ...}]}, list)</failure></testcase><testcase classname="backend.tests.test_auth_routes_phase4.TestCoreProviderNavigation" name="test_health_check" time="0.553" /></testsuite></testsuites>