<?xml version="1.0" encoding="utf-8"?><testsuites name="pytest tests"><testsuite name="pytest" errors="0" failures="13" skipped="0" tests="16" time="5.565" timestamp="2026-02-19T21:05:13.393809+00:00" hostname="agent-env-b57d7268-c5a5-448a-92c0-34e356ca515a"><testcase classname="backend.tests.test_shared_provider_components.TestProviderClientsEndpoint" name="test_doula_get_clients" time="0.512"><failure message="AssertionError: Failed to get Doula auth token&#10;assert None">backend/tests/test_shared_provider_components.py:55: in test_doula_get_clients
    assert token, "Failed to get Doula auth token"
E   AssertionError: Failed to get Doula auth token
E   assert None</failure></testcase><testcase classname="backend.tests.test_shared_provider_components.TestProviderClientsEndpoint" name="test_midwife_get_clients" time="0.341"><failure message="AssertionError: Failed to get Midwife auth token&#10;assert None">backend/tests/test_shared_provider_components.py:77: in test_midwife_get_clients
    assert token, "Failed to get Midwife auth token"
E   AssertionError: Failed to get Midwife auth token
E   assert None</failure></testcase><testcase classname="backend.tests.test_shared_provider_components.TestProviderClientsEndpoint" name="test_provider_clients_include_inactive" time="0.491"><failure message="AssertionError: Failed to get token&#10;assert None">backend/tests/test_shared_provider_components.py:92: in test_provider_clients_include_inactive
    assert token, "Failed to get token"
E   AssertionError: Failed to get token
E   assert None</failure></testcase><testcase classname="backend.tests.test_shared_provider_components.TestProviderClientsEndpoint" name="test_unauthorized_access_returns_401" time="0.126" /><testcase classname="backend.tests.test_shared_provider_components.TestProviderAppointmentsEndpoint" name="test_doula_get_appointments" time="0.338"><failure message="AssertionError: Failed to get Doula auth token&#10;assert None">backend/tests/test_shared_provider_components.py:128: in test_doula_get_appointments
    assert token, "Failed to get Doula auth token"
E   AssertionError: Failed to get Doula auth token
E   assert None</failure></testcase><testcase classname="backend.tests.test_shared_provider_components.TestProviderAppointmentsEndpoint" name="test_midwife_get_appointments" time="0.354"><failure message="AssertionError: Failed to get Midwife auth token&#10;assert None">backend/tests/test_shared_provider_components.py:151: in test_midwife_get_appointments
    assert token, "Failed to get Midwife auth token"
E   AssertionError: Failed to get Midwife auth token
E   assert None</failure></testcase><testcase classname="backend.tests.test_shared_provider_components.TestProviderAppointmentsEndpoint" name="test_appointments_filter_by_status" time="0.397"><failure message="AssertionError: Failed to get token&#10;assert None">backend/tests/test_shared_provider_components.py:166: in test_appointments_filter_by_status
    assert token, "Failed to get token"
E   AssertionError: Failed to get token
E   assert None</failure></testcase><testcase classname="backend.tests.test_shared_provider_components.TestProviderAppointmentsEndpoint" name="test_unauthorized_appointments_returns_401" time="0.153" /><testcase classname="backend.tests.test_shared_provider_components.TestProviderNotesEndpoint" name="test_doula_get_notes" time="0.380"><failure message="AssertionError: Failed to get Doula auth token&#10;assert None">backend/tests/test_shared_provider_components.py:194: in test_doula_get_notes
    assert token, "Failed to get Doula auth token"
E   AssertionError: Failed to get Doula auth token
E   assert None</failure></testcase><testcase classname="backend.tests.test_shared_provider_components.TestProviderNotesEndpoint" name="test_midwife_get_notes" time="0.393"><failure message="AssertionError: Failed to get Midwife auth token&#10;assert None">backend/tests/test_shared_provider_components.py:218: in test_midwife_get_notes
    assert token, "Failed to get Midwife auth token"
E   AssertionError: Failed to get Midwife auth token
E   assert None</failure></testcase><testcase classname="backend.tests.test_shared_provider_components.TestProviderNotesEndpoint" name="test_notes_filter_by_client" time="0.401"><failure message="AssertionError: Failed to get token&#10;assert None">backend/tests/test_shared_provider_components.py:233: in test_notes_filter_by_client
    assert token, "Failed to get token"
E   AssertionError: Failed to get token
E   assert None</failure></testcase><testcase classname="backend.tests.test_shared_provider_components.TestProviderNotesEndpoint" name="test_unauthorized_notes_returns_401" time="0.134" /><testcase classname="backend.tests.test_shared_provider_components.TestMidwifeSpecificFeatures" name="test_appointments_contain_type_for_filtering" time="0.351"><failure message="AssertionError: Failed to get Midwife auth token&#10;assert None">backend/tests/test_shared_provider_components.py:272: in test_appointments_contain_type_for_filtering
    assert token, "Failed to get Midwife auth token"
E   AssertionError: Failed to get Midwife auth token
E   assert None</failure></testcase><testcase classname="backend.tests.test_shared_provider_components.TestMidwifeSpecificFeatures" name="test_midwife_visits_endpoint" time="0.334"><failure message="AssertionError: Failed to get Midwife auth token&#10;assert None">backend/tests/test_shared_provider_components.py:291: in test_midwife_visits_endpoint
    assert token, "Failed to get Midwife auth token"
E   AssertionError: Failed to get Midwife auth token
E   assert None</failure></testcase><testcase classname="backend.tests.test_shared_provider_components.TestCRUDOperations" name="test_create_and_delete_note" time="0.348"><failure message="AssertionError: Failed to get token&#10;assert None">backend/tests/test_shared_provider_components.py:310: in test_create_and_delete_note
    assert token, "Failed to get token"
E   AssertionError: Failed to get token
E   assert None</failure></testcase><testcase classname="backend.tests.test_shared_provider_components.TestCRUDOperations" name="test_create_and_delete_appointment" time="0.362"><failure message="AssertionError: Failed to get token&#10;assert None">backend/tests/test_shared_provider_components.py:363: in test_create_and_delete_appointment
    assert token, "Failed to get token"
E   AssertionError: Failed to get token
E   assert None</failure></testcase></testsuite></testsuites>