<?xml version="1.0" encoding="utf-8"?><testsuites name="pytest tests"><testsuite name="pytest" errors="0" failures="0" skipped="0" tests="9" time="9.338" timestamp="2026-02-18T23:52:02.731071+00:00" hostname="agent-env-1c426539-b02d-4d62-9723-d08fc7c4a252"><testcase classname="tests.test_marketplace_contact_add.TestMarketplaceContactAndAdd" name="test_get_marketplace_providers" time="1.115" /><testcase classname="tests.test_marketplace_contact_add.TestMarketplaceContactAndAdd" name="test_contact_provider_send_message" time="1.105" /><testcase classname="tests.test_marketplace_contact_add.TestMarketplaceContactAndAdd" name="test_get_conversations" time="0.886" /><testcase classname="tests.test_marketplace_contact_add.TestMarketplaceContactAndAdd" name="test_add_to_team_share_birth_plan" time="1.331" /><testcase classname="tests.test_marketplace_contact_add.TestMarketplaceContactAndAdd" name="test_get_share_requests_status" time="0.932" /><testcase classname="tests.test_marketplace_contact_add.TestMarketplaceContactAndAdd" name="test_duplicate_share_request_blocked" time="1.033" /><testcase classname="tests.test_marketplace_contact_add.TestMarketplaceContactAndAdd" name="test_provider_accept_share_request" time="1.353" /><testcase classname="tests.test_marketplace_contact_add.TestMarketplaceContactAndAdd" name="test_full_flow_add_then_contact" time="1.018" /><testcase classname="tests.test_marketplace_contact_add.TestMarketplaceProviders" name="test_marketplace_returns_providers_with_user_data" time="0.503" /></testsuite></testsuites>