<?xml version="1.0" encoding="utf-8"?><testsuites name="pytest tests"><testsuite name="pytest" errors="0" failures="0" skipped="0" tests="17" time="2.565" timestamp="2026-02-17T20:06:48.818204+00:00" hostname="agent-env-df1d29f2-5652-4bb8-a8a9-753024b6bebd"><testcase classname="backend.tests.test_duplicate_contracts.TestMidwifeDuplicateContract" name="test_01_midwife_login" time="0.436" /><testcase classname="backend.tests.test_duplicate_contracts.TestMidwifeDuplicateContract" name="test_02_get_midwife_clients" time="0.210" /><testcase classname="backend.tests.test_duplicate_contracts.TestMidwifeDuplicateContract" name="test_03_get_midwife_contracts" time="0.120" /><testcase classname="backend.tests.test_duplicate_contracts.TestMidwifeDuplicateContract" name="test_04_create_contract_if_needed" time="0.000" /><testcase classname="backend.tests.test_duplicate_contracts.TestMidwifeDuplicateContract" name="test_05_duplicate_midwife_contract" time="0.133" /><testcase classname="backend.tests.test_duplicate_contracts.TestMidwifeDuplicateContract" name="test_06_verify_duplicated_contract_in_list" time="0.158" /><testcase classname="backend.tests.test_duplicate_contracts.TestMidwifeDuplicateContract" name="test_07_duplicate_nonexistent_contract_fails" time="0.136" /><testcase classname="backend.tests.test_duplicate_contracts.TestMidwifeDuplicateContract" name="test_08_cleanup_duplicated_contract" time="0.124" /><testcase classname="backend.tests.test_duplicate_contracts.TestDoulaDuplicateContract" name="test_01_doula_login" time="0.354" /><testcase classname="backend.tests.test_duplicate_contracts.TestDoulaDuplicateContract" name="test_02_get_doula_clients" time="0.150" /><testcase classname="backend.tests.test_duplicate_contracts.TestDoulaDuplicateContract" name="test_03_get_doula_contracts" time="0.156" /><testcase classname="backend.tests.test_duplicate_contracts.TestDoulaDuplicateContract" name="test_04_create_doula_client_if_needed" time="0.000" /><testcase classname="backend.tests.test_duplicate_contracts.TestDoulaDuplicateContract" name="test_05_create_doula_contract_if_needed" time="0.000" /><testcase classname="backend.tests.test_duplicate_contracts.TestDoulaDuplicateContract" name="test_06_duplicate_doula_contract" time="0.120" /><testcase classname="backend.tests.test_duplicate_contracts.TestDoulaDuplicateContract" name="test_07_verify_duplicated_doula_contract_in_list" time="0.133" /><testcase classname="backend.tests.test_duplicate_contracts.TestDoulaDuplicateContract" name="test_08_doula_delete_contract_endpoint" time="0.131" /><testcase classname="backend.tests.test_duplicate_contracts.TestDoulaDuplicateContract" name="test_09_duplicate_nonexistent_doula_contract_fails" time="0.136" /></testsuite></testsuites>