<?xml version="1.0" encoding="utf-8"?><testsuites name="pytest tests"><testsuite name="pytest" errors="0" failures="3" skipped="2" tests="12" time="1.907" timestamp="2026-02-19T20:30:23.087687+00:00" hostname="agent-env-127056b5-6e52-4c68-9d4d-09a21f5a26a3"><testcase classname="tests.test_iteration90_features.TestProviderClientsEndpoint" name="test_provider_clients_returns_is_active_field" time="0.642" /><testcase classname="tests.test_iteration90_features.TestProviderClientsEndpoint" name="test_provider_clients_default_filters_active" time="0.069" /><testcase classname="tests.test_iteration90_features.TestProviderClientsEndpoint" name="test_provider_clients_include_inactive_true" time="0.063" /><testcase classname="tests.test_iteration90_features.TestProviderClientsEndpoint" name="test_provider_clients_unauthorized" time="0.086"><failure message="assert 200 == 401&#10; +  where 200 = &lt;Response [200]&gt;.status_code">tests/test_iteration90_features.py:110: in test_provider_clients_unauthorized
    assert response.status_code == 401
E   assert 200 == 401
E    +  where 200 = &lt;Response [200]&gt;.status_code</failure></testcase><testcase classname="tests.test_iteration90_features.TestMomTeamProviders" name="test_mom_team_providers_returns_list" time="0.376" /><testcase classname="tests.test_iteration90_features.TestMomTeamProviders" name="test_mom_team_providers_unauthorized" time="0.094"><failure message="assert 200 == 401&#10; +  where 200 = &lt;Response [200]&gt;.status_code">tests/test_iteration90_features.py:140: in test_mom_team_providers_unauthorized
    assert response.status_code == 401
E   assert 200 == 401
E    +  where 200 = &lt;Response [200]&gt;.status_code</failure></testcase><testcase classname="tests.test_iteration90_features.TestMomAppointmentCreation" name="test_mom_create_appointment_requires_provider" time="0.094" /><testcase classname="tests.test_iteration90_features.TestMomAppointmentCreation" name="test_mom_create_appointment_requires_team_connection" time="0.079" /><testcase classname="tests.test_iteration90_features.TestMomAppointmentCreation" name="test_mom_create_appointment_with_team_provider" time="0.115"><skipped type="pytest.skip" message="Mom has no providers in team - cannot test appointment creation">/app/backend/tests/test_iteration90_features.py:187: Mom has no providers in team - cannot test appointment creation</skipped></testcase><testcase classname="tests.test_iteration90_features.TestMomAppointmentCreation" name="test_mom_create_appointment_unauthorized" time="0.072"><failure message="assert 403 == 401&#10; +  where 403 = &lt;Response [403]&gt;.status_code">tests/test_iteration90_features.py:225: in test_mom_create_appointment_unauthorized
    assert response.status_code == 401
E   assert 403 == 401
E    +  where 403 = &lt;Response [403]&gt;.status_code</failure></testcase><testcase classname="tests.test_iteration90_features.TestMomAppointmentsListEndpoint" name="test_mom_can_get_appointments" time="0.067" /><testcase classname="tests.test_iteration90_features.TestProviderReceivesAppointmentRequest" name="test_provider_sees_mom_appointment_request" time="0.060"><skipped type="pytest.skip" message="No providers in team">/app/backend/tests/test_iteration90_features.py:263: No providers in team</skipped></testcase></testsuite></testsuites>