<?xml version="1.0" encoding="utf-8"?><testsuites name="pytest tests"><testsuite name="pytest" errors="0" failures="0" skipped="0" tests="8" time="6.196" timestamp="2026-03-03T03:41:03.039577+00:00" hostname="agent-env-61c397c4-4496-44cb-9449-b6f5040c68b3"><testcase classname="backend.tests.test_bug_fixes.TestBugFix1_BirthPlanAccess" name="test_get_clients_list" time="0.777" /><testcase classname="backend.tests.test_bug_fixes.TestBugFix1_BirthPlanAccess" name="test_birth_plan_access_for_linked_client" time="0.944" /><testcase classname="backend.tests.test_bug_fixes.TestBugFix1_BirthPlanAccess" name="test_birth_plan_access_denied_for_non_linked_user" time="0.573" /><testcase classname="backend.tests.test_bug_fixes.TestContractsAPI" name="test_get_contracts_list" time="0.625" /><testcase classname="backend.tests.test_bug_fixes.TestContractsAPI" name="test_send_contract_api" time="0.983" /><testcase classname="backend.tests.test_bug_fixes.TestInvoicesAPI" name="test_get_invoices_list" time="0.572" /><testcase classname="backend.tests.test_bug_fixes.TestAppointmentsAPI" name="test_get_appointments_list" time="0.717" /><testcase classname="backend.tests.test_bug_fixes.TestAppointmentsAPI" name="test_create_appointment" time="0.942" /></testsuite></testsuites>