<?xml version="1.0" encoding="utf-8"?><testsuites name="pytest tests"><testsuite name="pytest" errors="0" failures="0" skipped="0" tests="40" time="24.216" timestamp="2026-02-19T23:40:44.984461+00:00" hostname="agent-env-da27e621-3687-4fff-aff9-4c220afa0162"><testcase classname="tests.test_doula_midwife_clients_notes_phase8.TestSetup" name="test_base_url_configured" time="0.000" /><testcase classname="tests.test_doula_midwife_clients_notes_phase8.TestSetup" name="test_health_check" time="0.146" /><testcase classname="tests.test_doula_midwife_clients_notes_phase8.TestAuthLogin" name="test_doula_login_success" time="0.345" /><testcase classname="tests.test_doula_midwife_clients_notes_phase8.TestAuthLogin" name="test_midwife_login_success" time="0.396" /><testcase classname="tests.test_doula_midwife_clients_notes_phase8.TestDoulaClients" name="test_get_doula_clients_list" time="0.495" /><testcase classname="tests.test_doula_midwife_clients_notes_phase8.TestDoulaClients" name="test_get_doula_clients_requires_auth" time="0.641" /><testcase classname="tests.test_doula_midwife_clients_notes_phase8.TestDoulaClients" name="test_create_doula_client" time="0.519" /><testcase classname="tests.test_doula_midwife_clients_notes_phase8.TestDoulaClients" name="test_get_doula_client_by_id" time="0.609" /><testcase classname="tests.test_doula_midwife_clients_notes_phase8.TestDoulaClients" name="test_get_doula_client_not_found" time="0.476" /><testcase classname="tests.test_doula_midwife_clients_notes_phase8.TestDoulaClients" name="test_update_doula_client" time="0.770" /><testcase classname="tests.test_doula_midwife_clients_notes_phase8.TestDoulaClients" name="test_update_doula_client_not_found" time="0.442" /><testcase classname="tests.test_doula_midwife_clients_notes_phase8.TestDoulaNotes" name="test_get_doula_notes_list" time="0.622" /><testcase classname="tests.test_doula_midwife_clients_notes_phase8.TestDoulaNotes" name="test_get_doula_notes_by_client" time="0.618" /><testcase classname="tests.test_doula_midwife_clients_notes_phase8.TestDoulaNotes" name="test_get_doula_notes_requires_auth" time="0.592" /><testcase classname="tests.test_doula_midwife_clients_notes_phase8.TestDoulaNotes" name="test_create_doula_note" time="0.591" /><testcase classname="tests.test_doula_midwife_clients_notes_phase8.TestDoulaNotes" name="test_create_doula_note_invalid_client" time="0.626" /><testcase classname="tests.test_doula_midwife_clients_notes_phase8.TestDoulaNotes" name="test_update_doula_note" time="0.733" /><testcase classname="tests.test_doula_midwife_clients_notes_phase8.TestDoulaNotes" name="test_update_doula_note_not_found" time="0.683" /><testcase classname="tests.test_doula_midwife_clients_notes_phase8.TestDoulaNotes" name="test_delete_doula_note" time="0.882" /><testcase classname="tests.test_doula_midwife_clients_notes_phase8.TestDoulaNotes" name="test_delete_doula_note_not_found" time="0.618" /><testcase classname="tests.test_doula_midwife_clients_notes_phase8.TestMidwifeClients" name="test_get_midwife_clients_list" time="0.491" /><testcase classname="tests.test_doula_midwife_clients_notes_phase8.TestMidwifeClients" name="test_get_midwife_clients_requires_auth" time="0.475" /><testcase classname="tests.test_doula_midwife_clients_notes_phase8.TestMidwifeClients" name="test_create_midwife_client" time="0.452" /><testcase classname="tests.test_doula_midwife_clients_notes_phase8.TestMidwifeClients" name="test_get_midwife_client_by_id" time="0.591" /><testcase classname="tests.test_doula_midwife_clients_notes_phase8.TestMidwifeClients" name="test_get_midwife_client_not_found" time="0.464" /><testcase classname="tests.test_doula_midwife_clients_notes_phase8.TestMidwifeClients" name="test_update_midwife_client" time="0.697" /><testcase classname="tests.test_doula_midwife_clients_notes_phase8.TestMidwifeClients" name="test_update_midwife_client_not_found" time="0.477" /><testcase classname="tests.test_doula_midwife_clients_notes_phase8.TestMidwifeNotes" name="test_get_midwife_notes_list" time="0.586" /><testcase classname="tests.test_doula_midwife_clients_notes_phase8.TestMidwifeNotes" name="test_get_midwife_notes_by_client" time="0.650" /><testcase classname="tests.test_doula_midwife_clients_notes_phase8.TestMidwifeNotes" name="test_get_midwife_notes_requires_auth" time="0.716" /><testcase classname="tests.test_doula_midwife_clients_notes_phase8.TestMidwifeNotes" name="test_create_midwife_note" time="0.699" /><testcase classname="tests.test_doula_midwife_clients_notes_phase8.TestMidwifeNotes" name="test_create_midwife_note_invalid_client" time="0.668" /><testcase classname="tests.test_doula_midwife_clients_notes_phase8.TestMidwifeNotes" name="test_update_midwife_note" time="0.742" /><testcase classname="tests.test_doula_midwife_clients_notes_phase8.TestMidwifeNotes" name="test_update_midwife_note_not_found" time="0.633" /><testcase classname="tests.test_doula_midwife_clients_notes_phase8.TestMidwifeNotes" name="test_delete_midwife_note" time="0.990" /><testcase classname="tests.test_doula_midwife_clients_notes_phase8.TestMidwifeNotes" name="test_delete_midwife_note_not_found" time="0.644" /><testcase classname="tests.test_doula_midwife_clients_notes_phase8.TestRoleBasedAccess" name="test_doula_cannot_access_midwife_clients" time="0.809" /><testcase classname="tests.test_doula_midwife_clients_notes_phase8.TestRoleBasedAccess" name="test_doula_cannot_access_midwife_notes" time="0.880" /><testcase classname="tests.test_doula_midwife_clients_notes_phase8.TestRoleBasedAccess" name="test_midwife_cannot_access_doula_clients" time="0.835" /><testcase classname="tests.test_doula_midwife_clients_notes_phase8.TestRoleBasedAccess" name="test_midwife_cannot_access_doula_notes" time="0.843" /></testsuite></testsuites>