<?xml version="1.0" encoding="utf-8"?><testsuites name="pytest tests"><testsuite name="pytest" errors="0" failures="0" skipped="1" tests="12" time="5.475" timestamp="2026-02-20T18:45:03.983294+00:00" hostname="agent-env-ced05eaa-a4ea-4b2a-8bd2-13209f383f01"><testcase classname="tests.test_appointment_accept_invoice_edit.TestAppointmentRespond" name="test_respond_endpoint_exists" time="0.701" /><testcase classname="tests.test_appointment_accept_invoice_edit.TestAppointmentRespond" name="test_respond_requires_valid_response" time="0.413" /><testcase classname="tests.test_appointment_accept_invoice_edit.TestAppointmentRespond" name="test_respond_accepts_appointment" time="1.192" /><testcase classname="tests.test_appointment_accept_invoice_edit.TestAppointmentRespond" name="test_respond_declines_appointment" time="0.734" /><testcase classname="tests.test_appointment_accept_invoice_edit.TestInvoiceStatusUpdate" name="test_get_invoices" time="0.129" /><testcase classname="tests.test_appointment_accept_invoice_edit.TestInvoiceStatusUpdate" name="test_update_invoice_status_to_paid" time="0.190"><skipped type="pytest.skip" message="No Sent invoices to test">/app/backend/tests/test_appointment_accept_invoice_edit.py:212: No Sent invoices to test</skipped></testcase><testcase classname="tests.test_appointment_accept_invoice_edit.TestInvoiceStatusUpdate" name="test_update_invoice_status_to_sent" time="0.305" /><testcase classname="tests.test_appointment_accept_invoice_edit.TestInvoiceSendReminder" name="test_send_reminder_on_sent_invoice" time="0.587" /><testcase classname="tests.test_appointment_accept_invoice_edit.TestInvoiceSendReminder" name="test_send_reminder_fails_on_paid_invoice" time="0.373" /><testcase classname="tests.test_appointment_accept_invoice_edit.TestInvoiceMarkPaid" name="test_mark_paid_endpoint" time="0.300" /><testcase classname="tests.test_appointment_accept_invoice_edit.TestInvoiceCRUD" name="test_create_invoice" time="0.317" /><testcase classname="tests.test_appointment_accept_invoice_edit.TestProviderAppointmentsList" name="test_provider_sees_pending_appointments" time="0.164" /></testsuite></testsuites>