<?xml version="1.0" encoding="utf-8"?><testsuites name="pytest tests"><testsuite name="pytest" errors="0" failures="5" skipped="0" tests="15" time="2.157" timestamp="2026-02-19T21:49:34.162586+00:00" hostname="agent-env-b57d7268-c5a5-448a-92c0-34e356ca515a"><testcase classname="tests.test_provider_id_standardization.TestDoulaEndpointsAfterStandardization" name="test_doula_dashboard_loads" time="0.604"><failure message="AssertionError: assert 'contracts_pending' in {'active_clients': 4, 'contracts_pending_signature': 0, 'pending_invoices': 1, 'total_clients': 4, ...}">tests/test_provider_id_standardization.py:86: in test_doula_dashboard_loads
    assert "contracts_pending" in data
E   AssertionError: assert 'contracts_pending' in {'active_clients': 4, 'contracts_pending_signature': 0, 'pending_invoices': 1, 'total_clients': 4, ...}</failure></testcase><testcase classname="tests.test_provider_id_standardization.TestDoulaEndpointsAfterStandardization" name="test_doula_clients_list" time="0.062" /><testcase classname="tests.test_provider_id_standardization.TestDoulaEndpointsAfterStandardization" name="test_doula_client_create_uses_provider_id" time="0.065"><failure message="AssertionError: Create client failed: {&quot;client_id&quot;:&quot;client_71a4e61abc75&quot;,&quot;provider_id&quot;:&quot;demo_doula_fc5d0af2&quot;,&quot;provider_type&quot;:&quot;DOULA&quot;,&quot;name&quot;:&quot;TEST_ProviderID_Client&quot;,&quot;email&quot;:&quot;test.providerid@example.com&quot;,&quot;phone&quot;:null,&quot;edd&quot;:&quot;2026-08-15&quot;,&quot;planned_birth_setting&quot;:&quot;Hospital&quot;,&quot;status&quot;:&quot;Lead&quot;,&quot;linked_mom_id&quot;:null,&quot;risk_flags&quot;:[],&quot;internal_notes&quot;:null,&quot;created_at&quot;:&quot;2026-02-19T21:49:34.972320+00:00&quot;,&quot;updated_at&quot;:&quot;2026-02-19T21:49:34.972320+00:00&quot;}&#10;assert 200 == 201&#10; +  where 200 = &lt;Response [200]&gt;.status_code">tests/test_provider_id_standardization.py:122: in test_doula_client_create_uses_provider_id
    assert response.status_code == 201, f"Create client failed: {response.text}"
E   AssertionError: Create client failed: {"client_id":"client_71a4e61abc75","provider_id":"demo_doula_fc5d0af2","provider_type":"DOULA","name":"TEST_ProviderID_Client","email":"test.providerid@example.com","phone":null,"edd":"2026-08-15","planned_birth_setting":"Hospital","status":"Lead","linked_mom_id":null,"risk_flags":[],"internal_notes":null,"created_at":"2026-02-19T21:49:34.972320+00:00","updated_at":"2026-02-19T21:49:34.972320+00:00"}
E   assert 200 == 201
E    +  where 200 = &lt;Response [200]&gt;.status_code</failure></testcase><testcase classname="tests.test_provider_id_standardization.TestMidwifeEndpointsAfterStandardization" name="test_midwife_dashboard_loads" time="0.460" /><testcase classname="tests.test_provider_id_standardization.TestMidwifeEndpointsAfterStandardization" name="test_midwife_clients_list" time="0.065" /><testcase classname="tests.test_provider_id_standardization.TestMidwifeEndpointsAfterStandardization" name="test_midwife_client_create_uses_provider_id" time="0.081"><failure message="AssertionError: Create client failed: {&quot;client_id&quot;:&quot;client_0abbf52b4399&quot;,&quot;provider_id&quot;:&quot;demo_midwife_d44ee13d&quot;,&quot;provider_type&quot;:&quot;MIDWIFE&quot;,&quot;name&quot;:&quot;TEST_Midwife_ProviderID&quot;,&quot;email&quot;:&quot;test.midwifeproviderid@example.com&quot;,&quot;phone&quot;:null,&quot;edd&quot;:&quot;2026-09-20&quot;,&quot;planned_birth_setting&quot;:&quot;Home&quot;,&quot;status&quot;:&quot;Prenatal&quot;,&quot;linked_mom_id&quot;:null,&quot;risk_flags&quot;:[],&quot;internal_notes&quot;:null,&quot;created_at&quot;:&quot;2026-02-19T21:49:35.569138+00:00&quot;,&quot;updated_at&quot;:&quot;2026-02-19T21:49:35.569138+00:00&quot;}&#10;assert 200 == 201&#10; +  where 200 = &lt;Response [200]&gt;.status_code">tests/test_provider_id_standardization.py:187: in test_midwife_client_create_uses_provider_id
    assert response.status_code == 201, f"Create client failed: {response.text}"
E   AssertionError: Create client failed: {"client_id":"client_0abbf52b4399","provider_id":"demo_midwife_d44ee13d","provider_type":"MIDWIFE","name":"TEST_Midwife_ProviderID","email":"test.midwifeproviderid@example.com","phone":null,"edd":"2026-09-20","planned_birth_setting":"Home","status":"Prenatal","linked_mom_id":null,"risk_flags":[],"internal_notes":null,"created_at":"2026-02-19T21:49:35.569138+00:00","updated_at":"2026-02-19T21:49:35.569138+00:00"}
E   assert 200 == 201
E    +  where 200 = &lt;Response [200]&gt;.status_code</failure></testcase><testcase classname="tests.test_provider_id_standardization.TestInvoicesWithProviderIdStandardization" name="test_doula_invoices_list" time="0.059" /><testcase classname="tests.test_provider_id_standardization.TestInvoicesWithProviderIdStandardization" name="test_midwife_invoices_list" time="0.055" /><testcase classname="tests.test_provider_id_standardization.TestContractsWithProviderIdStandardization" name="test_doula_contracts_list" time="0.051" /><testcase classname="tests.test_provider_id_standardization.TestContractsWithProviderIdStandardization" name="test_midwife_contracts_list" time="0.082" /><testcase classname="tests.test_provider_id_standardization.TestContractTemplatesWithProviderIdStandardization" name="test_doula_contract_templates" time="0.057" /><testcase classname="tests.test_provider_id_standardization.TestContractTemplatesWithProviderIdStandardization" name="test_midwife_contract_templates" time="0.056" /><testcase classname="tests.test_provider_id_standardization.TestProviderIdHelperFunctions" name="test_doula_client_details_use_provider_id" time="0.124"><failure message="AssertionError: assert 'provider_id' in {'birth_plan': None, 'client': {'client_id': 'client_71a4e61abc75', 'created_at': '2026-02-19T21:49:34.972000', 'edd': '2026-08-15', 'email': 'test.providerid@example.com', ...}, 'contracts': [], 'invoices': [], ...}">tests/test_provider_id_standardization.py:330: in test_doula_client_details_use_provider_id
    assert "provider_id" in data
E   AssertionError: assert 'provider_id' in {'birth_plan': None, 'client': {'client_id': 'client_71a4e61abc75', 'created_at': '2026-02-19T21:49:34.972000', 'edd': '2026-08-15', 'email': 'test.providerid@example.com', ...}, 'contracts': [], 'invoices': [], ...}</failure></testcase><testcase classname="tests.test_provider_id_standardization.TestProviderIdHelperFunctions" name="test_midwife_client_details_use_provider_id" time="0.144"><failure message="AssertionError: assert 'provider_id' in {'birth_plan': None, 'birth_summary': None, 'client': {'client_id': 'client_0abbf52b4399', 'created_at': '2026-02-19T21:49:35.569000', 'edd': '2026-09-20', 'email': 'test.midwifeproviderid@example.com', ...}, 'notes': [], ...}">tests/test_provider_id_standardization.py:352: in test_midwife_client_details_use_provider_id
    assert "provider_id" in data
E   AssertionError: assert 'provider_id' in {'birth_plan': None, 'birth_summary': None, 'client': {'client_id': 'client_0abbf52b4399', 'created_at': '2026-02-19T21:49:35.569000', 'edd': '2026-09-20', 'email': 'test.midwifeproviderid@example.com', ...}, 'notes': [], ...}</failure></testcase><testcase classname="tests.test_provider_id_standardization.TestNotesWithProviderIdStandardization" name="test_doula_notes_list" time="0.065" /></testsuite></testsuites>