<?xml version="1.0" encoding="utf-8"?><testsuites name="pytest tests"><testsuite name="pytest" errors="0" failures="0" skipped="0" tests="22" time="4.611" timestamp="2026-02-17T16:28:22.414082+00:00" hostname="agent-env-8b879415-618d-49f6-b618-08ad1b7690c9"><testcase classname="tests.test_doula_contracts.TestDoulaContractSystem" name="test_01_register_doula_user" time="0.405" /><testcase classname="tests.test_doula_contracts.TestDoulaContractSystem" name="test_02_doula_onboarding" time="0.192" /><testcase classname="tests.test_doula_contracts.TestDoulaContractSystem" name="test_03_create_client_for_contract" time="0.154" /><testcase classname="tests.test_doula_contracts.TestDoulaContractSystem" name="test_04_get_contract_template" time="0.233" /><testcase classname="tests.test_doula_contracts.TestDoulaContractSystem" name="test_05_template_has_all_8_sections" time="0.181" /><testcase classname="tests.test_doula_contracts.TestDoulaContractSystem" name="test_06_services_section_has_subsections" time="0.123" /><testcase classname="tests.test_doula_contracts.TestDoulaContractSystem" name="test_07_create_contract_with_payment_details" time="0.175" /><testcase classname="tests.test_doula_contracts.TestDoulaContractSystem" name="test_08_remaining_amount_auto_calculated" time="0.603" /><testcase classname="tests.test_doula_contracts.TestDoulaContractSystem" name="test_09_contract_has_all_template_sections" time="0.165" /><testcase classname="tests.test_doula_contracts.TestDoulaContractSystem" name="test_10_additional_terms_stored" time="0.145" /><testcase classname="tests.test_doula_contracts.TestDoulaContractSystem" name="test_11_send_contract_creates_doula_signature" time="0.203" /><testcase classname="tests.test_doula_contracts.TestDoulaContractSystem" name="test_12_client_sign_contract" time="0.261" /><testcase classname="tests.test_doula_contracts.TestDoulaContractSystem" name="test_13_cannot_sign_already_signed_contract" time="0.126" /><testcase classname="tests.test_doula_contracts.TestDoulaContractSystem" name="test_14_get_contract_html_view" time="0.160" /><testcase classname="tests.test_doula_contracts.TestDoulaContractSystem" name="test_15_html_contains_all_sections" time="0.114" /><testcase classname="tests.test_doula_contracts.TestDoulaContractSystem" name="test_16_html_contains_additional_terms" time="0.124" /><testcase classname="tests.test_doula_contracts.TestDoulaContractSystem" name="test_17_sign_requires_signer_name" time="0.268" /><testcase classname="tests.test_doula_contracts.TestDoulaContractSystem" name="test_18_cannot_sign_draft_contract" time="0.205" /><testcase classname="tests.test_doula_contracts.TestDoulaContractSystem" name="test_19_get_all_doula_contracts" time="0.140" /><testcase classname="tests.test_doula_contracts.TestDoulaContractSystem" name="test_20_contract_not_found" time="0.321" /><testcase classname="tests.test_doula_contracts.TestDoulaContractSystem" name="test_21_html_not_found" time="0.129" /><testcase classname="tests.test_doula_contracts.TestDoulaContractSystem" name="test_22_create_contract_with_explicit_remaining_amount" time="0.125" /></testsuite></testsuites>