<?xml version="1.0" encoding="utf-8"?><testsuites name="pytest tests"><testsuite name="pytest" errors="0" failures="0" skipped="0" tests="8" time="5.144" timestamp="2026-03-18T21:53:51.617725+00:00" hostname="agent-env-f8618237-db25-46f2-b7b4-f1fcac6d9a80"><testcase classname="backend.tests.test_subscription_iteration163.TestSubscriptionPricingUpdated" name="test_get_pricing_returns_correct_plans" time="0.195" /><testcase classname="backend.tests.test_subscription_iteration163.TestDemoDoulaSubscription" name="test_doula_is_doula_role" time="0.470" /><testcase classname="backend.tests.test_subscription_iteration163.TestDemoDoulaSubscription" name="test_doula_subscription_status" time="0.636" /><testcase classname="backend.tests.test_subscription_iteration163.TestDemoMidwifeSubscription" name="test_midwife_is_midwife_role" time="0.633" /><testcase classname="backend.tests.test_subscription_iteration163.TestDemoMidwifeSubscription" name="test_midwife_subscription_status" time="0.642" /><testcase classname="backend.tests.test_subscription_iteration163.TestSubscriptionUpgradePaths" name="test_pricing_shows_savings_for_annual" time="0.190" /><testcase classname="backend.tests.test_subscription_iteration163.TestChangePlanAPI" name="test_activate_monthly_then_check_upgrade_available" time="1.254" /><testcase classname="backend.tests.test_subscription_iteration163.TestTrialUpgrade" name="test_start_trial_then_upgrade_to_paid" time="1.067" /></testsuite></testsuites>