<?xml version="1.0" encoding="utf-8"?><testsuites name="pytest tests"><testsuite name="pytest" errors="0" failures="0" skipped="0" tests="29" time="4.695" timestamp="2026-02-19T23:09:15.654156+00:00" hostname="agent-env-407be43c-5327-457e-9a99-dcc67cc72091"><testcase classname="backend.tests.test_subscription_routes_phase5.TestSetup" name="test_base_url_configured" time="0.000" /><testcase classname="backend.tests.test_subscription_routes_phase5.TestSetup" name="test_health_check" time="0.148" /><testcase classname="backend.tests.test_subscription_routes_phase5.TestSubscriptionStatus" name="test_status_returns_subscription_info_for_doula" time="0.582" /><testcase classname="backend.tests.test_subscription_routes_phase5.TestSubscriptionStatus" name="test_status_returns_free_access_for_mom" time="0.490" /><testcase classname="backend.tests.test_subscription_routes_phase5.TestSubscriptionStatus" name="test_status_requires_authentication" time="0.144" /><testcase classname="backend.tests.test_subscription_routes_phase5.TestSubscriptionPricing" name="test_pricing_returns_plan_info" time="0.130" /><testcase classname="backend.tests.test_subscription_routes_phase5.TestSubscriptionPricing" name="test_pricing_is_public" time="0.151" /><testcase classname="backend.tests.test_subscription_routes_phase5.TestSubscriptionStartTrial" name="test_start_trial_requires_provider_role" time="0.170" /><testcase classname="backend.tests.test_subscription_routes_phase5.TestSubscriptionStartTrial" name="test_start_trial_validates_plan_type" time="0.128" /><testcase classname="backend.tests.test_subscription_routes_phase5.TestSubscriptionStartTrial" name="test_start_trial_monthly_success" time="0.152" /><testcase classname="backend.tests.test_subscription_routes_phase5.TestSubscriptionStartTrial" name="test_start_trial_requires_authentication" time="0.126" /><testcase classname="backend.tests.test_subscription_routes_phase5.TestSubscriptionCancel" name="test_cancel_requires_provider_role" time="0.116" /><testcase classname="backend.tests.test_subscription_routes_phase5.TestSubscriptionCancel" name="test_cancel_subscription_for_doula" time="0.130" /><testcase classname="backend.tests.test_subscription_routes_phase5.TestSubscriptionCancel" name="test_cancel_requires_authentication" time="0.112" /><testcase classname="backend.tests.test_subscription_routes_phase5.TestSubscriptionActivate" name="test_activate_requires_provider_role" time="0.120" /><testcase classname="backend.tests.test_subscription_routes_phase5.TestSubscriptionActivate" name="test_activate_monthly_subscription" time="0.114" /><testcase classname="backend.tests.test_subscription_routes_phase5.TestSubscriptionActivate" name="test_activate_annual_subscription" time="0.113" /><testcase classname="backend.tests.test_subscription_routes_phase5.TestSubscriptionActivate" name="test_activate_requires_authentication" time="0.114" /><testcase classname="backend.tests.test_subscription_routes_phase5.TestSubscriptionValidateReceipt" name="test_validate_receipt_requires_provider_role" time="0.135" /><testcase classname="backend.tests.test_subscription_routes_phase5.TestSubscriptionValidateReceipt" name="test_validate_receipt_rejects_invalid_provider" time="0.140" /><testcase classname="backend.tests.test_subscription_routes_phase5.TestSubscriptionValidateReceipt" name="test_validate_receipt_rejects_invalid_product_id" time="0.109" /><testcase classname="backend.tests.test_subscription_routes_phase5.TestSubscriptionValidateReceipt" name="test_validate_receipt_apple_monthly" time="0.099" /><testcase classname="backend.tests.test_subscription_routes_phase5.TestSubscriptionValidateReceipt" name="test_validate_receipt_google_annual" time="0.123" /><testcase classname="backend.tests.test_subscription_routes_phase5.TestSubscriptionValidateReceipt" name="test_validate_receipt_requires_authentication" time="0.109" /><testcase classname="backend.tests.test_subscription_routes_phase5.TestAuthRoutesStillWork" name="test_login_endpoint_works" time="0.337" /><testcase classname="backend.tests.test_subscription_routes_phase5.TestAuthRoutesStillWork" name="test_me_endpoint_works" time="0.108" /><testcase classname="backend.tests.test_subscription_routes_phase5.TestProviderRoutesStillWork" name="test_provider_clients_endpoint" time="0.133" /><testcase classname="backend.tests.test_subscription_routes_phase5.TestProviderRoutesStillWork" name="test_provider_dashboard_endpoint" time="0.104" /><testcase classname="backend.tests.test_subscription_routes_phase5.TestSubscriptionStatusAfterActivation" name="test_status_shows_active_after_activation" time="0.153" /></testsuite></testsuites>