<?xml version="1.0" encoding="utf-8"?><testsuites name="pytest tests"><testsuite name="pytest" errors="0" failures="3" skipped="0" tests="67" time="30.670" timestamp="2026-02-20T00:40:12.833859+00:00" hostname="agent-env-a44ade04-1230-4129-9fca-94c9d5904190"><testcase classname="backend.tests.test_care_plans_phase12.TestSetup" name="test_base_url_configured" time="0.000" /><testcase classname="backend.tests.test_care_plans_phase12.TestSetup" name="test_health_check" time="0.355" /><testcase classname="backend.tests.test_care_plans_phase12.TestAuthLogin" name="test_mom_login_success" time="0.388"><failure message="AssertionError: assert 'user' in {'email': 'demo.mom@truejoybirthing.com', 'full_name': 'Emma Johnson', 'onboarding_completed': True, 'picture': 'https://api.dicebear.com/7.x/lorelei/png?seed=Emma Johnson&amp;size=200', ...}">backend/tests/test_care_plans_phase12.py:96: in test_mom_login_success
    assert "user" in data
E   AssertionError: assert 'user' in {'email': 'demo.mom@truejoybirthing.com', 'full_name': 'Emma Johnson', 'onboarding_completed': True, 'picture': 'https://api.dicebear.com/7.x/lorelei/png?seed=Emma Johnson&amp;size=200', ...}</failure></testcase><testcase classname="backend.tests.test_care_plans_phase12.TestAuthLogin" name="test_doula_login_success" time="0.367"><failure message="AssertionError: assert 'user' in {'email': 'demo.doula@truejoybirthing.com', 'full_name': 'Sarah Mitchell', 'onboarding_completed': True, 'picture': 'https://example.com/test-picture.jpg', ...}">backend/tests/test_care_plans_phase12.py:108: in test_doula_login_success
    assert "user" in data
E   AssertionError: assert 'user' in {'email': 'demo.doula@truejoybirthing.com', 'full_name': 'Sarah Mitchell', 'onboarding_completed': True, 'picture': 'https://example.com/test-picture.jpg', ...}</failure></testcase><testcase classname="backend.tests.test_care_plans_phase12.TestAuthLogin" name="test_midwife_login_success" time="0.376"><failure message="AssertionError: assert 'user' in {'email': 'demo.midwife@truejoybirthing.com', 'full_name': 'Emily Thompson', 'onboarding_completed': True, 'picture': 'https://api.dicebear.com/7.x/lorelei/png?seed=Emily Thompson&amp;size=200', ...}">backend/tests/test_care_plans_phase12.py:120: in test_midwife_login_success
    assert "user" in data
E   AssertionError: assert 'user' in {'email': 'demo.midwife@truejoybirthing.com', 'full_name': 'Emily Thompson', 'onboarding_completed': True, 'picture': 'https://api.dicebear.com/7.x/lorelei/png?seed=Emily Thompson&amp;size=200', ...}</failure></testcase><testcase classname="backend.tests.test_care_plans_phase12.TestBirthPlanMom" name="test_get_birth_plan_requires_auth" time="0.159" /><testcase classname="backend.tests.test_care_plans_phase12.TestBirthPlanMom" name="test_get_birth_plan_as_mom" time="0.502" /><testcase classname="backend.tests.test_care_plans_phase12.TestBirthPlanMom" name="test_update_birth_plan_section" time="0.540" /><testcase classname="backend.tests.test_care_plans_phase12.TestBirthPlanMom" name="test_update_nonexistent_section_returns_404" time="0.536" /><testcase classname="backend.tests.test_care_plans_phase12.TestBirthPlanMom" name="test_birth_plan_no_objectid" time="0.563" /><testcase classname="backend.tests.test_care_plans_phase12.TestBirthPlanExport" name="test_export_birth_plan_data" time="0.596" /><testcase classname="backend.tests.test_care_plans_phase12.TestBirthPlanExport" name="test_export_birth_plan_pdf" time="0.518" /><testcase classname="backend.tests.test_care_plans_phase12.TestProviderSearch" name="test_search_providers_requires_auth" time="0.139" /><testcase classname="backend.tests.test_care_plans_phase12.TestProviderSearch" name="test_search_providers_by_name" time="0.527" /><testcase classname="backend.tests.test_care_plans_phase12.TestProviderSearch" name="test_search_providers_short_query_returns_empty" time="0.485" /><testcase classname="backend.tests.test_care_plans_phase12.TestBirthPlanSharing" name="test_get_share_requests_requires_auth" time="0.211" /><testcase classname="backend.tests.test_care_plans_phase12.TestBirthPlanSharing" name="test_get_share_requests_as_mom" time="0.633" /><testcase classname="backend.tests.test_care_plans_phase12.TestBirthPlanSharing" name="test_share_birth_plan_with_invalid_provider_returns_404" time="0.506" /><testcase classname="backend.tests.test_care_plans_phase12.TestBirthPlanSharing" name="test_revoke_nonexistent_share_returns_404" time="0.503" /><testcase classname="backend.tests.test_care_plans_phase12.TestProviderShareRequests" name="test_get_provider_share_requests_requires_auth" time="0.120" /><testcase classname="backend.tests.test_care_plans_phase12.TestProviderShareRequests" name="test_get_provider_share_requests_as_doula" time="0.497" /><testcase classname="backend.tests.test_care_plans_phase12.TestProviderShareRequests" name="test_get_provider_share_requests_as_midwife" time="0.459" /><testcase classname="backend.tests.test_care_plans_phase12.TestProviderShareRequests" name="test_mom_cannot_access_provider_share_requests" time="0.453" /><testcase classname="backend.tests.test_care_plans_phase12.TestProviderShareRequests" name="test_respond_to_nonexistent_share_request_returns_404" time="0.522" /><testcase classname="backend.tests.test_care_plans_phase12.TestProviderShareRequests" name="test_respond_with_invalid_action_returns_400" time="0.513" /><testcase classname="backend.tests.test_care_plans_phase12.TestProviderBirthPlanRoutes" name="test_get_shared_birth_plans_requires_auth" time="0.157" /><testcase classname="backend.tests.test_care_plans_phase12.TestProviderBirthPlanRoutes" name="test_get_shared_birth_plans_as_doula" time="0.521" /><testcase classname="backend.tests.test_care_plans_phase12.TestProviderBirthPlanRoutes" name="test_get_shared_birth_plans_as_midwife" time="0.482" /><testcase classname="backend.tests.test_care_plans_phase12.TestProviderBirthPlanRoutes" name="test_mom_cannot_access_shared_birth_plans" time="0.483" /><testcase classname="backend.tests.test_care_plans_phase12.TestProviderBirthPlanRoutes" name="test_get_shared_birth_plan_detail_without_access" time="0.513" /><testcase classname="backend.tests.test_care_plans_phase12.TestProviderBirthPlanRoutes" name="test_get_client_birth_plan_without_access" time="0.484" /><testcase classname="backend.tests.test_care_plans_phase12.TestProviderBirthPlanNotes" name="test_add_note_requires_auth" time="0.140" /><testcase classname="backend.tests.test_care_plans_phase12.TestProviderBirthPlanNotes" name="test_add_note_without_access_returns_403" time="0.468" /><testcase classname="backend.tests.test_care_plans_phase12.TestProviderBirthPlanNotes" name="test_update_nonexistent_note_returns_404" time="0.443" /><testcase classname="backend.tests.test_care_plans_phase12.TestProviderBirthPlanNotes" name="test_delete_nonexistent_note_returns_404" time="0.448" /><testcase classname="backend.tests.test_care_plans_phase12.TestWellnessRoutes" name="test_create_wellness_checkin_requires_auth" time="0.109" /><testcase classname="backend.tests.test_care_plans_phase12.TestWellnessRoutes" name="test_create_wellness_checkin" time="0.565" /><testcase classname="backend.tests.test_care_plans_phase12.TestWellnessRoutes" name="test_get_wellness_checkins" time="0.497" /><testcase classname="backend.tests.test_care_plans_phase12.TestWellnessRoutes" name="test_create_wellness_entry" time="0.498" /><testcase classname="backend.tests.test_care_plans_phase12.TestWellnessRoutes" name="test_get_wellness_entries" time="0.451" /><testcase classname="backend.tests.test_care_plans_phase12.TestWellnessRoutes" name="test_get_wellness_stats" time="0.498" /><testcase classname="backend.tests.test_care_plans_phase12.TestWellnessRoutes" name="test_wellness_entry_no_objectid" time="0.806" /><testcase classname="backend.tests.test_care_plans_phase12.TestPostpartumRoutes" name="test_get_postpartum_plan_requires_auth" time="0.129" /><testcase classname="backend.tests.test_care_plans_phase12.TestPostpartumRoutes" name="test_get_postpartum_plan" time="0.513" /><testcase classname="backend.tests.test_care_plans_phase12.TestPostpartumRoutes" name="test_update_postpartum_plan" time="0.481" /><testcase classname="backend.tests.test_care_plans_phase12.TestPostpartumRoutes" name="test_postpartum_plan_no_objectid" time="0.502" /><testcase classname="backend.tests.test_care_plans_phase12.TestTimelineRoutes" name="test_get_timeline_requires_auth" time="0.128" /><testcase classname="backend.tests.test_care_plans_phase12.TestTimelineRoutes" name="test_get_timeline" time="0.482" /><testcase classname="backend.tests.test_care_plans_phase12.TestTimelineRoutes" name="test_create_timeline_event" time="0.669" /><testcase classname="backend.tests.test_care_plans_phase12.TestTimelineRoutes" name="test_delete_timeline_event" time="0.626" /><testcase classname="backend.tests.test_care_plans_phase12.TestTimelineRoutes" name="test_delete_nonexistent_event_returns_404" time="0.515" /><testcase classname="backend.tests.test_care_plans_phase12.TestTimelineRoutes" name="test_timeline_event_no_objectid" time="0.679" /><testcase classname="backend.tests.test_care_plans_phase12.TestRoleBasedAccess" name="test_doula_cannot_access_birth_plan" time="0.467" /><testcase classname="backend.tests.test_care_plans_phase12.TestRoleBasedAccess" name="test_midwife_cannot_access_birth_plan" time="0.464" /><testcase classname="backend.tests.test_care_plans_phase12.TestRoleBasedAccess" name="test_doula_cannot_access_wellness" time="0.498" /><testcase classname="backend.tests.test_care_plans_phase12.TestRoleBasedAccess" name="test_doula_cannot_access_postpartum" time="0.494" /><testcase classname="backend.tests.test_care_plans_phase12.TestRoleBasedAccess" name="test_doula_cannot_access_timeline" time="0.443" /><testcase classname="backend.tests.test_care_plans_phase12.TestRoleBasedAccess" name="test_mom_cannot_access_provider_share_requests" time="0.503" /><testcase classname="backend.tests.test_care_plans_phase12.TestRoleBasedAccess" name="test_mom_cannot_access_provider_shared_birth_plans" time="0.491" /><testcase classname="backend.tests.test_care_plans_phase12.TestRoleBasedAccess" name="test_mom_cannot_search_providers" time="0.464" /><testcase classname="backend.tests.test_care_plans_phase12.TestObjectIdSerialization" name="test_birth_plan_no_objectid" time="0.580" /><testcase classname="backend.tests.test_care_plans_phase12.TestObjectIdSerialization" name="test_wellness_checkins_no_objectid" time="0.541" /><testcase classname="backend.tests.test_care_plans_phase12.TestObjectIdSerialization" name="test_wellness_entries_no_objectid" time="0.740" /><testcase classname="backend.tests.test_care_plans_phase12.TestObjectIdSerialization" name="test_postpartum_plan_no_objectid" time="0.496" /><testcase classname="backend.tests.test_care_plans_phase12.TestObjectIdSerialization" name="test_share_requests_no_objectid" time="0.485" /><testcase classname="backend.tests.test_care_plans_phase12.TestObjectIdSerialization" name="test_provider_share_requests_no_objectid" time="0.470" /><testcase classname="backend.tests.test_care_plans_phase12.TestObjectIdSerialization" name="test_shared_birth_plans_no_objectid" time="0.577" /></testsuite></testsuites>