<?xml version="1.0" encoding="utf-8"?><testsuites name="pytest tests"><testsuite name="pytest" errors="0" failures="24" skipped="0" tests="36" time="13.095" timestamp="2026-02-19T23:22:17.310177+00:00" hostname="agent-env-407be43c-5327-457e-9a99-dcc67cc72091"><testcase classname="tests.test_doula_midwife_routes_phase7.TestSetup" name="test_base_url_configured" time="0.000" /><testcase classname="tests.test_doula_midwife_routes_phase7.TestSetup" name="test_health_check" time="0.160" /><testcase classname="tests.test_doula_midwife_routes_phase7.TestAuthLogin" name="test_doula_login_success" time="0.347"><failure message="AssertionError: Login response missing user/token&#10;assert ('user' in {'email': 'demo.doula@truejoybirthing.com', 'full_name': 'Sarah Mitchell', 'onboarding_completed': True, 'picture': 'https://example.com/test-picture.jpg', ...} or 'token' in {'email': 'demo.doula@truejoybirthing.com', 'full_name': 'Sarah Mitchell', 'onboarding_completed': True, 'picture': 'https://example.com/test-picture.jpg', ...})">tests/test_doula_midwife_routes_phase7.py:63: in test_doula_login_success
    assert "user" in data or "token" in data, "Login response missing user/token"
E   AssertionError: Login response missing user/token
E   assert ('user' in {'email': 'demo.doula@truejoybirthing.com', 'full_name': 'Sarah Mitchell', 'onboarding_completed': True, 'picture': 'https://example.com/test-picture.jpg', ...} or 'token' in {'email': 'demo.doula@truejoybirthing.com', 'full_name': 'Sarah Mitchell', 'onboarding_completed': True, 'picture': 'https://example.com/test-picture.jpg', ...})</failure></testcase><testcase classname="tests.test_doula_midwife_routes_phase7.TestAuthLogin" name="test_midwife_login_success" time="0.352"><failure message="AssertionError: Login response missing user/token&#10;assert ('user' in {'email': 'demo.midwife@truejoybirthing.com', 'full_name': 'Emily Thompson', 'onboarding_completed': True, 'picture': 'https://api.dicebear.com/7.x/lorelei/png?seed=Emily Thompson&amp;size=200', ...} or 'token' in {'email': 'demo.midwife@truejoybirthing.com', 'full_name': 'Emily Thompson', 'onboarding_completed': True, 'picture': 'https://api.dicebear.com/7.x/lorelei/png?seed=Emily Thompson&amp;size=200', ...})">tests/test_doula_midwife_routes_phase7.py:74: in test_midwife_login_success
    assert "user" in data or "token" in data, "Login response missing user/token"
E   AssertionError: Login response missing user/token
E   assert ('user' in {'email': 'demo.midwife@truejoybirthing.com', 'full_name': 'Emily Thompson', 'onboarding_completed': True, 'picture': 'https://api.dicebear.com/7.x/lorelei/png?seed=Emily Thompson&amp;size=200', ...} or 'token' in {'email': 'demo.midwife@truejoybirthing.com', 'full_name': 'Emily Thompson', 'onboarding_completed': True, 'picture': 'https://api.dicebear.com/7.x/lorelei/png?seed=Emily Thompson&amp;size=200', ...})</failure></testcase><testcase classname="tests.test_doula_midwife_routes_phase7.TestAuthLogin" name="test_mom_login_success" time="0.387"><failure message="AssertionError: Login response missing user/token&#10;assert ('user' in {'email': 'demo.mom@truejoybirthing.com', 'full_name': 'Emma Johnson', 'onboarding_completed': True, 'picture': 'https://api.dicebear.com/7.x/lorelei/png?seed=Emma Johnson&amp;size=200', ...} or 'token' in {'email': 'demo.mom@truejoybirthing.com', 'full_name': 'Emma Johnson', 'onboarding_completed': True, 'picture': 'https://api.dicebear.com/7.x/lorelei/png?seed=Emma Johnson&amp;size=200', ...})">tests/test_doula_midwife_routes_phase7.py:85: in test_mom_login_success
    assert "user" in data or "token" in data, "Login response missing user/token"
E   AssertionError: Login response missing user/token
E   assert ('user' in {'email': 'demo.mom@truejoybirthing.com', 'full_name': 'Emma Johnson', 'onboarding_completed': True, 'picture': 'https://api.dicebear.com/7.x/lorelei/png?seed=Emma Johnson&amp;size=200', ...} or 'token' in {'email': 'demo.mom@truejoybirthing.com', 'full_name': 'Emma Johnson', 'onboarding_completed': True, 'picture': 'https://api.dicebear.com/7.x/lorelei/png?seed=Emma Johnson&amp;size=200', ...})</failure></testcase><testcase classname="tests.test_doula_midwife_routes_phase7.TestDoulaProfile" name="test_get_doula_profile_success" time="0.479"><failure message="AssertionError: Get doula profile failed: 401 - {&quot;detail&quot;:&quot;Invalid session&quot;}&#10;assert 401 == 200&#10; +  where 401 = &lt;Response [401]&gt;.status_code">tests/test_doula_midwife_routes_phase7.py:108: in test_get_doula_profile_success
    assert response.status_code == 200, f"Get doula profile failed: {response.status_code} - {response.text}"
E   AssertionError: Get doula profile failed: 401 - {"detail":"Invalid session"}
E   assert 401 == 200
E    +  where 401 = &lt;Response [401]&gt;.status_code</failure></testcase><testcase classname="tests.test_doula_midwife_routes_phase7.TestDoulaProfile" name="test_get_doula_profile_requires_auth" time="0.130" /><testcase classname="tests.test_doula_midwife_routes_phase7.TestDoulaProfile" name="test_get_doula_profile_requires_doula_role" time="0.489"><failure message="AssertionError: Expected 403 for MOM accessing doula profile, got 401&#10;assert 401 == 403&#10; +  where 401 = &lt;Response [401]&gt;.status_code">tests/test_doula_midwife_routes_phase7.py:130: in test_get_doula_profile_requires_doula_role
    assert response.status_code == 403, f"Expected 403 for MOM accessing doula profile, got {response.status_code}"
E   AssertionError: Expected 403 for MOM accessing doula profile, got 401
E   assert 401 == 403
E    +  where 401 = &lt;Response [401]&gt;.status_code</failure></testcase><testcase classname="tests.test_doula_midwife_routes_phase7.TestDoulaProfileUpdate" name="test_update_doula_profile_success" time="0.513"><failure message="AssertionError: Update doula profile failed: 401 - {&quot;detail&quot;:&quot;Invalid session&quot;}&#10;assert 401 == 200&#10; +  where 401 = &lt;Response [401]&gt;.status_code">tests/test_doula_midwife_routes_phase7.py:159: in test_update_doula_profile_success
    assert response.status_code == 200, f"Update doula profile failed: {response.status_code} - {response.text}"
E   AssertionError: Update doula profile failed: 401 - {"detail":"Invalid session"}
E   assert 401 == 200
E    +  where 401 = &lt;Response [401]&gt;.status_code</failure></testcase><testcase classname="tests.test_doula_midwife_routes_phase7.TestDoulaProfileUpdate" name="test_update_doula_profile_requires_auth" time="0.112" /><testcase classname="tests.test_doula_midwife_routes_phase7.TestDoulaOnboarding" name="test_doula_onboarding_success" time="0.433"><failure message="AssertionError: Doula onboarding failed: 401 - {&quot;detail&quot;:&quot;Invalid session&quot;}&#10;assert 401 == 200&#10; +  where 401 = &lt;Response [401]&gt;.status_code">tests/test_doula_midwife_routes_phase7.py:205: in test_doula_onboarding_success
    assert response.status_code == 200, f"Doula onboarding failed: {response.status_code} - {response.text}"
E   AssertionError: Doula onboarding failed: 401 - {"detail":"Invalid session"}
E   assert 401 == 200
E    +  where 401 = &lt;Response [401]&gt;.status_code</failure></testcase><testcase classname="tests.test_doula_midwife_routes_phase7.TestDoulaOnboarding" name="test_doula_onboarding_requires_auth" time="0.175" /><testcase classname="tests.test_doula_midwife_routes_phase7.TestDoulaOnboarding" name="test_doula_onboarding_requires_doula_role" time="0.440"><failure message="AssertionError: Expected 403 for MOM, got 401&#10;assert 401 == 403&#10; +  where 401 = &lt;Response [401]&gt;.status_code">tests/test_doula_midwife_routes_phase7.py:235: in test_doula_onboarding_requires_doula_role
    assert response.status_code == 403, f"Expected 403 for MOM, got {response.status_code}"
E   AssertionError: Expected 403 for MOM, got 401
E   assert 401 == 403
E    +  where 401 = &lt;Response [401]&gt;.status_code</failure></testcase><testcase classname="tests.test_doula_midwife_routes_phase7.TestDoulaDashboard" name="test_get_doula_dashboard_success" time="0.477"><failure message="AssertionError: Get doula dashboard failed: 401 - {&quot;detail&quot;:&quot;Invalid session&quot;}&#10;assert 401 == 200&#10; +  where 401 = &lt;Response [401]&gt;.status_code">tests/test_doula_midwife_routes_phase7.py:256: in test_get_doula_dashboard_success
    assert response.status_code == 200, f"Get doula dashboard failed: {response.status_code} - {response.text}"
E   AssertionError: Get doula dashboard failed: 401 - {"detail":"Invalid session"}
E   assert 401 == 200
E    +  where 401 = &lt;Response [401]&gt;.status_code</failure></testcase><testcase classname="tests.test_doula_midwife_routes_phase7.TestDoulaDashboard" name="test_get_doula_dashboard_requires_auth" time="0.190" /><testcase classname="tests.test_doula_midwife_routes_phase7.TestDoulaDashboard" name="test_get_doula_dashboard_requires_doula_role" time="0.487"><failure message="AssertionError: Expected 403 for MOM, got 401&#10;assert 401 == 403&#10; +  where 401 = &lt;Response [401]&gt;.status_code">tests/test_doula_midwife_routes_phase7.py:281: in test_get_doula_dashboard_requires_doula_role
    assert response.status_code == 403, f"Expected 403 for MOM, got {response.status_code}"
E   AssertionError: Expected 403 for MOM, got 401
E   assert 401 == 403
E    +  where 401 = &lt;Response [401]&gt;.status_code</failure></testcase><testcase classname="tests.test_doula_midwife_routes_phase7.TestDoulaContractDefaults" name="test_get_contract_defaults_success" time="0.441"><failure message="AssertionError: Get contract defaults failed: 401 - {&quot;detail&quot;:&quot;Invalid session&quot;}&#10;assert 401 == 200&#10; +  where 401 = &lt;Response [401]&gt;.status_code">tests/test_doula_midwife_routes_phase7.py:302: in test_get_contract_defaults_success
    assert response.status_code == 200, f"Get contract defaults failed: {response.status_code} - {response.text}"
E   AssertionError: Get contract defaults failed: 401 - {"detail":"Invalid session"}
E   assert 401 == 200
E    +  where 401 = &lt;Response [401]&gt;.status_code</failure></testcase><testcase classname="tests.test_doula_midwife_routes_phase7.TestDoulaContractDefaults" name="test_get_contract_defaults_requires_auth" time="0.136" /><testcase classname="tests.test_doula_midwife_routes_phase7.TestDoulaContractDefaults" name="test_update_contract_defaults_success" time="0.483"><failure message="AssertionError: Update contract defaults failed: 401 - {&quot;detail&quot;:&quot;Invalid session&quot;}&#10;assert 401 == 200&#10; +  where 401 = &lt;Response [401]&gt;.status_code">tests/test_doula_midwife_routes_phase7.py:328: in test_update_contract_defaults_success
    assert response.status_code == 200, f"Update contract defaults failed: {response.status_code} - {response.text}"
E   AssertionError: Update contract defaults failed: 401 - {"detail":"Invalid session"}
E   assert 401 == 200
E    +  where 401 = &lt;Response [401]&gt;.status_code</failure></testcase><testcase classname="tests.test_doula_midwife_routes_phase7.TestMidwifeProfile" name="test_get_midwife_profile_success" time="0.446"><failure message="AssertionError: Get midwife profile failed: 401 - {&quot;detail&quot;:&quot;Invalid session&quot;}&#10;assert 401 == 200&#10; +  where 401 = &lt;Response [401]&gt;.status_code">tests/test_doula_midwife_routes_phase7.py:353: in test_get_midwife_profile_success
    assert response.status_code == 200, f"Get midwife profile failed: {response.status_code} - {response.text}"
E   AssertionError: Get midwife profile failed: 401 - {"detail":"Invalid session"}
E   assert 401 == 200
E    +  where 401 = &lt;Response [401]&gt;.status_code</failure></testcase><testcase classname="tests.test_doula_midwife_routes_phase7.TestMidwifeProfile" name="test_get_midwife_profile_requires_auth" time="0.149" /><testcase classname="tests.test_doula_midwife_routes_phase7.TestMidwifeProfile" name="test_get_midwife_profile_requires_midwife_role" time="0.485"><failure message="AssertionError: Expected 403 for MOM, got 401&#10;assert 401 == 403&#10; +  where 401 = &lt;Response [401]&gt;.status_code">tests/test_doula_midwife_routes_phase7.py:375: in test_get_midwife_profile_requires_midwife_role
    assert response.status_code == 403, f"Expected 403 for MOM, got {response.status_code}"
E   AssertionError: Expected 403 for MOM, got 401
E   assert 401 == 403
E    +  where 401 = &lt;Response [401]&gt;.status_code</failure></testcase><testcase classname="tests.test_doula_midwife_routes_phase7.TestMidwifeProfileUpdate" name="test_update_midwife_profile_success" time="0.433"><failure message="AssertionError: Update midwife profile failed: 401 - {&quot;detail&quot;:&quot;Invalid session&quot;}&#10;assert 401 == 200&#10; +  where 401 = &lt;Response [401]&gt;.status_code">tests/test_doula_midwife_routes_phase7.py:405: in test_update_midwife_profile_success
    assert response.status_code == 200, f"Update midwife profile failed: {response.status_code} - {response.text}"
E   AssertionError: Update midwife profile failed: 401 - {"detail":"Invalid session"}
E   assert 401 == 200
E    +  where 401 = &lt;Response [401]&gt;.status_code</failure></testcase><testcase classname="tests.test_doula_midwife_routes_phase7.TestMidwifeProfileUpdate" name="test_update_midwife_profile_requires_auth" time="0.124" /><testcase classname="tests.test_doula_midwife_routes_phase7.TestMidwifeOnboarding" name="test_midwife_onboarding_success" time="0.451"><failure message="AssertionError: Midwife onboarding failed: 401 - {&quot;detail&quot;:&quot;Invalid session&quot;}&#10;assert 401 == 200&#10; +  where 401 = &lt;Response [401]&gt;.status_code">tests/test_doula_midwife_routes_phase7.py:455: in test_midwife_onboarding_success
    assert response.status_code == 200, f"Midwife onboarding failed: {response.status_code} - {response.text}"
E   AssertionError: Midwife onboarding failed: 401 - {"detail":"Invalid session"}
E   assert 401 == 200
E    +  where 401 = &lt;Response [401]&gt;.status_code</failure></testcase><testcase classname="tests.test_doula_midwife_routes_phase7.TestMidwifeOnboarding" name="test_midwife_onboarding_requires_auth" time="0.110" /><testcase classname="tests.test_doula_midwife_routes_phase7.TestMidwifeOnboarding" name="test_midwife_onboarding_requires_midwife_role" time="0.519"><failure message="AssertionError: Expected 403 for MOM, got 401&#10;assert 401 == 403&#10; +  where 401 = &lt;Response [401]&gt;.status_code">tests/test_doula_midwife_routes_phase7.py:485: in test_midwife_onboarding_requires_midwife_role
    assert response.status_code == 403, f"Expected 403 for MOM, got {response.status_code}"
E   AssertionError: Expected 403 for MOM, got 401
E   assert 401 == 403
E    +  where 401 = &lt;Response [401]&gt;.status_code</failure></testcase><testcase classname="tests.test_doula_midwife_routes_phase7.TestMidwifeDashboard" name="test_get_midwife_dashboard_success" time="0.444"><failure message="AssertionError: Get midwife dashboard failed: 401 - {&quot;detail&quot;:&quot;Invalid session&quot;}&#10;assert 401 == 200&#10; +  where 401 = &lt;Response [401]&gt;.status_code">tests/test_doula_midwife_routes_phase7.py:506: in test_get_midwife_dashboard_success
    assert response.status_code == 200, f"Get midwife dashboard failed: {response.status_code} - {response.text}"
E   AssertionError: Get midwife dashboard failed: 401 - {"detail":"Invalid session"}
E   assert 401 == 200
E    +  where 401 = &lt;Response [401]&gt;.status_code</failure></testcase><testcase classname="tests.test_doula_midwife_routes_phase7.TestMidwifeDashboard" name="test_get_midwife_dashboard_requires_auth" time="0.110" /><testcase classname="tests.test_doula_midwife_routes_phase7.TestMidwifeDashboard" name="test_get_midwife_dashboard_requires_midwife_role" time="0.558"><failure message="AssertionError: Expected 403 for MOM, got 401&#10;assert 401 == 403&#10; +  where 401 = &lt;Response [401]&gt;.status_code">tests/test_doula_midwife_routes_phase7.py:531: in test_get_midwife_dashboard_requires_midwife_role
    assert response.status_code == 403, f"Expected 403 for MOM, got {response.status_code}"
E   AssertionError: Expected 403 for MOM, got 401
E   assert 401 == 403
E    +  where 401 = &lt;Response [401]&gt;.status_code</failure></testcase><testcase classname="tests.test_doula_midwife_routes_phase7.TestAuthRoutesRegression" name="test_login_endpoint_works" time="0.385" /><testcase classname="tests.test_doula_midwife_routes_phase7.TestAuthRoutesRegression" name="test_me_endpoint_works" time="0.441"><failure message="AssertionError: Me endpoint failed: 401&#10;assert 401 == 200&#10; +  where 401 = &lt;Response [401]&gt;.status_code">tests/test_doula_midwife_routes_phase7.py:560: in test_me_endpoint_works
    assert response.status_code == 200, f"Me endpoint failed: {response.status_code}"
E   AssertionError: Me endpoint failed: 401
E   assert 401 == 200
E    +  where 401 = &lt;Response [401]&gt;.status_code</failure></testcase><testcase classname="tests.test_doula_midwife_routes_phase7.TestMomRoutesRegression" name="test_mom_profile_endpoint" time="0.492"><failure message="AssertionError: Mom profile failed: 401&#10;assert 401 == 200&#10; +  where 401 = &lt;Response [401]&gt;.status_code">tests/test_doula_midwife_routes_phase7.py:583: in test_mom_profile_endpoint
    assert response.status_code == 200, f"Mom profile failed: {response.status_code}"
E   AssertionError: Mom profile failed: 401
E   assert 401 == 200
E    +  where 401 = &lt;Response [401]&gt;.status_code</failure></testcase><testcase classname="tests.test_doula_midwife_routes_phase7.TestMomRoutesRegression" name="test_mom_team_endpoint" time="0.500"><failure message="AssertionError: Mom team failed: 401&#10;assert 401 == 200&#10; +  where 401 = &lt;Response [401]&gt;.status_code">tests/test_doula_midwife_routes_phase7.py:590: in test_mom_team_endpoint
    assert response.status_code == 200, f"Mom team failed: {response.status_code}"
E   AssertionError: Mom team failed: 401
E   assert 401 == 200
E    +  where 401 = &lt;Response [401]&gt;.status_code</failure></testcase><testcase classname="tests.test_doula_midwife_routes_phase7.TestProviderRoutesRegression" name="test_provider_clients_endpoint" time="0.458"><failure message="AssertionError: Provider clients failed: 401&#10;assert 401 == 200&#10; +  where 401 = &lt;Response [401]&gt;.status_code">tests/test_doula_midwife_routes_phase7.py:611: in test_provider_clients_endpoint
    assert response.status_code == 200, f"Provider clients failed: {response.status_code}"
E   AssertionError: Provider clients failed: 401
E   assert 401 == 200
E    +  where 401 = &lt;Response [401]&gt;.status_code</failure></testcase><testcase classname="tests.test_doula_midwife_routes_phase7.TestProviderRoutesRegression" name="test_provider_dashboard_endpoint" time="0.462"><failure message="AssertionError: Provider dashboard failed: 401&#10;assert 401 == 200&#10; +  where 401 = &lt;Response [401]&gt;.status_code">tests/test_doula_midwife_routes_phase7.py:618: in test_provider_dashboard_endpoint
    assert response.status_code == 200, f"Provider dashboard failed: {response.status_code}"
E   AssertionError: Provider dashboard failed: 401
E   assert 401 == 200
E    +  where 401 = &lt;Response [401]&gt;.status_code</failure></testcase></testsuite></testsuites>