<?xml version="1.0" encoding="utf-8"?><testsuites name="pytest tests"><testsuite name="pytest" errors="0" failures="0" skipped="0" tests="14" time="3.458" timestamp="2026-02-19T02:12:53.094765+00:00" hostname="agent-env-2d74ceb9-c96d-4403-8323-cb55da61a20c"><testcase classname="backend.tests.test_midwife_contract_defaults.TestMidwifeAuth" name="test_midwife_login" time="0.521" /><testcase classname="backend.tests.test_midwife_contract_defaults.TestMidwifeContractDefaults" name="test_get_contract_defaults_empty_or_data" time="0.424" /><testcase classname="backend.tests.test_midwife_contract_defaults.TestMidwifeContractDefaults" name="test_get_contract_defaults_without_auth" time="0.125" /><testcase classname="backend.tests.test_midwife_contract_defaults.TestMidwifeContractDefaults" name="test_put_contract_defaults_saves_successfully" time="0.102" /><testcase classname="backend.tests.test_midwife_contract_defaults.TestMidwifeContractDefaults" name="test_get_contract_defaults_returns_saved_data" time="0.091" /><testcase classname="backend.tests.test_midwife_contract_defaults.TestMidwifeContractDefaults" name="test_put_contract_defaults_without_auth" time="0.118" /><testcase classname="backend.tests.test_midwife_contract_defaults.TestMidwifeContractCreation" name="test_create_contract_with_valid_data" time="0.504" /><testcase classname="backend.tests.test_midwife_contract_defaults.TestMidwifeContractCreation" name="test_create_contract_with_minimal_data" time="0.066" /><testcase classname="backend.tests.test_midwife_contract_defaults.TestMidwifeContractCreation" name="test_get_contracts_list" time="0.071" /><testcase classname="backend.tests.test_midwife_contract_defaults.TestMidwifeInvoiceCreation" name="test_create_invoice_with_valid_data" time="0.560" /><testcase classname="backend.tests.test_midwife_contract_defaults.TestMidwifeInvoiceCreation" name="test_create_invoice_with_minimal_data" time="0.067" /><testcase classname="backend.tests.test_midwife_contract_defaults.TestMidwifeInvoiceCreation" name="test_get_invoices_list" time="0.079" /><testcase classname="backend.tests.test_midwife_contract_defaults.TestCleanup" name="test_cleanup_draft_contracts" time="0.537" /><testcase classname="backend.tests.test_midwife_contract_defaults.TestCleanup" name="test_cleanup_draft_invoices" time="0.135" /></testsuite></testsuites>