<?xml version="1.0" encoding="utf-8"?><testsuites name="pytest tests"><testsuite name="pytest" errors="0" failures="2" skipped="0" tests="12" time="4.249" timestamp="2026-02-19T22:45:04.202893+00:00" hostname="agent-env-407be43c-5327-457e-9a99-dcc67cc72091"><testcase classname="backend.tests.test_backend_refactoring_phase2.TestLogin" name="test_login_with_valid_credentials" time="0.548" /><testcase classname="backend.tests.test_backend_refactoring_phase2.TestLogin" name="test_login_with_invalid_credentials" time="0.255" /><testcase classname="backend.tests.test_backend_refactoring_phase2.TestMarketplaceProviders" name="test_get_providers_returns_list" time="0.171" /><testcase classname="backend.tests.test_backend_refactoring_phase2.TestMarketplaceProviders" name="test_get_providers_filter_by_doula" time="0.144" /><testcase classname="backend.tests.test_backend_refactoring_phase2.TestMarketplaceProviders" name="test_get_providers_filter_by_midwife" time="0.131" /><testcase classname="backend.tests.test_backend_refactoring_phase2.TestMarketplaceProviderDetail" name="test_get_provider_detail" time="0.389" /><testcase classname="backend.tests.test_backend_refactoring_phase2.TestMarketplaceProviderDetail" name="test_get_nonexistent_provider" time="0.117" /><testcase classname="backend.tests.test_backend_refactoring_phase2.TestAuthMe" name="test_get_current_user" time="0.742" /><testcase classname="backend.tests.test_backend_refactoring_phase2.TestAuthMe" name="test_get_current_user_without_auth" time="0.121" /><testcase classname="backend.tests.test_backend_refactoring_phase2.TestProviderEndpoints" name="test_get_clients" time="0.585" /><testcase classname="backend.tests.test_backend_refactoring_phase2.TestProviderEndpoints" name="test_get_contracts" time="0.488"><failure message="AssertionError: Get contracts failed: {&quot;detail&quot;:&quot;Not Found&quot;}&#10;assert 404 == 200&#10; +  where 404 = &lt;Response [404]&gt;.status_code">backend/tests/test_backend_refactoring_phase2.py:246: in test_get_contracts
    assert response.status_code == 200, f"Get contracts failed: {response.text}"
E   AssertionError: Get contracts failed: {"detail":"Not Found"}
E   assert 404 == 200
E    +  where 404 = &lt;Response [404]&gt;.status_code</failure></testcase><testcase classname="backend.tests.test_backend_refactoring_phase2.TestProviderEndpoints" name="test_get_invoices" time="0.459"><failure message="AssertionError: Get invoices failed: {&quot;detail&quot;:&quot;Not Found&quot;}&#10;assert 404 == 200&#10; +  where 404 = &lt;Response [404]&gt;.status_code">backend/tests/test_backend_refactoring_phase2.py:259: in test_get_invoices
    assert response.status_code == 200, f"Get invoices failed: {response.text}"
E   AssertionError: Get invoices failed: {"detail":"Not Found"}
E   assert 404 == 200
E    +  where 404 = &lt;Response [404]&gt;.status_code</failure></testcase></testsuite></testsuites>