<?xml version="1.0" encoding="utf-8"?><testsuites name="pytest tests"><testsuite name="pytest" errors="0" failures="0" skipped="0" tests="5" time="2.891" timestamp="2026-02-20T14:57:32.805806+00:00" hostname="agent-env-ced05eaa-a4ea-4b2a-8bd2-13209f383f01"><testcase classname="backend.tests.test_dashboard_stats.TestDashboardStats" name="test_doula_dashboard_stats_keys" time="0.683" /><testcase classname="backend.tests.test_dashboard_stats.TestDashboardStats" name="test_active_clients_count" time="0.552" /><testcase classname="backend.tests.test_dashboard_stats.TestDashboardStats" name="test_pending_contracts_count" time="0.495" /><testcase classname="backend.tests.test_dashboard_stats.TestDashboardStats" name="test_pending_invoices_count" time="0.595" /><testcase classname="backend.tests.test_dashboard_stats.TestDashboardStats" name="test_upcoming_appointments_count" time="0.509" /></testsuite></testsuites>