<?xml version="1.0" encoding="utf-8"?><testsuites name="pytest tests"><testsuite name="pytest" errors="0" failures="2" skipped="0" tests="47" time="20.783" timestamp="2026-02-19T23:57:16.126887+00:00" hostname="agent-env-da27e621-3687-4fff-aff9-4c220afa0162"><testcase classname="backend.tests.test_contracts_phase9.TestSetup" name="test_base_url_configured" time="0.000" /><testcase classname="backend.tests.test_contracts_phase9.TestSetup" name="test_health_check" time="0.273" /><testcase classname="backend.tests.test_contracts_phase9.TestAuthLogin" name="test_doula_login_success" time="0.388"><failure message="AssertionError: User role should be DOULA&#10;assert None == 'DOULA'&#10; +  where None = &lt;built-in method get of dict object at 0xfa17f3c93a00&gt;('role')&#10; +    where &lt;built-in method get of dict object at 0xfa17f3c93a00&gt; = {}.get&#10; +      where {} = &lt;built-in method get of dict object at 0xfa17f3aee080&gt;('user', {})&#10; +        where &lt;built-in method get of dict object at 0xfa17f3aee080&gt; = {'email': 'demo.doula@truejoybirthing.com', 'full_name': 'Sarah Mitchell', 'onboarding_completed': True, 'picture': 'https://example.com/test-picture.jpg', ...}.get">backend/tests/test_contracts_phase9.py:59: in test_doula_login_success
    assert data.get("user", {}).get("role") == "DOULA", "User role should be DOULA"
E   AssertionError: User role should be DOULA
E   assert None == 'DOULA'
E    +  where None = &lt;built-in method get of dict object at 0xfa17f3c93a00&gt;('role')
E    +    where &lt;built-in method get of dict object at 0xfa17f3c93a00&gt; = {}.get
E    +      where {} = &lt;built-in method get of dict object at 0xfa17f3aee080&gt;('user', {})
E    +        where &lt;built-in method get of dict object at 0xfa17f3aee080&gt; = {'email': 'demo.doula@truejoybirthing.com', 'full_name': 'Sarah Mitchell', 'onboarding_completed': True, 'picture': 'https://example.com/test-picture.jpg', ...}.get</failure></testcase><testcase classname="backend.tests.test_contracts_phase9.TestAuthLogin" name="test_midwife_login_success" time="0.365"><failure message="AssertionError: User role should be MIDWIFE&#10;assert None == 'MIDWIFE'&#10; +  where None = &lt;built-in method get of dict object at 0xfa17f3d42200&gt;('role')&#10; +    where &lt;built-in method get of dict object at 0xfa17f3d42200&gt; = {}.get&#10; +      where {} = &lt;built-in method get of dict object at 0xfa17f3d43c80&gt;('user', {})&#10; +        where &lt;built-in method get of dict object at 0xfa17f3d43c80&gt; = {'email': 'demo.midwife@truejoybirthing.com', 'full_name': 'Emily Thompson', 'onboarding_completed': True, 'picture': 'https://api.dicebear.com/7.x/lorelei/png?seed=Emily Thompson&amp;size=200', ...}.get">backend/tests/test_contracts_phase9.py:71: in test_midwife_login_success
    assert data.get("user", {}).get("role") == "MIDWIFE", "User role should be MIDWIFE"
E   AssertionError: User role should be MIDWIFE
E   assert None == 'MIDWIFE'
E    +  where None = &lt;built-in method get of dict object at 0xfa17f3d42200&gt;('role')
E    +    where &lt;built-in method get of dict object at 0xfa17f3d42200&gt; = {}.get
E    +      where {} = &lt;built-in method get of dict object at 0xfa17f3d43c80&gt;('user', {})
E    +        where &lt;built-in method get of dict object at 0xfa17f3d43c80&gt; = {'email': 'demo.midwife@truejoybirthing.com', 'full_name': 'Emily Thompson', 'onboarding_completed': True, 'picture': 'https://api.dicebear.com/7.x/lorelei/png?seed=Emily Thompson&amp;size=200', ...}.get</failure></testcase><testcase classname="backend.tests.test_contracts_phase9.TestDoulaContractsRoutes" name="test_get_doula_contracts_list" time="0.413" /><testcase classname="backend.tests.test_contracts_phase9.TestDoulaContractsRoutes" name="test_get_doula_contracts_requires_auth" time="0.122" /><testcase classname="backend.tests.test_contracts_phase9.TestDoulaContractsRoutes" name="test_get_doula_contract_template" time="0.417" /><testcase classname="backend.tests.test_contracts_phase9.TestDoulaContractsRoutes" name="test_create_doula_contract" time="0.555" /><testcase classname="backend.tests.test_contracts_phase9.TestDoulaContractsRoutes" name="test_update_doula_contract" time="0.513" /><testcase classname="backend.tests.test_contracts_phase9.TestDoulaContractsRoutes" name="test_duplicate_doula_contract" time="0.542" /><testcase classname="backend.tests.test_contracts_phase9.TestDoulaContractsRoutes" name="test_delete_doula_contract_draft" time="0.553" /><testcase classname="backend.tests.test_contracts_phase9.TestDoulaContractsRoutes" name="test_delete_non_draft_contract_fails" time="0.484" /><testcase classname="backend.tests.test_contracts_phase9.TestDoulaContractViews" name="test_get_contract_by_id" time="0.557" /><testcase classname="backend.tests.test_contracts_phase9.TestDoulaContractViews" name="test_get_contract_html" time="0.545" /><testcase classname="backend.tests.test_contracts_phase9.TestDoulaContractViews" name="test_get_contract_pdf" time="0.551" /><testcase classname="backend.tests.test_contracts_phase9.TestDoulaContractViews" name="test_get_contract_not_found" time="0.137" /><testcase classname="backend.tests.test_contracts_phase9.TestDoulaContractActions" name="test_send_doula_contract" time="0.512" /><testcase classname="backend.tests.test_contracts_phase9.TestDoulaContractActions" name="test_sign_doula_contract" time="0.807" /><testcase classname="backend.tests.test_contracts_phase9.TestDoulaContractActions" name="test_sign_requires_name" time="0.123" /><testcase classname="backend.tests.test_contracts_phase9.TestMidwifeContractsRoutes" name="test_get_midwife_contracts_list" time="0.393" /><testcase classname="backend.tests.test_contracts_phase9.TestMidwifeContractsRoutes" name="test_get_midwife_contracts_requires_auth" time="0.169" /><testcase classname="backend.tests.test_contracts_phase9.TestMidwifeContractsRoutes" name="test_get_midwife_contract_template" time="0.388" /><testcase classname="backend.tests.test_contracts_phase9.TestMidwifeContractsRoutes" name="test_create_midwife_contract" time="0.485" /><testcase classname="backend.tests.test_contracts_phase9.TestMidwifeContractsRoutes" name="test_update_midwife_contract" time="0.468" /><testcase classname="backend.tests.test_contracts_phase9.TestMidwifeContractsRoutes" name="test_duplicate_midwife_contract" time="0.475" /><testcase classname="backend.tests.test_contracts_phase9.TestMidwifeContractsRoutes" name="test_delete_midwife_contract_draft" time="0.541" /><testcase classname="backend.tests.test_contracts_phase9.TestMidwifeContractViews" name="test_get_midwife_contract_by_id_authenticated" time="0.472" /><testcase classname="backend.tests.test_contracts_phase9.TestMidwifeContractViews" name="test_get_midwife_contract_public" time="0.520" /><testcase classname="backend.tests.test_contracts_phase9.TestMidwifeContractViews" name="test_get_midwife_contract_html" time="0.569" /><testcase classname="backend.tests.test_contracts_phase9.TestMidwifeContractViews" name="test_get_midwife_contract_pdf" time="0.534" /><testcase classname="backend.tests.test_contracts_phase9.TestMidwifeContractActions" name="test_send_midwife_contract" time="0.462" /><testcase classname="backend.tests.test_contracts_phase9.TestMidwifeContractActions" name="test_sign_midwife_contract" time="0.779" /><testcase classname="backend.tests.test_contracts_phase9.TestMidwifeContractDefaults" name="test_get_midwife_contract_defaults" time="0.428" /><testcase classname="backend.tests.test_contracts_phase9.TestMidwifeContractDefaults" name="test_save_midwife_contract_defaults" time="0.514" /><testcase classname="backend.tests.test_contracts_phase9.TestContractTemplates" name="test_get_doula_contract_templates" time="0.401" /><testcase classname="backend.tests.test_contracts_phase9.TestContractTemplates" name="test_create_doula_contract_template" time="0.479" /><testcase classname="backend.tests.test_contracts_phase9.TestContractTemplates" name="test_get_midwife_contract_templates" time="0.419" /><testcase classname="backend.tests.test_contracts_phase9.TestContractTemplates" name="test_create_midwife_contract_template" time="0.427" /><testcase classname="backend.tests.test_contracts_phase9.TestContractTemplates" name="test_update_contract_template" time="0.458" /><testcase classname="backend.tests.test_contracts_phase9.TestContractTemplates" name="test_delete_contract_template" time="0.455" /><testcase classname="backend.tests.test_contracts_phase9.TestContractTemplates" name="test_wrong_template_type_rejected" time="0.474" /><testcase classname="backend.tests.test_contracts_phase9.TestRoleBasedAccess" name="test_doula_cannot_access_midwife_contracts" time="0.411" /><testcase classname="backend.tests.test_contracts_phase9.TestRoleBasedAccess" name="test_midwife_cannot_access_doula_contracts" time="0.408" /><testcase classname="backend.tests.test_contracts_phase9.TestRoleBasedAccess" name="test_doula_cannot_access_midwife_contract_defaults" time="0.435" /><testcase classname="backend.tests.test_contracts_phase9.TestObjectIdSerialization" name="test_doula_contracts_no_objectid" time="0.412" /><testcase classname="backend.tests.test_contracts_phase9.TestObjectIdSerialization" name="test_midwife_contracts_no_objectid" time="0.392" /><testcase classname="backend.tests.test_contracts_phase9.TestObjectIdSerialization" name="test_contract_templates_no_objectid" time="0.378" /></testsuite></testsuites>