<?xml version="1.0" encoding="utf-8"?><testsuites name="pytest tests"><testsuite name="pytest" errors="0" failures="0" skipped="2" tests="12" time="2.168" timestamp="2026-02-19T20:30:41.608336+00:00" hostname="agent-env-127056b5-6e52-4c68-9d4d-09a21f5a26a3"><testcase classname="tests.test_iteration90_features.TestProviderClientsEndpoint" name="test_provider_clients_returns_is_active_field" time="0.648" /><testcase classname="tests.test_iteration90_features.TestProviderClientsEndpoint" name="test_provider_clients_default_filters_active" time="0.073" /><testcase classname="tests.test_iteration90_features.TestProviderClientsEndpoint" name="test_provider_clients_include_inactive_true" time="0.079" /><testcase classname="tests.test_iteration90_features.TestProviderClientsEndpoint" name="test_provider_clients_unauthorized" time="0.135" /><testcase classname="tests.test_iteration90_features.TestMomTeamProviders" name="test_mom_team_providers_returns_list" time="0.367" /><testcase classname="tests.test_iteration90_features.TestMomTeamProviders" name="test_mom_team_providers_unauthorized" time="0.218" /><testcase classname="tests.test_iteration90_features.TestMomAppointmentCreation" name="test_mom_create_appointment_requires_provider" time="0.074" /><testcase classname="tests.test_iteration90_features.TestMomAppointmentCreation" name="test_mom_create_appointment_requires_team_connection" time="0.115" /><testcase classname="tests.test_iteration90_features.TestMomAppointmentCreation" name="test_mom_create_appointment_with_team_provider" time="0.086"><skipped type="pytest.skip" message="Mom has no providers in team - cannot test appointment creation">/app/backend/tests/test_iteration90_features.py:187: Mom has no providers in team - cannot test appointment creation</skipped></testcase><testcase classname="tests.test_iteration90_features.TestMomAppointmentCreation" name="test_mom_create_appointment_unauthorized" time="0.169" /><testcase classname="tests.test_iteration90_features.TestMomAppointmentsListEndpoint" name="test_mom_can_get_appointments" time="0.069" /><testcase classname="tests.test_iteration90_features.TestProviderReceivesAppointmentRequest" name="test_provider_sees_mom_appointment_request" time="0.076"><skipped type="pytest.skip" message="No providers in team">/app/backend/tests/test_iteration90_features.py:263: No providers in team</skipped></testcase></testsuite></testsuites>