<?xml version="1.0" encoding="utf-8"?><testsuites name="pytest tests"><testsuite name="pytest" errors="0" failures="4" skipped="0" tests="14" time="3.415" timestamp="2026-02-19T02:11:41.192290+00:00" hostname="agent-env-2d74ceb9-c96d-4403-8323-cb55da61a20c"><testcase classname="backend.tests.test_midwife_contract_defaults.TestMidwifeAuth" name="test_midwife_login" time="0.497" /><testcase classname="backend.tests.test_midwife_contract_defaults.TestMidwifeContractDefaults" name="test_get_contract_defaults_empty_or_data" time="0.440" /><testcase classname="backend.tests.test_midwife_contract_defaults.TestMidwifeContractDefaults" name="test_get_contract_defaults_without_auth" time="0.154" /><testcase classname="backend.tests.test_midwife_contract_defaults.TestMidwifeContractDefaults" name="test_put_contract_defaults_saves_successfully" time="0.057" /><testcase classname="backend.tests.test_midwife_contract_defaults.TestMidwifeContractDefaults" name="test_get_contract_defaults_returns_saved_data" time="0.063" /><testcase classname="backend.tests.test_midwife_contract_defaults.TestMidwifeContractDefaults" name="test_put_contract_defaults_without_auth" time="0.144" /><testcase classname="backend.tests.test_midwife_contract_defaults.TestMidwifeContractCreation" name="test_create_contract_with_valid_data" time="0.627"><failure message="AssertionError: Expected 200/201, got 404: {&quot;detail&quot;:&quot;Client not found&quot;}&#10;assert 404 in [200, 201]&#10; +  where 404 = &lt;Response [404]&gt;.status_code">backend/tests/test_midwife_contract_defaults.py:251: in test_create_contract_with_valid_data
    assert response.status_code in [200, 201], f"Expected 200/201, got {response.status_code}: {response.text}"
E   AssertionError: Expected 200/201, got 404: {"detail":"Client not found"}
E   assert 404 in [200, 201]
E    +  where 404 = &lt;Response [404]&gt;.status_code</failure></testcase><testcase classname="backend.tests.test_midwife_contract_defaults.TestMidwifeContractCreation" name="test_create_contract_with_minimal_data" time="0.070"><failure message="AssertionError: Expected 200/201, got 404: {&quot;detail&quot;:&quot;Client not found&quot;}&#10;assert 404 in [200, 201]&#10; +  where 404 = &lt;Response [404]&gt;.status_code">backend/tests/test_midwife_contract_defaults.py:277: in test_create_contract_with_minimal_data
    assert response.status_code in [200, 201], f"Expected 200/201, got {response.status_code}: {response.text}"
E   AssertionError: Expected 200/201, got 404: {"detail":"Client not found"}
E   assert 404 in [200, 201]
E    +  where 404 = &lt;Response [404]&gt;.status_code</failure></testcase><testcase classname="backend.tests.test_midwife_contract_defaults.TestMidwifeContractCreation" name="test_get_contracts_list" time="0.086" /><testcase classname="backend.tests.test_midwife_contract_defaults.TestMidwifeInvoiceCreation" name="test_create_invoice_with_valid_data" time="0.504"><failure message="AssertionError: Expected 200/201, got 404: {&quot;detail&quot;:&quot;Client not found&quot;}&#10;assert 404 in [200, 201]&#10; +  where 404 = &lt;Response [404]&gt;.status_code">backend/tests/test_midwife_contract_defaults.py:365: in test_create_invoice_with_valid_data
    assert response.status_code in [200, 201], f"Expected 200/201, got {response.status_code}: {response.text}"
E   AssertionError: Expected 200/201, got 404: {"detail":"Client not found"}
E   assert 404 in [200, 201]
E    +  where 404 = &lt;Response [404]&gt;.status_code</failure></testcase><testcase classname="backend.tests.test_midwife_contract_defaults.TestMidwifeInvoiceCreation" name="test_create_invoice_with_minimal_data" time="0.097"><failure message="AssertionError: Expected 200/201, got 404: {&quot;detail&quot;:&quot;Client not found&quot;}&#10;assert 404 in [200, 201]&#10; +  where 404 = &lt;Response [404]&gt;.status_code">backend/tests/test_midwife_contract_defaults.py:387: in test_create_invoice_with_minimal_data
    assert response.status_code in [200, 201], f"Expected 200/201, got {response.status_code}: {response.text}"
E   AssertionError: Expected 200/201, got 404: {"detail":"Client not found"}
E   assert 404 in [200, 201]
E    +  where 404 = &lt;Response [404]&gt;.status_code</failure></testcase><testcase classname="backend.tests.test_midwife_contract_defaults.TestMidwifeInvoiceCreation" name="test_get_invoices_list" time="0.066" /><testcase classname="backend.tests.test_midwife_contract_defaults.TestCleanup" name="test_cleanup_draft_contracts" time="0.438" /><testcase classname="backend.tests.test_midwife_contract_defaults.TestCleanup" name="test_cleanup_draft_invoices" time="0.063" /></testsuite></testsuites>