<?xml version="1.0" encoding="utf-8"?><testsuites name="pytest tests"><testsuite name="pytest" errors="0" failures="0" skipped="0" tests="7" time="2.856" timestamp="2026-02-19T01:32:06.076432+00:00" hostname="agent-env-2d74ceb9-c96d-4403-8323-cb55da61a20c"><testcase classname="backend.tests.test_contract_defaults.TestContractDefaults" name="test_get_contract_defaults_returns_200" time="0.588" /><testcase classname="backend.tests.test_contract_defaults.TestContractDefaults" name="test_get_contract_defaults_returns_existing_defaults" time="0.462" /><testcase classname="backend.tests.test_contract_defaults.TestContractDefaults" name="test_put_contract_defaults_saves_successfully" time="0.475" /><testcase classname="backend.tests.test_contract_defaults.TestContractDefaults" name="test_put_and_get_contract_defaults_persistence" time="0.511" /><testcase classname="backend.tests.test_contract_defaults.TestContractDefaults" name="test_restore_original_defaults" time="0.513" /><testcase classname="backend.tests.test_contract_defaults.TestContractDefaultsUnauthorized" name="test_get_defaults_without_auth_returns_401" time="0.105" /><testcase classname="backend.tests.test_contract_defaults.TestContractDefaultsUnauthorized" name="test_put_defaults_without_auth_returns_401" time="0.142" /></testsuite></testsuites>