<?xml version="1.0" encoding="utf-8"?><testsuites name="pytest tests"><testsuite name="pytest" errors="0" failures="0" skipped="0" tests="18" time="3.618" timestamp="2026-02-19T21:33:35.783651+00:00" hostname="agent-env-b57d7268-c5a5-448a-92c0-34e356ca515a"><testcase classname="tests.test_contracts_consolidated.TestDoulaContractEndpoints" name="test_list_doula_contracts" time="0.605" /><testcase classname="tests.test_contracts_consolidated.TestDoulaContractEndpoints" name="test_get_doula_contract_defaults" time="0.063" /><testcase classname="tests.test_contracts_consolidated.TestDoulaContractEndpoints" name="test_get_doula_clients" time="0.058" /><testcase classname="tests.test_contracts_consolidated.TestDoulaContractEndpoints" name="test_get_contract_templates" time="0.066" /><testcase classname="tests.test_contracts_consolidated.TestMidwifeContractEndpoints" name="test_list_midwife_contracts" time="0.475" /><testcase classname="tests.test_contracts_consolidated.TestMidwifeContractEndpoints" name="test_get_midwife_contract_defaults" time="0.076" /><testcase classname="tests.test_contracts_consolidated.TestMidwifeContractEndpoints" name="test_get_midwife_clients" time="0.146" /><testcase classname="tests.test_contracts_consolidated.TestDoulaContractCRUD" name="test_create_doula_contract" time="0.164" /><testcase classname="tests.test_contracts_consolidated.TestDoulaContractCRUD" name="test_update_doula_contract" time="0.129" /><testcase classname="tests.test_contracts_consolidated.TestDoulaContractCRUD" name="test_duplicate_doula_contract" time="0.253" /><testcase classname="tests.test_contracts_consolidated.TestDoulaContractCRUD" name="test_view_contract_pdf" time="0.302" /><testcase classname="tests.test_contracts_consolidated.TestDoulaContractCRUD" name="test_delete_doula_contract" time="0.153" /><testcase classname="tests.test_contracts_consolidated.TestMidwifeContractCRUD" name="test_create_midwife_contract" time="0.223" /><testcase classname="tests.test_contracts_consolidated.TestMidwifeContractCRUD" name="test_update_midwife_contract" time="0.179" /><testcase classname="tests.test_contracts_consolidated.TestMidwifeContractCRUD" name="test_duplicate_midwife_contract" time="0.199" /><testcase classname="tests.test_contracts_consolidated.TestMidwifeContractCRUD" name="test_view_midwife_contract_pdf" time="0.168" /><testcase classname="tests.test_contracts_consolidated.TestMidwifeContractCRUD" name="test_delete_midwife_contract" time="0.067" /><testcase classname="tests.test_contracts_consolidated.TestExistingContracts" name="test_doula_demo_contract_pdf" time="0.210" /></testsuite></testsuites>