<?xml version="1.0" encoding="utf-8"?><testsuites name="pytest tests"><testsuite name="pytest" errors="0" failures="3" skipped="0" tests="19" time="17.554" timestamp="2026-02-17T14:26:49.762075+00:00" hostname="agent-env-8b879415-618d-49f6-b618-08ad1b7690c9"><testcase classname="tests.test_collaboration_permissions.TestSetupUsers" name="test_users_created" time="1.616" /><testcase classname="tests.test_collaboration_permissions.TestConnectionSetup" name="test_connection_established" time="3.078"><failure message="AssertionError: Doula should see Mom's shared birth plan&#10;assert None is not None">tests/test_collaboration_permissions.py:235: in test_connection_established
    assert mom_plan is not None, "Doula should see Mom's shared birth plan"
E   AssertionError: Doula should see Mom's shared birth plan
E   assert None is not None</failure></testcase><testcase classname="tests.test_collaboration_permissions.TestAppointmentSystem" name="test_appointment_creation_by_doula" time="1.463" /><testcase classname="tests.test_collaboration_permissions.TestAppointmentSystem" name="test_appointment_creation_without_connection_fails" time="0.483" /><testcase classname="tests.test_collaboration_permissions.TestAppointmentSystem" name="test_mom_sees_appointments_without_private_notes" time="0.119" /><testcase classname="tests.test_collaboration_permissions.TestAppointmentSystem" name="test_provider_sees_appointments_with_private_notes" time="0.111" /><testcase classname="tests.test_collaboration_permissions.TestAppointmentSystem" name="test_mom_accept_appointment" time="0.144" /><testcase classname="tests.test_collaboration_permissions.TestAppointmentSystem" name="test_mom_decline_appointment" time="0.250" /><testcase classname="tests.test_collaboration_permissions.TestBirthPlanReadOnly" name="test_shared_birth_plan_has_read_only_flag" time="1.502"><failure message="AssertionError: Doula should see Mom's shared birth plan&#10;assert None is not None">tests/test_collaboration_permissions.py:521: in test_shared_birth_plan_has_read_only_flag
    assert mom_plan is not None, "Doula should see Mom's shared birth plan"
E   AssertionError: Doula should see Mom's shared birth plan
E   assert None is not None</failure></testcase><testcase classname="tests.test_collaboration_permissions.TestBirthPlanReadOnly" name="test_shared_birth_plan_detail_has_read_only_flag" time="0.119" /><testcase classname="tests.test_collaboration_permissions.TestMessagingPermissions" name="test_mom_can_message_connected_doula" time="2.874" /><testcase classname="tests.test_collaboration_permissions.TestMessagingPermissions" name="test_doula_can_message_connected_mom" time="0.123" /><testcase classname="tests.test_collaboration_permissions.TestMessagingPermissions" name="test_mom_cannot_message_unconnected_doula" time="0.154" /><testcase classname="tests.test_collaboration_permissions.TestMessagingPermissions" name="test_unconnected_doula_cannot_message_mom" time="0.116" /><testcase classname="tests.test_collaboration_permissions.TestMessagingPermissions" name="test_providers_with_common_client_can_message" time="0.125" /><testcase classname="tests.test_collaboration_permissions.TestMessagingPermissions" name="test_providers_without_common_client_cannot_message" time="0.123" /><testcase classname="tests.test_collaboration_permissions.TestMidwifeVisitsForMom" name="test_mom_sees_only_summary_for_mom" time="2.049"><failure message="AssertionError: Mom should see at least one visit&#10;assert 0 &gt; 0&#10; +  where 0 = len([])">tests/test_collaboration_permissions.py:843: in test_mom_sees_only_summary_for_mom
    assert len(visits) &gt; 0, "Mom should see at least one visit"
E   AssertionError: Mom should see at least one visit
E   assert 0 &gt; 0
E    +  where 0 = len([])</failure></testcase><testcase classname="tests.test_collaboration_permissions.TestBirthPlanCompletionNotification" name="test_complete_all_birth_plan_sections" time="2.826" /><testcase classname="tests.test_collaboration_permissions.TestBirthPlanCompletionNotification" name="test_provider_receives_birth_plan_complete_notification" time="0.133" /></testsuite></testsuites>