<?xml version="1.0" encoding="utf-8"?><testsuites name="pytest tests"><testsuite name="pytest" errors="0" failures="0" skipped="0" tests="49" time="27.327" timestamp="2026-02-20T00:54:26.829042+00:00" hostname="agent-env-a44ade04-1230-4129-9fca-94c9d5904190"><testcase classname="backend.tests.test_provider_unified_phase13.TestSetup" name="test_base_url_configured" time="0.000" /><testcase classname="backend.tests.test_provider_unified_phase13.TestSetup" name="test_health_check" time="0.241" /><testcase classname="backend.tests.test_provider_unified_phase13.TestAuthLogin" name="test_doula_login_success" time="0.374" /><testcase classname="backend.tests.test_provider_unified_phase13.TestAuthLogin" name="test_midwife_login_success" time="0.372" /><testcase classname="backend.tests.test_provider_unified_phase13.TestProviderClientsDoula" name="test_get_clients_list" time="0.478" /><testcase classname="backend.tests.test_provider_unified_phase13.TestProviderClientsDoula" name="test_get_clients_with_include_inactive" time="0.459" /><testcase classname="backend.tests.test_provider_unified_phase13.TestProviderClientsDoula" name="test_get_clients_with_status_filter" time="0.454" /><testcase classname="backend.tests.test_provider_unified_phase13.TestProviderClientsDoula" name="test_get_client_detail" time="0.558" /><testcase classname="backend.tests.test_provider_unified_phase13.TestProviderClientsDoula" name="test_get_client_detail_not_found" time="0.504" /><testcase classname="backend.tests.test_provider_unified_phase13.TestProviderClientsDoula" name="test_update_client" time="0.971" /><testcase classname="backend.tests.test_provider_unified_phase13.TestProviderClientsMidwife" name="test_get_clients_list" time="0.459" /><testcase classname="backend.tests.test_provider_unified_phase13.TestProviderClientsMidwife" name="test_get_client_detail_with_visits_count" time="0.762" /><testcase classname="backend.tests.test_provider_unified_phase13.TestProviderClientTimeline" name="test_get_client_timeline" time="0.639" /><testcase classname="backend.tests.test_provider_unified_phase13.TestProviderClientTimeline" name="test_get_client_timeline_not_found" time="0.463" /><testcase classname="backend.tests.test_provider_unified_phase13.TestProviderAppointmentsDoula" name="test_get_appointments" time="0.492" /><testcase classname="backend.tests.test_provider_unified_phase13.TestProviderAppointmentsDoula" name="test_get_appointments_with_filters" time="0.525" /><testcase classname="backend.tests.test_provider_unified_phase13.TestProviderAppointmentsDoula" name="test_create_appointment" time="0.631" /><testcase classname="backend.tests.test_provider_unified_phase13.TestProviderAppointmentsDoula" name="test_create_appointment_without_client_id" time="0.465" /><testcase classname="backend.tests.test_provider_unified_phase13.TestProviderAppointmentsDoula" name="test_create_appointment_with_invalid_client" time="0.515" /><testcase classname="backend.tests.test_provider_unified_phase13.TestProviderAppointmentsDoula" name="test_update_appointment" time="0.968" /><testcase classname="backend.tests.test_provider_unified_phase13.TestProviderAppointmentsDoula" name="test_update_appointment_not_found" time="0.498" /><testcase classname="backend.tests.test_provider_unified_phase13.TestProviderAppointmentsDoula" name="test_delete_appointment" time="0.839" /><testcase classname="backend.tests.test_provider_unified_phase13.TestProviderAppointmentsDoula" name="test_delete_appointment_not_found" time="0.557" /><testcase classname="backend.tests.test_provider_unified_phase13.TestProviderNotesDoula" name="test_get_notes" time="0.466" /><testcase classname="backend.tests.test_provider_unified_phase13.TestProviderNotesDoula" name="test_get_notes_filtered_by_client" time="0.575" /><testcase classname="backend.tests.test_provider_unified_phase13.TestProviderNotesDoula" name="test_create_note" time="0.627" /><testcase classname="backend.tests.test_provider_unified_phase13.TestProviderNotesDoula" name="test_create_note_without_client_id" time="0.638" /><testcase classname="backend.tests.test_provider_unified_phase13.TestProviderNotesDoula" name="test_create_note_with_invalid_client" time="0.541" /><testcase classname="backend.tests.test_provider_unified_phase13.TestProviderNotesDoula" name="test_update_note" time="0.774" /><testcase classname="backend.tests.test_provider_unified_phase13.TestProviderNotesDoula" name="test_update_note_not_found" time="0.560" /><testcase classname="backend.tests.test_provider_unified_phase13.TestProviderNotesDoula" name="test_delete_note" time="0.708" /><testcase classname="backend.tests.test_provider_unified_phase13.TestProviderNotesDoula" name="test_delete_note_not_found" time="0.556" /><testcase classname="backend.tests.test_provider_unified_phase13.TestProviderBirthRecordMidwife" name="test_get_birth_record" time="0.561" /><testcase classname="backend.tests.test_provider_unified_phase13.TestProviderBirthRecordMidwife" name="test_get_birth_record_not_found" time="0.519" /><testcase classname="backend.tests.test_provider_unified_phase13.TestProviderBirthRecordMidwife" name="test_create_birth_record" time="0.797" /><testcase classname="backend.tests.test_provider_unified_phase13.TestProviderBirthRecordMidwife" name="test_create_birth_record_for_nonexistent_client" time="0.505" /><testcase classname="backend.tests.test_provider_unified_phase13.TestProviderBirthRecordDoula" name="test_doula_can_get_birth_record" time="0.710" /><testcase classname="backend.tests.test_provider_unified_phase13.TestProviderBirthRecordDoula" name="test_doula_can_create_birth_record" time="0.692" /><testcase classname="backend.tests.test_provider_unified_phase13.TestProviderDashboard" name="test_doula_dashboard_stats" time="0.481" /><testcase classname="backend.tests.test_provider_unified_phase13.TestProviderDashboard" name="test_midwife_dashboard_stats" time="0.481" /><testcase classname="backend.tests.test_provider_unified_phase13.TestRoleBasedAccess" name="test_mom_cannot_access_provider_clients" time="0.476" /><testcase classname="backend.tests.test_provider_unified_phase13.TestRoleBasedAccess" name="test_mom_cannot_access_provider_appointments" time="0.463" /><testcase classname="backend.tests.test_provider_unified_phase13.TestRoleBasedAccess" name="test_mom_cannot_access_provider_dashboard" time="0.543" /><testcase classname="backend.tests.test_provider_unified_phase13.TestObjectIdSerialization" name="test_clients_no_objectid" time="0.507" /><testcase classname="backend.tests.test_provider_unified_phase13.TestObjectIdSerialization" name="test_appointments_no_objectid" time="0.471" /><testcase classname="backend.tests.test_provider_unified_phase13.TestObjectIdSerialization" name="test_notes_no_objectid" time="0.507" /><testcase classname="backend.tests.test_provider_unified_phase13.TestObjectIdSerialization" name="test_dashboard_no_objectid" time="0.446" /><testcase classname="backend.tests.test_provider_unified_phase13.TestMidwifeSpecificFeatures" name="test_midwife_can_create_appointments" time="0.736" /><testcase classname="backend.tests.test_provider_unified_phase13.TestMidwifeSpecificFeatures" name="test_midwife_can_create_notes" time="0.627" /></testsuite></testsuites>