<?xml version="1.0" encoding="utf-8"?><testsuites name="pytest tests"><testsuite name="pytest" errors="0" failures="0" skipped="0" tests="15" time="2.597" timestamp="2026-02-19T21:50:41.818142+00:00" hostname="agent-env-b57d7268-c5a5-448a-92c0-34e356ca515a"><testcase classname="tests.test_provider_id_standardization.TestDoulaEndpointsAfterStandardization" name="test_doula_dashboard_loads" time="0.638" /><testcase classname="tests.test_provider_id_standardization.TestDoulaEndpointsAfterStandardization" name="test_doula_clients_list" time="0.103" /><testcase classname="tests.test_provider_id_standardization.TestDoulaEndpointsAfterStandardization" name="test_doula_client_create_uses_provider_id" time="0.073" /><testcase classname="tests.test_provider_id_standardization.TestMidwifeEndpointsAfterStandardization" name="test_midwife_dashboard_loads" time="0.581" /><testcase classname="tests.test_provider_id_standardization.TestMidwifeEndpointsAfterStandardization" name="test_midwife_clients_list" time="0.082" /><testcase classname="tests.test_provider_id_standardization.TestMidwifeEndpointsAfterStandardization" name="test_midwife_client_create_uses_provider_id" time="0.097" /><testcase classname="tests.test_provider_id_standardization.TestInvoicesWithProviderIdStandardization" name="test_doula_invoices_list" time="0.085" /><testcase classname="tests.test_provider_id_standardization.TestInvoicesWithProviderIdStandardization" name="test_midwife_invoices_list" time="0.075" /><testcase classname="tests.test_provider_id_standardization.TestContractsWithProviderIdStandardization" name="test_doula_contracts_list" time="0.058" /><testcase classname="tests.test_provider_id_standardization.TestContractsWithProviderIdStandardization" name="test_midwife_contracts_list" time="0.102" /><testcase classname="tests.test_provider_id_standardization.TestContractTemplatesWithProviderIdStandardization" name="test_doula_contract_templates" time="0.134" /><testcase classname="tests.test_provider_id_standardization.TestContractTemplatesWithProviderIdStandardization" name="test_midwife_contract_templates" time="0.107" /><testcase classname="tests.test_provider_id_standardization.TestProviderIdHelperFunctions" name="test_doula_client_details_use_provider_id" time="0.140" /><testcase classname="tests.test_provider_id_standardization.TestProviderIdHelperFunctions" name="test_midwife_client_details_use_provider_id" time="0.168" /><testcase classname="tests.test_provider_id_standardization.TestNotesWithProviderIdStandardization" name="test_doula_notes_list" time="0.067" /></testsuite></testsuites>