<?xml version="1.0" encoding="utf-8"?><testsuites name="pytest tests"><testsuite name="pytest" errors="0" failures="0" skipped="0" tests="11" time="1.947" timestamp="2026-02-20T20:18:25.595087+00:00" hostname="agent-env-3369977f-691c-4106-9054-6d3bfd23425e"><testcase classname="backend.tests.test_youtube_embed_127.TestMarketplaceVideoURL" name="test_marketplace_providers_endpoint_exists" time="0.316" /><testcase classname="backend.tests.test_youtube_embed_127.TestMarketplaceVideoURL" name="test_doula_profile_contains_video_intro_url_field" time="0.262" /><testcase classname="backend.tests.test_youtube_embed_127.TestMarketplaceVideoURL" name="test_midwife_profile_contains_video_intro_url_field" time="0.126" /><testcase classname="backend.tests.test_youtube_embed_127.TestMarketplaceVideoURL" name="test_provider_with_youtube_video_has_valid_url" time="0.144" /><testcase classname="backend.tests.test_youtube_embed_127.TestVideoIDExtraction" name="test_standard_youtube_url_extraction" time="0.000" /><testcase classname="backend.tests.test_youtube_embed_127.TestVideoIDExtraction" name="test_short_youtube_url_extraction" time="0.000" /><testcase classname="backend.tests.test_youtube_embed_127.TestVideoIDExtraction" name="test_embed_youtube_url_extraction" time="0.000" /><testcase classname="backend.tests.test_youtube_embed_127.TestVideoIDExtraction" name="test_direct_video_id" time="0.000" /><testcase classname="backend.tests.test_youtube_embed_127.TestProviderProfileUpdate" name="test_doula_can_update_video_intro_url" time="0.945" /><testcase classname="backend.tests.test_youtube_embed_127.TestYouTubeThumbnail" name="test_thumbnail_url_format" time="0.000" /><testcase classname="backend.tests.test_youtube_embed_127.TestYouTubeThumbnail" name="test_thumbnail_url_is_accessible" time="0.090" /></testsuite></testsuites>