<?xml version="1.0" encoding="utf-8"?><testsuites name="pytest tests"><testsuite name="pytest" errors="0" failures="0" skipped="0" tests="5" time="1.597" timestamp="2026-02-20T19:49:42.498726+00:00" hostname="agent-env-ced05eaa-a4ea-4b2a-8bd2-13209f383f01"><testcase classname="test_utils_routes_migration.TestZipCodeLookupMigration" name="test_valid_zipcode_90210_beverly_hills" time="0.303" /><testcase classname="test_utils_routes_migration.TestZipCodeLookupMigration" name="test_invalid_zipcode_returns_404" time="0.213" /><testcase classname="test_utils_routes_migration.TestWeeklyContentMigration" name="test_weekly_content_all_returns_all_weeks" time="0.151" /><testcase classname="test_utils_routes_migration.TestWeeklyContentMigration" name="test_weekly_content_with_mom_auth" time="0.755" /><testcase classname="test_utils_routes_migration.TestWeeklyContentMigration" name="test_weekly_content_requires_authentication" time="0.119" /></testsuite></testsuites>