<?xml version="1.0" encoding="utf-8"?><testsuites name="pytest tests"><testsuite name="pytest" errors="0" failures="3" skipped="0" tests="14" time="6.802" timestamp="2026-02-16T04:30:52.001168+00:00" hostname="agent-env-606eb975-708f-4c4f-b26c-bf7550c87b8d"><testcase classname="backend.tests.test_doula_api.TestMomLogin" name="test_mom_login_success" time="0.575"><failure message="AssertionError: assert 'user' in {'email': 'sharemom2_1771213474@test.com', 'full_name': 'Share Test Mom', 'onboarding_completed': True, 'picture': None, ...}">backend/tests/test_doula_api.py:32: in test_mom_login_success
    assert "user" in data
E   AssertionError: assert 'user' in {'email': 'sharemom2_1771213474@test.com', 'full_name': 'Share Test Mom', 'onboarding_completed': True, 'picture': None, ...}</failure></testcase><testcase classname="backend.tests.test_doula_api.TestDoulaLogin" name="test_doula_login_success" time="0.375"><failure message="AssertionError: assert 'user' in {'email': 'doula2_1771213474@test.com', 'full_name': 'Test Doula Sarah', 'onboarding_completed': True, 'picture': None, ...}">backend/tests/test_doula_api.py:51: in test_doula_login_success
    assert "user" in data
E   AssertionError: assert 'user' in {'email': 'doula2_1771213474@test.com', 'full_name': 'Test Doula Sarah', 'onboarding_completed': True, 'picture': None, ...}</failure></testcase><testcase classname="backend.tests.test_doula_api.TestDoulaDashboard" name="test_get_dashboard_returns_stats" time="0.421" /><testcase classname="backend.tests.test_doula_api.TestDoulaClients" name="test_get_clients_returns_array" time="0.440" /><testcase classname="backend.tests.test_doula_api.TestDoulaClients" name="test_create_client_success" time="0.461" /><testcase classname="backend.tests.test_doula_api.TestDoulaContracts" name="test_get_contracts_returns_array" time="0.451" /><testcase classname="backend.tests.test_doula_api.TestDoulaContracts" name="test_create_contract_success" time="0.634" /><testcase classname="backend.tests.test_doula_api.TestDoulaInvoices" name="test_get_invoices_returns_array" time="0.511" /><testcase classname="backend.tests.test_doula_api.TestDoulaInvoices" name="test_create_invoice_success" time="0.644" /><testcase classname="backend.tests.test_doula_api.TestMomScreenAPIs" name="test_timeline_api" time="0.397" /><testcase classname="backend.tests.test_doula_api.TestMomScreenAPIs" name="test_wellness_entries_api" time="0.404" /><testcase classname="backend.tests.test_doula_api.TestMomScreenAPIs" name="test_postpartum_plan_api" time="0.432" /><testcase classname="backend.tests.test_doula_api.TestMomScreenAPIs" name="test_mom_team_api" time="0.386"><failure message="AssertionError: assert False&#10; +  where False = isinstance({'doula': {'name': 'Test Doula Sarah', 'picture': None, 'profile': {'accepting_new_clients': True, 'bio': 'Experienced birth and postpartum doula', 'in_marketplace': False, 'location_city': 'Los Angeles', ...}, 'user_id': 'user_508e3b9c3ce4'}, 'midwife': None}, list)">backend/tests/test_doula_api.py:366: in test_mom_team_api
    assert isinstance(data, list)
E   AssertionError: assert False
E    +  where False = isinstance({'doula': {'name': 'Test Doula Sarah', 'picture': None, 'profile': {'accepting_new_clients': True, 'bio': 'Experienced birth and postpartum doula', 'in_marketplace': False, 'location_city': 'Los Angeles', ...}, 'user_id': 'user_508e3b9c3ce4'}, 'midwife': None}, list)</failure></testcase><testcase classname="backend.tests.test_doula_api.TestMomScreenAPIs" name="test_birth_plan_api" time="0.544" /></testsuite></testsuites>