<?xml version="1.0" encoding="utf-8"?><testsuites name="pytest tests"><testsuite name="pytest" errors="0" failures="0" skipped="0" tests="36" time="19.063" timestamp="2026-02-20T01:10:54.695540+00:00" hostname="agent-env-a44ade04-1230-4129-9fca-94c9d5904190"><testcase classname="backend.tests.test_client_centered_architecture.TestSetup" name="test_base_url_configured" time="0.000" /><testcase classname="backend.tests.test_client_centered_architecture.TestSetup" name="test_health_check" time="0.242" /><testcase classname="backend.tests.test_client_centered_architecture.TestAuth" name="test_doula_login" time="0.362" /><testcase classname="backend.tests.test_client_centered_architecture.TestAuth" name="test_midwife_login" time="0.347" /><testcase classname="backend.tests.test_client_centered_architecture.TestAuth" name="test_mom_login" time="0.330" /><testcase classname="backend.tests.test_client_centered_architecture.TestClientDataModel" name="test_doula_clients_have_required_fields" time="0.475" /><testcase classname="backend.tests.test_client_centered_architecture.TestClientDataModel" name="test_midwife_clients_have_required_fields" time="0.476" /><testcase classname="backend.tests.test_client_centered_architecture.TestClientDataModel" name="test_client_detail_has_counts" time="0.535" /><testcase classname="backend.tests.test_client_centered_architecture.TestClientDataModel" name="test_client_timeline_has_links" time="0.595" /><testcase classname="backend.tests.test_client_centered_architecture.TestActiveClientLogic" name="test_include_inactive_false_filters_clients" time="0.595" /><testcase classname="backend.tests.test_client_centered_architecture.TestActiveClientLogic" name="test_dashboard_shows_active_clients_count" time="0.479" /><testcase classname="backend.tests.test_client_centered_architecture.TestActiveClientLogic" name="test_midwife_dashboard_has_role_specific_stats" time="0.477" /><testcase classname="backend.tests.test_client_centered_architecture.TestProviderAppointments" name="test_get_appointments_have_required_fields" time="0.559" /><testcase classname="backend.tests.test_client_centered_architecture.TestProviderAppointments" name="test_create_appointment_requires_client_id" time="0.447" /><testcase classname="backend.tests.test_client_centered_architecture.TestProviderAppointments" name="test_create_appointment_stores_provider_id" time="0.718" /><testcase classname="backend.tests.test_client_centered_architecture.TestMomAppointments" name="test_get_mom_appointments" time="0.573" /><testcase classname="backend.tests.test_client_centered_architecture.TestMomAppointments" name="test_mom_cannot_access_provider_routes" time="0.709" /><testcase classname="backend.tests.test_client_centered_architecture.TestProviderNotes" name="test_get_notes_have_client_id" time="0.560" /><testcase classname="backend.tests.test_client_centered_architecture.TestProviderNotes" name="test_create_note_requires_client_id" time="0.494" /><testcase classname="backend.tests.test_client_centered_architecture.TestMidwifeVisits" name="test_get_visits_have_required_fields" time="0.579" /><testcase classname="backend.tests.test_client_centered_architecture.TestMidwifeVisits" name="test_create_visit_requires_client_id" time="0.572" /><testcase classname="backend.tests.test_client_centered_architecture.TestMidwifeVisits" name="test_create_visit_creates_appointment" time="0.637" /><testcase classname="backend.tests.test_client_centered_architecture.TestContracts" name="test_doula_contracts_have_client_id" time="0.505" /><testcase classname="backend.tests.test_client_centered_architecture.TestContracts" name="test_midwife_contracts_have_client_id" time="0.507" /><testcase classname="backend.tests.test_client_centered_architecture.TestContracts" name="test_create_contract_requires_client_id" time="0.545" /><testcase classname="backend.tests.test_client_centered_architecture.TestInvoices" name="test_doula_invoices_have_required_fields" time="0.457" /><testcase classname="backend.tests.test_client_centered_architecture.TestInvoices" name="test_midwife_invoices_have_required_fields" time="0.524" /><testcase classname="backend.tests.test_client_centered_architecture.TestInvoices" name="test_create_invoice_requires_client_id" time="0.480" /><testcase classname="backend.tests.test_client_centered_architecture.TestRoleAccess" name="test_doula_can_access_provider_routes" time="0.730" /><testcase classname="backend.tests.test_client_centered_architecture.TestRoleAccess" name="test_midwife_can_access_provider_routes" time="0.770" /><testcase classname="backend.tests.test_client_centered_architecture.TestRoleAccess" name="test_mom_cannot_access_provider_routes" time="0.801" /><testcase classname="backend.tests.test_client_centered_architecture.TestRoleAccess" name="test_provider_cannot_access_mom_routes" time="0.712" /><testcase classname="backend.tests.test_client_centered_architecture.TestNoObjectId" name="test_clients_no_objectid" time="0.495" /><testcase classname="backend.tests.test_client_centered_architecture.TestNoObjectId" name="test_appointments_no_objectid" time="0.674" /><testcase classname="backend.tests.test_client_centered_architecture.TestNoObjectId" name="test_notes_no_objectid" time="0.474" /><testcase classname="backend.tests.test_client_centered_architecture.TestNoObjectId" name="test_dashboard_no_objectid" time="0.493" /></testsuite></testsuites>