<?xml version="1.0" encoding="utf-8"?><testsuites name="pytest tests"><testsuite name="pytest" errors="0" failures="0" skipped="0" tests="15" time="3.182" timestamp="2026-02-20T22:26:40.965302+00:00" hostname="agent-env-527d3fc0-d402-4503-a34d-ad0c67c52305"><testcase classname="tests.test_leads_flow.TestLeadsBackendAPI" name="test_1_mom_login" time="0.600" /><testcase classname="tests.test_leads_flow.TestLeadsBackendAPI" name="test_2_doula_login" time="0.303" /><testcase classname="tests.test_leads_flow.TestLeadsBackendAPI" name="test_3_midwife_login" time="0.329" /><testcase classname="tests.test_leads_flow.TestLeadsBackendAPI" name="test_4_mom_consultation_requests_endpoint" time="0.362" /><testcase classname="tests.test_leads_flow.TestLeadsBackendAPI" name="test_5_doula_leads_list_endpoint" time="0.344" /><testcase classname="tests.test_leads_flow.TestLeadsBackendAPI" name="test_6_midwife_leads_list_endpoint" time="0.376" /><testcase classname="tests.test_leads_flow.TestLeadsBackendAPI" name="test_7_doula_leads_stats_endpoint" time="0.068" /><testcase classname="tests.test_leads_flow.TestLeadsBackendAPI" name="test_8_midwife_leads_stats_endpoint" time="0.128" /><testcase classname="tests.test_leads_flow.TestLeadsBackendAPI" name="test_9_request_consultation_requires_provider_id" time="0.060" /><testcase classname="tests.test_leads_flow.TestLeadsBackendAPI" name="test_10_request_consultation_invalid_provider" time="0.077" /><testcase classname="tests.test_leads_flow.TestLeadsBackendAPI" name="test_11_marketplace_providers_endpoint" time="0.077" /><testcase classname="tests.test_leads_flow.TestLeadsBackendAPI" name="test_12_mom_cannot_access_provider_leads_list" time="0.074" /><testcase classname="tests.test_leads_flow.TestLeadsDataIntegrity" name="test_13_leads_contain_mom_info" time="0.090" /><testcase classname="tests.test_leads_flow.TestLeadsStatusUpdates" name="test_14_update_lead_status_endpoint_exists" time="0.156" /><testcase classname="tests.test_leads_flow.TestLeadsStatusUpdates" name="test_15_convert_to_client_endpoint_exists" time="0.068" /></testsuite></testsuites>