<?xml version="1.0" encoding="utf-8"?><testsuites name="pytest tests"><testsuite name="pytest" errors="0" failures="1" skipped="0" tests="20" time="4.991" timestamp="2026-02-19T02:24:33.063960+00:00" hostname="agent-env-2d74ceb9-c96d-4403-8323-cb55da61a20c"><testcase classname="backend.tests.test_prenatal_visits.TestMidwifeAuth" name="test_midwife_login" time="0.552" /><testcase classname="backend.tests.test_prenatal_visits.TestPrenatalVisitsAPI" name="test_list_prenatal_visits_returns_200" time="0.491" /><testcase classname="backend.tests.test_prenatal_visits.TestPrenatalVisitsAPI" name="test_list_visits_without_auth_returns_401" time="0.109" /><testcase classname="backend.tests.test_prenatal_visits.TestPrenatalVisitsAPI" name="test_list_visits_invalid_client_returns_404" time="0.072" /><testcase classname="backend.tests.test_prenatal_visits.TestPrenatalVisitsAPI" name="test_create_prenatal_visit_with_all_fields" time="0.083" /><testcase classname="backend.tests.test_prenatal_visits.TestPrenatalVisitsAPI" name="test_create_visit_minimal_data" time="0.145" /><testcase classname="backend.tests.test_prenatal_visits.TestPrenatalVisitsAPI" name="test_create_visit_without_auth_returns_401" time="0.128" /><testcase classname="backend.tests.test_prenatal_visits.TestPrenatalVisitsAPI" name="test_get_single_prenatal_visit" time="0.247" /><testcase classname="backend.tests.test_prenatal_visits.TestPrenatalVisitsAPI" name="test_get_nonexistent_visit_returns_404" time="0.067" /><testcase classname="backend.tests.test_prenatal_visits.TestPrenatalVisitsAPI" name="test_update_prenatal_visit_vitals" time="0.397" /><testcase classname="backend.tests.test_prenatal_visits.TestPrenatalVisitsAPI" name="test_update_visit_empty_body_returns_400" time="0.259" /><testcase classname="backend.tests.test_prenatal_visits.TestPrenatalVisitsAPI" name="test_update_nonexistent_visit_returns_404" time="0.077" /><testcase classname="backend.tests.test_prenatal_visits.TestPrenatalVisitsAPI" name="test_delete_prenatal_visit" time="0.234" /><testcase classname="backend.tests.test_prenatal_visits.TestPrenatalVisitsAPI" name="test_delete_nonexistent_visit_returns_404" time="0.068" /><testcase classname="backend.tests.test_prenatal_visits.TestSummaryGeneration" name="test_summary_includes_bp_only" time="0.605" /><testcase classname="backend.tests.test_prenatal_visits.TestSummaryGeneration" name="test_summary_includes_fhr_only" time="0.120" /><testcase classname="backend.tests.test_prenatal_visits.TestSummaryGeneration" name="test_summary_includes_all_vitals" time="0.068"><failure message="AssertionError: Missing Wt in summary: BP 120/80, FHR 150, FH 32.5 cm, Wt 170.0 lbs&#10;assert 'Wt 170 lbs' in 'BP 120/80, FHR 150, FH 32.5 cm, Wt 170.0 lbs'">backend/tests/test_prenatal_visits.py:444: in test_summary_includes_all_vitals
    assert "Wt 170 lbs" in summary, f"Missing Wt in summary: {summary}"
E   AssertionError: Missing Wt in summary: BP 120/80, FHR 150, FH 32.5 cm, Wt 170.0 lbs
E   assert 'Wt 170 lbs' in 'BP 120/80, FHR 150, FH 32.5 cm, Wt 170.0 lbs'</failure></testcase><testcase classname="backend.tests.test_prenatal_visits.TestSummaryGeneration" name="test_summary_with_kg_weight_unit" time="0.130" /><testcase classname="backend.tests.test_prenatal_visits.TestExistingVisit" name="test_get_existing_visit" time="0.431" /><testcase classname="backend.tests.test_prenatal_visits.TestWellBeingScores" name="test_all_wellbeing_scores_persist" time="0.600" /></testsuite></testsuites>