<?xml version="1.0" encoding="utf-8"?><testsuites name="pytest tests"><testsuite name="pytest" errors="0" failures="0" skipped="0" tests="17" time="9.039" timestamp="2026-02-19T20:08:21.543496+00:00" hostname="agent-env-127056b5-6e52-4c68-9d4d-09a21f5a26a3"><testcase classname="backend.tests.test_provider_client_centered.TestDoulaUnifiedProviderRoutes" name="test_unified_provider_clients_default" time="0.863" /><testcase classname="backend.tests.test_provider_client_centered.TestDoulaUnifiedProviderRoutes" name="test_unified_provider_clients_include_inactive" time="0.518" /><testcase classname="backend.tests.test_provider_client_centered.TestDoulaUnifiedProviderRoutes" name="test_unified_provider_client_detail_with_counts" time="0.859" /><testcase classname="backend.tests.test_provider_client_centered.TestDoulaUnifiedProviderRoutes" name="test_unified_provider_client_detail_not_found" time="0.611" /><testcase classname="backend.tests.test_provider_client_centered.TestDoulaUnifiedProviderRoutes" name="test_unified_provider_client_timeline" time="0.660" /><testcase classname="backend.tests.test_provider_client_centered.TestDoulaUnifiedProviderRoutes" name="test_unified_provider_dashboard" time="0.522" /><testcase classname="backend.tests.test_provider_client_centered.TestMidwifeUnifiedProviderRoutes" name="test_unified_provider_clients_midwife" time="0.475" /><testcase classname="backend.tests.test_provider_client_centered.TestMidwifeUnifiedProviderRoutes" name="test_unified_provider_clients_with_inactive_midwife" time="0.483" /><testcase classname="backend.tests.test_provider_client_centered.TestMidwifeUnifiedProviderRoutes" name="test_unified_provider_dashboard_midwife_specific_stats" time="0.630" /><testcase classname="backend.tests.test_provider_client_centered.TestMidwifeUnifiedProviderRoutes" name="test_unified_provider_client_timeline_midwife" time="0.622" /><testcase classname="backend.tests.test_provider_client_centered.TestClientActiveInactiveLogic" name="test_filtering_difference_active_vs_all" time="0.583" /><testcase classname="backend.tests.test_provider_client_centered.TestStatusFilter" name="test_status_filter" time="0.551" /><testcase classname="backend.tests.test_provider_client_centered.TestUnauthorizedAccess" name="test_provider_clients_unauthorized" time="0.128" /><testcase classname="backend.tests.test_provider_client_centered.TestUnauthorizedAccess" name="test_provider_dashboard_unauthorized" time="0.291" /><testcase classname="backend.tests.test_provider_client_centered.TestUnauthorizedAccess" name="test_provider_client_timeline_unauthorized" time="0.126" /><testcase classname="backend.tests.test_provider_client_centered.TestMomAccessDenied" name="test_mom_cannot_access_provider_clients" time="0.480" /><testcase classname="backend.tests.test_provider_client_centered.TestMomAccessDenied" name="test_mom_cannot_access_provider_dashboard" time="0.557" /></testsuite></testsuites>