<?xml version="1.0" encoding="utf-8"?><testsuites name="pytest tests"><testsuite name="pytest" errors="0" failures="0" skipped="0" tests="18" time="7.134" timestamp="2026-02-20T20:33:44.638580+00:00" hostname="agent-env-3369977f-691c-4106-9054-6d3bfd23425e"><testcase classname="backend.tests.test_push_notifications_128.TestPushNotificationAPIs" name="test_register_push_token_success" time="0.565" /><testcase classname="backend.tests.test_push_notifications_128.TestPushNotificationAPIs" name="test_register_push_token_with_android_device" time="0.431" /><testcase classname="backend.tests.test_push_notifications_128.TestPushNotificationAPIs" name="test_register_push_token_invalid_format" time="0.077" /><testcase classname="backend.tests.test_push_notifications_128.TestPushNotificationAPIs" name="test_register_push_token_empty_token" time="0.074" /><testcase classname="backend.tests.test_push_notifications_128.TestPushNotificationAPIs" name="test_register_push_token_unauthenticated" time="0.459" /><testcase classname="backend.tests.test_push_notifications_128.TestPushNotificationAPIs" name="test_register_push_token_re_register_updates" time="0.259" /><testcase classname="backend.tests.test_push_notifications_128.TestPushNotificationAPIs" name="test_get_push_status_with_registered_token" time="0.137" /><testcase classname="backend.tests.test_push_notifications_128.TestPushNotificationAPIs" name="test_get_push_status_no_tokens" time="0.558" /><testcase classname="backend.tests.test_push_notifications_128.TestPushNotificationAPIs" name="test_get_push_status_unauthenticated" time="0.202" /><testcase classname="backend.tests.test_push_notifications_128.TestPushNotificationAPIs" name="test_unregister_push_token_success" time="0.160" /><testcase classname="backend.tests.test_push_notifications_128.TestPushNotificationAPIs" name="test_unregister_push_token_not_found" time="0.073" /><testcase classname="backend.tests.test_push_notifications_128.TestPushNotificationAPIs" name="test_unregister_push_token_unauthenticated" time="0.401" /><testcase classname="backend.tests.test_push_notifications_128.TestPushNotificationAPIs" name="test_push_token_format_validation" time="0.740" /><testcase classname="backend.tests.test_push_notifications_128.TestPushNotificationService" name="test_push_token_is_stored_in_user_document" time="0.742" /><testcase classname="backend.tests.test_push_notifications_128.TestPushNotificationService" name="test_inactive_token_not_in_active_count" time="0.311" /><testcase classname="backend.tests.test_push_notifications_128.TestCreateNotificationPushIntegration" name="test_notification_triggers_push" time="1.172" /><testcase classname="backend.tests.test_push_notifications_128.TestCreateNotificationPushIntegration" name="test_push_logs_collection_exists" time="0.192" /><testcase classname="backend.tests.test_push_notifications_128.TestPushServiceGracefulFailure" name="test_api_handles_expo_service_errors" time="0.493" /></testsuite></testsuites>