<?xml version="1.0" encoding="utf-8"?><testsuites name="pytest tests"><testsuite name="pytest" errors="0" failures="0" skipped="0" tests="11" time="4.611" timestamp="2026-02-17T18:37:42.553154+00:00" hostname="agent-env-e004c817-5cc1-4b04-9be2-bda32fe676b0"><testcase classname="backend.tests.test_export_pdf_and_revoke.TestExportPDFAndRevokeInvitation" name="test_01_mom_can_get_birth_plan" time="0.696" /><testcase classname="backend.tests.test_export_pdf_and_revoke.TestExportPDFAndRevokeInvitation" name="test_02_export_pdf_returns_valid_pdf" time="0.269" /><testcase classname="backend.tests.test_export_pdf_and_revoke.TestExportPDFAndRevokeInvitation" name="test_03_export_pdf_requires_auth" time="0.156" /><testcase classname="backend.tests.test_export_pdf_and_revoke.TestExportPDFAndRevokeInvitation" name="test_04_export_json_still_works" time="0.165" /><testcase classname="backend.tests.test_export_pdf_and_revoke.TestExportPDFAndRevokeInvitation" name="test_05_create_share_request" time="1.132" /><testcase classname="backend.tests.test_export_pdf_and_revoke.TestExportPDFAndRevokeInvitation" name="test_06_get_share_requests" time="0.124" /><testcase classname="backend.tests.test_export_pdf_and_revoke.TestExportPDFAndRevokeInvitation" name="test_07_revoke_share_request" time="0.464" /><testcase classname="backend.tests.test_export_pdf_and_revoke.TestExportPDFAndRevokeInvitation" name="test_08_revoke_nonexistent_request" time="0.122" /><testcase classname="backend.tests.test_export_pdf_and_revoke.TestExportPDFAndRevokeInvitation" name="test_09_revoke_requires_auth" time="0.160" /><testcase classname="backend.tests.test_export_pdf_and_revoke.TestExportPDFAndRevokeInvitation" name="test_10_revoke_cannot_access_other_user_request" time="0.642" /><testcase classname="backend.tests.test_export_pdf_and_revoke.TestExportPDFContent" name="test_pdf_with_populated_data" time="0.611" /></testsuite></testsuites>