<?xml version="1.0" encoding="utf-8"?><testsuites name="pytest tests"><testsuite name="pytest" errors="0" failures="0" skipped="0" tests="25" time="4.530" timestamp="2026-02-17T17:22:42.058853+00:00" hostname="agent-env-aede8e78-e064-450e-a284-ff3bf4f93311"><testcase classname="test_midwife_contracts.TestMidwifeContractSystem" name="test_01_register_midwife_user" time="0.572" /><testcase classname="test_midwife_contracts.TestMidwifeContractSystem" name="test_02_midwife_onboarding" time="0.160" /><testcase classname="test_midwife_contracts.TestMidwifeContractSystem" name="test_03_create_client_for_midwife_contract" time="0.152" /><testcase classname="test_midwife_contracts.TestMidwifeContractSystem" name="test_04_get_midwife_contract_template" time="0.123" /><testcase classname="test_midwife_contracts.TestMidwifeContractSystem" name="test_05_template_has_all_12_sections" time="0.137" /><testcase classname="test_midwife_contracts.TestMidwifeContractSystem" name="test_06_template_section_titles_correct" time="0.155" /><testcase classname="test_midwife_contracts.TestMidwifeContractSystem" name="test_07_create_midwife_contract" time="0.123" /><testcase classname="test_midwife_contracts.TestMidwifeContractSystem" name="test_08_remaining_balance_auto_calculated" time="0.150" /><testcase classname="test_midwife_contracts.TestMidwifeContractSystem" name="test_09_contract_has_all_template_sections" time="0.108" /><testcase classname="test_midwife_contracts.TestMidwifeContractSystem" name="test_10_additional_terms_stored" time="0.155" /><testcase classname="test_midwife_contracts.TestMidwifeContractSystem" name="test_11_list_midwife_contracts" time="0.111" /><testcase classname="test_midwife_contracts.TestMidwifeContractSystem" name="test_12_send_midwife_contract_creates_signature" time="0.257" /><testcase classname="test_midwife_contracts.TestMidwifeContractSystem" name="test_13_client_status_updated_to_contract_sent" time="0.117" /><testcase classname="test_midwife_contracts.TestMidwifeContractSystem" name="test_14_public_contract_view" time="0.131" /><testcase classname="test_midwife_contracts.TestMidwifeContractSystem" name="test_15_client_sign_midwife_contract" time="0.175" /><testcase classname="test_midwife_contracts.TestMidwifeContractSystem" name="test_16_client_status_updated_to_contract_signed" time="0.160" /><testcase classname="test_midwife_contracts.TestMidwifeContractSystem" name="test_17_cannot_sign_already_signed_contract" time="0.142" /><testcase classname="test_midwife_contracts.TestMidwifeContractSystem" name="test_18_get_midwife_contract_html_view" time="0.154" /><testcase classname="test_midwife_contracts.TestMidwifeContractSystem" name="test_19_html_contains_all_sections" time="0.120" /><testcase classname="test_midwife_contracts.TestMidwifeContractSystem" name="test_20_html_contains_additional_terms" time="0.121" /><testcase classname="test_midwife_contracts.TestMidwifeContractSystem" name="test_21_sign_requires_signer_name" time="0.458" /><testcase classname="test_midwife_contracts.TestMidwifeContractSystem" name="test_22_cannot_sign_draft_contract" time="0.214" /><testcase classname="test_midwife_contracts.TestMidwifeContractSystem" name="test_23_contract_not_found" time="0.134" /><testcase classname="test_midwife_contracts.TestMidwifeContractSystem" name="test_24_html_not_found" time="0.165" /><testcase classname="test_midwife_contracts.TestMidwifeContractSystem" name="test_25_unauthorized_template_access" time="0.124" /></testsuite></testsuites>