<?xml version="1.0" encoding="utf-8"?><testsuites name="pytest tests"><testsuite name="pytest" errors="0" failures="0" skipped="0" tests="22" time="5.345" timestamp="2026-02-17T15:53:13.913131+00:00" hostname="agent-env-8b879415-618d-49f6-b618-08ad1b7690c9"><testcase classname="backend.tests.test_weekly_content.TestWeeklyContentAll" name="test_weekly_content_all_returns_200" time="0.311" /><testcase classname="backend.tests.test_weekly_content.TestWeeklyContentAll" name="test_weekly_content_all_has_pregnancy_array" time="0.214" /><testcase classname="backend.tests.test_weekly_content.TestWeeklyContentAll" name="test_weekly_content_all_has_postpartum_array" time="0.119" /><testcase classname="backend.tests.test_weekly_content.TestWeeklyContentAll" name="test_pregnancy_has_42_weeks" time="0.140" /><testcase classname="backend.tests.test_weekly_content.TestWeeklyContentAll" name="test_postpartum_has_6_weeks" time="0.184" /><testcase classname="backend.tests.test_weekly_content.TestWeeklyContentAll" name="test_pregnancy_weeks_have_correct_structure" time="0.137" /><testcase classname="backend.tests.test_weekly_content.TestWeeklyContentAll" name="test_postpartum_weeks_have_correct_structure" time="0.166" /><testcase classname="backend.tests.test_weekly_content.TestWeeklyContentAll" name="test_pregnancy_tips_not_empty" time="0.119" /><testcase classname="backend.tests.test_weekly_content.TestWeeklyContentAll" name="test_pregnancy_affirmations_not_empty" time="0.220" /><testcase classname="backend.tests.test_weekly_content.TestWeeklyContentAll" name="test_postpartum_tips_not_empty" time="0.132" /><testcase classname="backend.tests.test_weekly_content.TestWeeklyContentAll" name="test_postpartum_affirmations_not_empty" time="0.249" /><testcase classname="backend.tests.test_weekly_content.TestWeeklyContentAll" name="test_specific_week_content_samples" time="0.165" /><testcase classname="backend.tests.test_weekly_content.TestWeeklyContentPersonalized" name="test_personalized_content_requires_auth" time="0.134" /><testcase classname="backend.tests.test_weekly_content.TestWeeklyContentPersonalized" name="test_personalized_content_returns_200_for_mom" time="0.810" /><testcase classname="backend.tests.test_weekly_content.TestWeeklyContentPersonalized" name="test_personalized_content_has_correct_structure" time="0.156" /><testcase classname="backend.tests.test_weekly_content.TestWeeklyContentPersonalized" name="test_personalized_content_week_calculation" time="0.129" /><testcase classname="backend.tests.test_weekly_content.TestWeeklyContentPersonalized" name="test_personalized_content_not_postpartum" time="0.127" /><testcase classname="backend.tests.test_weekly_content.TestWeeklyContentPersonalized" name="test_personalized_content_has_tip" time="0.244" /><testcase classname="backend.tests.test_weekly_content.TestWeeklyContentPersonalized" name="test_personalized_content_has_affirmation" time="0.199" /><testcase classname="backend.tests.test_weekly_content.TestWeeklyContentPersonalized" name="test_personalized_content_display_week_format" time="0.121" /><testcase classname="backend.tests.test_weekly_content.TestWeeklyContentWithoutDueDate" name="test_mom_without_due_date_gets_fallback" time="0.510" /><testcase classname="backend.tests.test_weekly_content.TestWeeklyContentEdgeCases" name="test_postpartum_mom_gets_postpartum_content" time="0.671" /></testsuite></testsuites>