<?xml version="1.0" encoding="utf-8"?><testsuites name="pytest tests"><testsuite name="pytest" errors="0" failures="0" skipped="0" tests="9" time="1.785" timestamp="2026-02-16T04:43:39.827516+00:00" hostname="agent-env-606eb975-708f-4c4f-b26c-bf7550c87b8d"><testcase classname="tests.test_new_features_v2.TestDoulaNotesAPI" name="test_get_doula_notes_returns_array" time="0.538" /><testcase classname="tests.test_new_features_v2.TestDoulaNotesAPI" name="test_create_doula_note" time="0.212" /><testcase classname="tests.test_new_features_v2.TestMidwifeDashboardAPI" name="test_get_midwife_dashboard_returns_stats" time="0.335" /><testcase classname="tests.test_new_features_v2.TestMidwifeClientsAPI" name="test_get_midwife_clients_returns_array" time="0.059" /><testcase classname="tests.test_new_features_v2.TestMidwifeClientsAPI" name="test_create_midwife_client" time="0.120" /><testcase classname="tests.test_new_features_v2.TestMidwifeVisitsAPI" name="test_get_midwife_visits_returns_array" time="0.056" /><testcase classname="tests.test_new_features_v2.TestMidwifeVisitsAPI" name="test_create_midwife_visit" time="0.180" /><testcase classname="tests.test_new_features_v2.TestMidwifeBirthSummariesAPI" name="test_get_midwife_birth_summaries_returns_array" time="0.057" /><testcase classname="tests.test_new_features_v2.TestMidwifeBirthSummariesAPI" name="test_create_birth_summary" time="0.180" /></testsuite></testsuites>