<?xml version="1.0" encoding="utf-8"?><testsuites name="pytest tests"><testsuite name="pytest" errors="0" failures="0" skipped="0" tests="19" time="4.474" timestamp="2026-02-19T02:00:32.530289+00:00" hostname="agent-env-2d74ceb9-c96d-4403-8323-cb55da61a20c"><testcase classname="tests.test_midwife_section.TestMidwifeAuth" name="test_midwife_login" time="0.725" /><testcase classname="tests.test_midwife_section.TestMidwifeProfile" name="test_get_profile" time="0.544" /><testcase classname="tests.test_midwife_section.TestMidwifeProfile" name="test_update_profile_with_practice_name" time="0.168" /><testcase classname="tests.test_midwife_section.TestMidwifeProfile" name="test_update_profile_with_picture" time="0.180" /><testcase classname="tests.test_midwife_section.TestMidwifeProfile" name="test_update_profile_with_video_intro_url" time="0.205" /><testcase classname="tests.test_midwife_section.TestMidwifeProfile" name="test_update_profile_with_more_about_me" time="0.224" /><testcase classname="tests.test_midwife_section.TestMidwifeProfile" name="test_update_profile_with_accepting_clients" time="0.204" /><testcase classname="tests.test_midwife_section.TestMidwifeProfile" name="test_update_profile_with_all_new_fields" time="0.116" /><testcase classname="tests.test_midwife_section.TestMidwifeDashboard" name="test_dashboard_returns_200" time="0.570" /><testcase classname="tests.test_midwife_section.TestMidwifeDashboard" name="test_dashboard_returns_active_clients_field" time="0.097" /><testcase classname="tests.test_midwife_section.TestMidwifeDashboard" name="test_dashboard_returns_all_expected_fields" time="0.082" /><testcase classname="tests.test_midwife_section.TestMidwifeDashboard" name="test_dashboard_stats_are_non_negative" time="0.088" /><testcase classname="tests.test_midwife_section.TestMidwifeClients" name="test_clients_returns_200" time="0.466" /><testcase classname="tests.test_midwife_section.TestMidwifeClients" name="test_clients_returns_list" time="0.062" /><testcase classname="tests.test_midwife_section.TestMidwifeClients" name="test_create_client" time="0.095" /><testcase classname="tests.test_midwife_section.TestMidwifeClients" name="test_clients_filtered_by_midwife" time="0.143" /><testcase classname="tests.test_midwife_section.TestMidwifeWithoutAuth" name="test_profile_without_auth" time="0.132" /><testcase classname="tests.test_midwife_section.TestMidwifeWithoutAuth" name="test_dashboard_without_auth" time="0.143" /><testcase classname="tests.test_midwife_section.TestMidwifeWithoutAuth" name="test_clients_without_auth" time="0.139" /></testsuite></testsuites>