<?xml version="1.0" encoding="utf-8"?><testsuites name="pytest tests"><testsuite name="pytest" errors="0" failures="0" skipped="0" tests="55" time="5.505" timestamp="2026-02-20T01:01:03.972321+00:00" hostname="agent-env-a44ade04-1230-4129-9fca-94c9d5904190"><testcase classname="tests.test_final_cleanup_regression.TestHealthCheck" name="test_health_endpoint" time="0.156" /><testcase classname="tests.test_final_cleanup_regression.TestProviderDashboard" name="test_doula_dashboard" time="0.519" /><testcase classname="tests.test_final_cleanup_regression.TestProviderDashboard" name="test_midwife_dashboard" time="0.495" /><testcase classname="tests.test_final_cleanup_regression.TestProviderClients" name="test_doula_get_clients" time="0.079" /><testcase classname="tests.test_final_cleanup_regression.TestProviderClients" name="test_midwife_get_clients" time="0.105" /><testcase classname="tests.test_final_cleanup_regression.TestProviderAppointments" name="test_doula_get_appointments" time="0.072" /><testcase classname="tests.test_final_cleanup_regression.TestProviderAppointments" name="test_midwife_get_appointments" time="0.131" /><testcase classname="tests.test_final_cleanup_regression.TestProviderNotes" name="test_doula_get_notes" time="0.061" /><testcase classname="tests.test_final_cleanup_regression.TestProviderNotes" name="test_midwife_get_notes" time="0.111" /><testcase classname="tests.test_final_cleanup_regression.TestMomBirthPlan" name="test_mom_get_birth_plan" time="0.423" /><testcase classname="tests.test_final_cleanup_regression.TestMomTimeline" name="test_mom_get_timeline" time="0.095" /><testcase classname="tests.test_final_cleanup_regression.TestMomAppointments" name="test_mom_get_appointments" time="0.082" /><testcase classname="tests.test_final_cleanup_regression.TestCarePlansWellness" name="test_mom_get_wellness_checkins" time="0.066" /><testcase classname="tests.test_final_cleanup_regression.TestCarePlansWellness" name="test_mom_get_wellness_entries" time="0.080" /><testcase classname="tests.test_final_cleanup_regression.TestCarePlansWellness" name="test_mom_get_wellness_stats" time="0.082" /><testcase classname="tests.test_final_cleanup_regression.TestCarePlansPostpartum" name="test_mom_get_postpartum_plan" time="0.077" /><testcase classname="tests.test_final_cleanup_regression.TestCarePlansShareRequests" name="test_mom_get_share_requests" time="0.062" /><testcase classname="tests.test_final_cleanup_regression.TestCarePlansShareRequests" name="test_doula_get_share_requests" time="0.075" /><testcase classname="tests.test_final_cleanup_regression.TestCarePlansShareRequests" name="test_midwife_get_share_requests" time="0.106" /><testcase classname="tests.test_final_cleanup_regression.TestMidwifeRoutes" name="test_midwife_profile" time="0.076" /><testcase classname="tests.test_final_cleanup_regression.TestMidwifeRoutes" name="test_midwife_dashboard" time="0.069" /><testcase classname="tests.test_final_cleanup_regression.TestMidwifeRoutes" name="test_midwife_clients" time="0.058" /><testcase classname="tests.test_final_cleanup_regression.TestMidwifeRoutes" name="test_midwife_notes" time="0.086" /><testcase classname="tests.test_final_cleanup_regression.TestDoulaRoutes" name="test_doula_profile" time="0.058" /><testcase classname="tests.test_final_cleanup_regression.TestDoulaRoutes" name="test_doula_dashboard" time="0.085" /><testcase classname="tests.test_final_cleanup_regression.TestDoulaRoutes" name="test_doula_clients" time="0.075" /><testcase classname="tests.test_final_cleanup_regression.TestDoulaRoutes" name="test_doula_notes" time="0.068" /><testcase classname="tests.test_final_cleanup_regression.TestDoulaRoutes" name="test_doula_contract_defaults" time="0.090" /><testcase classname="tests.test_final_cleanup_regression.TestMomRoutes" name="test_mom_profile" time="0.070" /><testcase classname="tests.test_final_cleanup_regression.TestMomRoutes" name="test_mom_team" time="0.064" /><testcase classname="tests.test_final_cleanup_regression.TestMomRoutes" name="test_mom_invoices" time="0.069" /><testcase classname="tests.test_final_cleanup_regression.TestRoleBasedAccessControl" name="test_mom_cannot_access_provider_dashboard" time="0.059" /><testcase classname="tests.test_final_cleanup_regression.TestRoleBasedAccessControl" name="test_mom_cannot_access_provider_clients" time="0.062" /><testcase classname="tests.test_final_cleanup_regression.TestRoleBasedAccessControl" name="test_mom_cannot_access_provider_appointments" time="0.089" /><testcase classname="tests.test_final_cleanup_regression.TestRoleBasedAccessControl" name="test_mom_cannot_access_provider_notes" time="0.063" /><testcase classname="tests.test_final_cleanup_regression.TestRoleBasedAccessControl" name="test_doula_cannot_access_birth_plan" time="0.082" /><testcase classname="tests.test_final_cleanup_regression.TestRoleBasedAccessControl" name="test_midwife_cannot_access_birth_plan" time="0.062" /><testcase classname="tests.test_final_cleanup_regression.TestProvidersSharedBirthPlans" name="test_doula_shared_birth_plans" time="0.110" /><testcase classname="tests.test_final_cleanup_regression.TestProvidersSharedBirthPlans" name="test_midwife_shared_birth_plans" time="0.053" /><testcase classname="tests.test_final_cleanup_regression.TestProviderSearchForMom" name="test_mom_search_providers" time="0.094" /><testcase classname="tests.test_final_cleanup_regression.TestContractsAndInvoices" name="test_doula_get_contracts" time="0.057" /><testcase classname="tests.test_final_cleanup_regression.TestContractsAndInvoices" name="test_doula_get_invoices" time="0.068" /><testcase classname="tests.test_final_cleanup_regression.TestContractsAndInvoices" name="test_midwife_get_contracts" time="0.061" /><testcase classname="tests.test_final_cleanup_regression.TestContractsAndInvoices" name="test_midwife_get_invoices" time="0.059" /><testcase classname="tests.test_final_cleanup_regression.TestAuthRoutes" name="test_get_me_doula" time="0.057" /><testcase classname="tests.test_final_cleanup_regression.TestAuthRoutes" name="test_get_me_midwife" time="0.064" /><testcase classname="tests.test_final_cleanup_regression.TestAuthRoutes" name="test_get_me_mom" time="0.069" /><testcase classname="tests.test_final_cleanup_regression.TestVisitsRoutes" name="test_midwife_get_visits" time="0.064" /><testcase classname="tests.test_final_cleanup_regression.TestVisitsRoutes" name="test_provider_get_visits" time="0.082" /><testcase classname="tests.test_final_cleanup_regression.TestMessagesRoutes" name="test_doula_get_conversations" time="0.056" /><testcase classname="tests.test_final_cleanup_regression.TestMessagesRoutes" name="test_mom_get_conversations" time="0.058" /><testcase classname="tests.test_final_cleanup_regression.TestNotificationsRoutes" name="test_doula_get_notifications" time="0.058" /><testcase classname="tests.test_final_cleanup_regression.TestNotificationsRoutes" name="test_mom_get_notifications" time="0.075" /><testcase classname="tests.test_final_cleanup_regression.TestSubscriptionRoutes" name="test_doula_get_subscription" time="0.058" /><testcase classname="tests.test_final_cleanup_regression.TestMarketplaceRoutes" name="test_marketplace_providers" time="0.069" /></testsuite></testsuites>