<?xml version="1.0" encoding="utf-8"?><testsuites name="pytest tests"><testsuite name="pytest" errors="0" failures="0" skipped="0" tests="5" time="3.080" timestamp="2026-02-20T18:58:43.519602+00:00" hostname="agent-env-ced05eaa-a4ea-4b2a-8bd2-13209f383f01"><testcase classname="backend.tests.test_number_of_children.TestMomProfileNumberOfChildren" name="test_login_succeeds" time="0.644" /><testcase classname="backend.tests.test_number_of_children.TestMomProfileNumberOfChildren" name="test_get_profile_includes_number_of_children_field" time="0.568" /><testcase classname="backend.tests.test_number_of_children.TestMomProfileNumberOfChildren" name="test_put_profile_updates_number_of_children" time="0.609" /><testcase classname="backend.tests.test_number_of_children.TestMomProfileNumberOfChildren" name="test_put_profile_updates_number_of_children_to_zero" time="0.643" /><testcase classname="backend.tests.test_number_of_children.TestMomProfileNumberOfChildren" name="test_put_profile_updates_multiple_fields_including_children" time="0.557" /></testsuite></testsuites>