<?xml version="1.0" encoding="utf-8"?><testsuites name="pytest tests"><testsuite name="pytest" errors="0" failures="3" skipped="0" tests="17" time="7.746" timestamp="2026-02-20T05:18:54.501731+00:00" hostname="agent-env-2a197c75-79e7-4659-9666-b3304146ffa6"><testcase classname="backend.tests.test_unified_appointments.TestAuthLogin" name="test_doula_login" time="0.379"><failure message="AssertionError: No user in response&#10;assert 'user' in {'email': 'demo.doula@truejoybirthing.com', 'full_name': 'Sarah Mitchell', 'onboarding_completed': True, 'picture': 'https://example.com/test-picture.jpg', ...}">backend/tests/test_unified_appointments.py:34: in test_doula_login
    assert "user" in data, "No user in response"
E   AssertionError: No user in response
E   assert 'user' in {'email': 'demo.doula@truejoybirthing.com', 'full_name': 'Sarah Mitchell', 'onboarding_completed': True, 'picture': 'https://example.com/test-picture.jpg', ...}</failure></testcase><testcase classname="backend.tests.test_unified_appointments.TestAuthLogin" name="test_midwife_login" time="0.377"><failure message="KeyError: 'user'">backend/tests/test_unified_appointments.py:47: in test_midwife_login
    assert data["user"]["role"] == "MIDWIFE", f"Unexpected role: {data['user']['role']}"
           ^^^^^^^^^^^^
E   KeyError: 'user'</failure></testcase><testcase classname="backend.tests.test_unified_appointments.TestAuthLogin" name="test_mom_login" time="0.359"><failure message="KeyError: 'user'">backend/tests/test_unified_appointments.py:59: in test_mom_login
    assert data["user"]["role"] == "MOM", f"Unexpected role: {data['user']['role']}"
           ^^^^^^^^^^^^
E   KeyError: 'user'</failure></testcase><testcase classname="backend.tests.test_unified_appointments.TestProviderDashboard" name="test_doula_dashboard" time="0.492" /><testcase classname="backend.tests.test_unified_appointments.TestProviderDashboard" name="test_midwife_dashboard" time="0.480" /><testcase classname="backend.tests.test_unified_appointments.TestProviderProfile" name="test_doula_profile_get" time="0.416" /><testcase classname="backend.tests.test_unified_appointments.TestProviderProfile" name="test_doula_profile_has_save_fields" time="0.423" /><testcase classname="backend.tests.test_unified_appointments.TestProviderClients" name="test_doula_clients_list" time="0.680" /><testcase classname="backend.tests.test_unified_appointments.TestUnifiedAppointments" name="test_doula_get_appointments" time="0.434" /><testcase classname="backend.tests.test_unified_appointments.TestUnifiedAppointments" name="test_midwife_get_appointments" time="0.429" /><testcase classname="backend.tests.test_unified_appointments.TestUnifiedAppointments" name="test_mom_get_appointments" time="0.419" /><testcase classname="backend.tests.test_unified_appointments.TestMomTeamProviders" name="test_mom_team_providers" time="0.468" /><testcase classname="backend.tests.test_unified_appointments.TestAppointmentCreation" name="test_mom_create_appointment_requires_provider" time="0.462" /><testcase classname="backend.tests.test_unified_appointments.TestAppointmentCreation" name="test_provider_create_appointment_needs_client" time="0.427" /><testcase classname="backend.tests.test_unified_appointments.TestMarketplaceProfileAboutMe" name="test_marketplace_providers" time="0.426" /><testcase classname="backend.tests.test_unified_appointments.TestProviderLegacyEndpoint" name="test_provider_appointments_legacy" time="0.452" /><testcase classname="backend.tests.test_unified_appointments.TestAppointmentBadgeInClients" name="test_clients_can_show_appointment_badge" time="0.541" /></testsuite></testsuites>