<?xml version="1.0" encoding="utf-8"?><testsuites name="pytest tests"><testsuite name="pytest" errors="0" failures="0" skipped="0" tests="24" time="7.113" timestamp="2026-03-07T20:45:39.453879+00:00" hostname="agent-env-1a2d811e-19fc-4137-b329-faa859b072ae"><testcase classname="backend.tests.test_contraction_timer_phase2_150.TestPhase2Setup" name="test_mom_auth" time="0.486" /><testcase classname="backend.tests.test_contraction_timer_phase2_150.TestTimerPreferences" name="test_get_default_preferences" time="0.514" /><testcase classname="backend.tests.test_contraction_timer_phase2_150.TestTimerPreferences" name="test_update_birth_word_to_surges" time="0.119" /><testcase classname="backend.tests.test_contraction_timer_phase2_150.TestTimerPreferences" name="test_update_birth_word_to_waves" time="0.105" /><testcase classname="backend.tests.test_contraction_timer_phase2_150.TestTimerPreferences" name="test_update_alert_threshold_to_411" time="0.143" /><testcase classname="backend.tests.test_contraction_timer_phase2_150.TestTimerPreferences" name="test_update_alert_threshold_to_311" time="0.117" /><testcase classname="backend.tests.test_contraction_timer_phase2_150.TestTimerPreferences" name="test_update_alert_threshold_to_none" time="0.125" /><testcase classname="backend.tests.test_contraction_timer_phase2_150.TestTimerPreferences" name="test_reset_preferences_to_defaults" time="0.111" /><testcase classname="backend.tests.test_contraction_timer_phase2_150.TestTimerPreferences" name="test_preferences_returned_with_active_session" time="0.123" /><testcase classname="backend.tests.test_contraction_timer_phase2_150.TestWaterBreaking" name="test_record_water_breaking" time="0.606" /><testcase classname="backend.tests.test_contraction_timer_phase2_150.TestWaterBreaking" name="test_clear_water_breaking" time="0.117" /><testcase classname="backend.tests.test_contraction_timer_phase2_150.TestWaterBreaking" name="test_water_broke_without_note" time="0.126" /><testcase classname="backend.tests.test_contraction_timer_phase2_150.TestSessionNotes" name="test_update_session_notes" time="0.636" /><testcase classname="backend.tests.test_contraction_timer_phase2_150.TestSessionNotes" name="test_clear_session_notes" time="0.122" /><testcase classname="backend.tests.test_contraction_timer_phase2_150.TestPrimaryLaborSession" name="test_mark_as_primary" time="0.572" /><testcase classname="backend.tests.test_contraction_timer_phase2_150.TestPrimaryLaborSession" name="test_unmark_primary" time="0.122" /><testcase classname="backend.tests.test_contraction_timer_phase2_150.TestChartData" name="test_get_chart_data" time="0.565" /><testcase classname="backend.tests.test_contraction_timer_phase2_150.TestChartData" name="test_chart_data_format" time="0.119" /><testcase classname="backend.tests.test_contraction_timer_phase2_150.TestChartData" name="test_chart_data_nonexistent_session" time="0.114" /><testcase classname="backend.tests.test_contraction_timer_phase2_150.TestPreferencesPatternCheck" name="test_pattern_status_includes_threshold_type" time="0.596" /><testcase classname="backend.tests.test_contraction_timer_phase2_150.TestPreferencesPatternCheck" name="test_tracking_only_mode" time="0.354" /><testcase classname="backend.tests.test_contraction_timer_phase2_150.TestAccessControlPhase2" name="test_doula_cannot_access_preferences" time="0.450" /><testcase classname="backend.tests.test_contraction_timer_phase2_150.TestAccessControlPhase2" name="test_doula_cannot_update_preferences" time="0.108" /><testcase classname="backend.tests.test_contraction_timer_phase2_150.TestCleanup" name="test_end_test_session" time="0.580" /></testsuite></testsuites>