<?xml version="1.0" encoding="utf-8"?><testsuites name="pytest tests"><testsuite name="pytest" errors="0" failures="1" skipped="0" tests="10" time="8.329" timestamp="2026-02-21T17:53:37.693803+00:00" hostname="agent-env-631a53aa-afb7-4d8c-a46a-6929e79b0a9c"><testcase classname="backend.tests.test_transactional_emails_141.TestTransactionalEmails" name="test_start_trial_sends_email_gracefully" time="0.926" /><testcase classname="backend.tests.test_transactional_emails_141.TestTransactionalEmails" name="test_activate_subscription_sends_email_gracefully" time="0.713" /><testcase classname="backend.tests.test_transactional_emails_141.TestTransactionalEmails" name="test_change_plan_upgrade_sends_email_gracefully" time="0.880" /><testcase classname="backend.tests.test_transactional_emails_141.TestTransactionalEmails" name="test_change_plan_downgrade_sends_email_gracefully" time="0.783" /><testcase classname="backend.tests.test_transactional_emails_141.TestTransactionalEmails" name="test_cancel_subscription_sends_email_gracefully" time="0.822" /><testcase classname="backend.tests.test_transactional_emails_141.TestTransactionalEmails" name="test_convert_lead_to_client_sends_welcome_email_gracefully" time="0.809"><failure message="AssertionError: Consultation request failed: 404&#10;assert 404 in [200, 400]&#10; +  where 404 = &lt;Response [404]&gt;.status_code">backend/tests/test_transactional_emails_141.py:213: in test_convert_lead_to_client_sends_welcome_email_gracefully
    assert consult_response.status_code in [200, 400], f"Consultation request failed: {consult_response.status_code}"
E   AssertionError: Consultation request failed: 404
E   assert 404 in [200, 400]
E    +  where 404 = &lt;Response [404]&gt;.status_code</failure></testcase><testcase classname="backend.tests.test_transactional_emails_141.TestTransactionalEmails" name="test_subscription_endpoints_exist" time="0.484" /><testcase classname="backend.tests.test_transactional_emails_141.TestTransactionalEmails" name="test_change_plan_validation" time="0.436" /><testcase classname="backend.tests.test_transactional_emails_141.TestTransactionalEmails" name="test_change_plan_same_plan_error" time="0.677" /><testcase classname="backend.tests.test_transactional_emails_141.TestEmailServiceIntegration" name="test_subscription_flow_complete" time="1.712" /></testsuite></testsuites>