<?xml version="1.0" encoding="utf-8"?><testsuites name="pytest tests"><testsuite name="pytest" errors="0" failures="0" skipped="0" tests="14" time="5.173" timestamp="2026-02-19T00:11:18.921976+00:00" hostname="agent-env-1c426539-b02d-4d62-9723-d08fc7c4a252"><testcase classname="backend.tests.test_doula_section_updates.TestDoulaAuthentication" name="test_doula_login_success" time="0.507" /><testcase classname="backend.tests.test_doula_section_updates.TestDoulaProfile" name="test_get_doula_profile" time="0.398" /><testcase classname="backend.tests.test_doula_section_updates.TestDoulaProfile" name="test_update_doula_profile_video_intro" time="0.130" /><testcase classname="backend.tests.test_doula_section_updates.TestDoulaProfile" name="test_update_doula_profile_more_about_me" time="0.127" /><testcase classname="backend.tests.test_doula_section_updates.TestDoulaProfile" name="test_update_doula_profile_picture" time="0.139" /><testcase classname="backend.tests.test_doula_section_updates.TestDoulaContracts" name="test_get_doula_contracts" time="0.609" /><testcase classname="backend.tests.test_doula_section_updates.TestDoulaClients" name="test_get_doula_clients" time="0.398" /><testcase classname="backend.tests.test_doula_section_updates.TestDoulaClients" name="test_get_provider_share_requests" time="0.110" /><testcase classname="backend.tests.test_doula_section_updates.TestDoulaMessages" name="test_get_doula_conversations" time="0.491" /><testcase classname="backend.tests.test_doula_section_updates.TestDoulaDashboard" name="test_get_doula_dashboard" time="0.424" /><testcase classname="backend.tests.test_doula_section_updates.TestInvoiceMarkPaid" name="test_get_doula_invoices" time="0.895" /><testcase classname="backend.tests.test_doula_section_updates.TestInvoiceMarkPaid" name="test_mark_paid_endpoint_exists" time="0.078" /><testcase classname="backend.tests.test_doula_section_updates.TestInvoiceMarkPaid" name="test_create_and_mark_invoice_paid" time="0.354" /><testcase classname="backend.tests.test_doula_section_updates.TestContractTemplates" name="test_get_contract_templates" time="0.454" /></testsuite></testsuites>