<?xml version="1.0" encoding="utf-8"?><testsuites name="pytest tests"><testsuite name="pytest" errors="0" failures="0" skipped="0" tests="47" time="23.177" timestamp="2026-02-19T23:58:58.943986+00:00" hostname="agent-env-da27e621-3687-4fff-aff9-4c220afa0162"><testcase classname="backend.tests.test_contracts_phase9.TestSetup" name="test_base_url_configured" time="0.000" /><testcase classname="backend.tests.test_contracts_phase9.TestSetup" name="test_health_check" time="0.221" /><testcase classname="backend.tests.test_contracts_phase9.TestAuthLogin" name="test_doula_login_success" time="0.354" /><testcase classname="backend.tests.test_contracts_phase9.TestAuthLogin" name="test_midwife_login_success" time="0.387" /><testcase classname="backend.tests.test_contracts_phase9.TestDoulaContractsRoutes" name="test_get_doula_contracts_list" time="0.397" /><testcase classname="backend.tests.test_contracts_phase9.TestDoulaContractsRoutes" name="test_get_doula_contracts_requires_auth" time="0.124" /><testcase classname="backend.tests.test_contracts_phase9.TestDoulaContractsRoutes" name="test_get_doula_contract_template" time="0.492" /><testcase classname="backend.tests.test_contracts_phase9.TestDoulaContractsRoutes" name="test_create_doula_contract" time="0.514" /><testcase classname="backend.tests.test_contracts_phase9.TestDoulaContractsRoutes" name="test_update_doula_contract" time="0.503" /><testcase classname="backend.tests.test_contracts_phase9.TestDoulaContractsRoutes" name="test_duplicate_doula_contract" time="0.496" /><testcase classname="backend.tests.test_contracts_phase9.TestDoulaContractsRoutes" name="test_delete_doula_contract_draft" time="0.528" /><testcase classname="backend.tests.test_contracts_phase9.TestDoulaContractsRoutes" name="test_delete_non_draft_contract_fails" time="0.482" /><testcase classname="backend.tests.test_contracts_phase9.TestDoulaContractViews" name="test_get_contract_by_id" time="0.593" /><testcase classname="backend.tests.test_contracts_phase9.TestDoulaContractViews" name="test_get_contract_html" time="0.825" /><testcase classname="backend.tests.test_contracts_phase9.TestDoulaContractViews" name="test_get_contract_pdf" time="0.667" /><testcase classname="backend.tests.test_contracts_phase9.TestDoulaContractViews" name="test_get_contract_not_found" time="0.142" /><testcase classname="backend.tests.test_contracts_phase9.TestDoulaContractActions" name="test_send_doula_contract" time="0.524" /><testcase classname="backend.tests.test_contracts_phase9.TestDoulaContractActions" name="test_sign_doula_contract" time="1.368" /><testcase classname="backend.tests.test_contracts_phase9.TestDoulaContractActions" name="test_sign_requires_name" time="0.136" /><testcase classname="backend.tests.test_contracts_phase9.TestMidwifeContractsRoutes" name="test_get_midwife_contracts_list" time="0.420" /><testcase classname="backend.tests.test_contracts_phase9.TestMidwifeContractsRoutes" name="test_get_midwife_contracts_requires_auth" time="0.157" /><testcase classname="backend.tests.test_contracts_phase9.TestMidwifeContractsRoutes" name="test_get_midwife_contract_template" time="0.400" /><testcase classname="backend.tests.test_contracts_phase9.TestMidwifeContractsRoutes" name="test_create_midwife_contract" time="0.487" /><testcase classname="backend.tests.test_contracts_phase9.TestMidwifeContractsRoutes" name="test_update_midwife_contract" time="0.516" /><testcase classname="backend.tests.test_contracts_phase9.TestMidwifeContractsRoutes" name="test_duplicate_midwife_contract" time="0.517" /><testcase classname="backend.tests.test_contracts_phase9.TestMidwifeContractsRoutes" name="test_delete_midwife_contract_draft" time="0.508" /><testcase classname="backend.tests.test_contracts_phase9.TestMidwifeContractViews" name="test_get_midwife_contract_by_id_authenticated" time="0.554" /><testcase classname="backend.tests.test_contracts_phase9.TestMidwifeContractViews" name="test_get_midwife_contract_public" time="1.212" /><testcase classname="backend.tests.test_contracts_phase9.TestMidwifeContractViews" name="test_get_midwife_contract_html" time="0.884" /><testcase classname="backend.tests.test_contracts_phase9.TestMidwifeContractViews" name="test_get_midwife_contract_pdf" time="0.537" /><testcase classname="backend.tests.test_contracts_phase9.TestMidwifeContractActions" name="test_send_midwife_contract" time="0.464" /><testcase classname="backend.tests.test_contracts_phase9.TestMidwifeContractActions" name="test_sign_midwife_contract" time="0.810" /><testcase classname="backend.tests.test_contracts_phase9.TestMidwifeContractDefaults" name="test_get_midwife_contract_defaults" time="0.461" /><testcase classname="backend.tests.test_contracts_phase9.TestMidwifeContractDefaults" name="test_save_midwife_contract_defaults" time="0.437" /><testcase classname="backend.tests.test_contracts_phase9.TestContractTemplates" name="test_get_doula_contract_templates" time="0.413" /><testcase classname="backend.tests.test_contracts_phase9.TestContractTemplates" name="test_create_doula_contract_template" time="0.452" /><testcase classname="backend.tests.test_contracts_phase9.TestContractTemplates" name="test_get_midwife_contract_templates" time="0.446" /><testcase classname="backend.tests.test_contracts_phase9.TestContractTemplates" name="test_create_midwife_contract_template" time="0.465" /><testcase classname="backend.tests.test_contracts_phase9.TestContractTemplates" name="test_update_contract_template" time="0.510" /><testcase classname="backend.tests.test_contracts_phase9.TestContractTemplates" name="test_delete_contract_template" time="0.488" /><testcase classname="backend.tests.test_contracts_phase9.TestContractTemplates" name="test_wrong_template_type_rejected" time="0.392" /><testcase classname="backend.tests.test_contracts_phase9.TestRoleBasedAccess" name="test_doula_cannot_access_midwife_contracts" time="0.635" /><testcase classname="backend.tests.test_contracts_phase9.TestRoleBasedAccess" name="test_midwife_cannot_access_doula_contracts" time="0.430" /><testcase classname="backend.tests.test_contracts_phase9.TestRoleBasedAccess" name="test_doula_cannot_access_midwife_contract_defaults" time="0.421" /><testcase classname="backend.tests.test_contracts_phase9.TestObjectIdSerialization" name="test_doula_contracts_no_objectid" time="0.390" /><testcase classname="backend.tests.test_contracts_phase9.TestObjectIdSerialization" name="test_midwife_contracts_no_objectid" time="0.462" /><testcase classname="backend.tests.test_contracts_phase9.TestObjectIdSerialization" name="test_contract_templates_no_objectid" time="0.402" /></testsuite></testsuites>