<?xml version="1.0" encoding="utf-8"?><testsuites name="pytest tests"><testsuite name="pytest" errors="0" failures="1" skipped="0" tests="11" time="4.231" timestamp="2026-02-19T21:23:37.088644+00:00" hostname="agent-env-b57d7268-c5a5-448a-92c0-34e356ca515a"><testcase classname="backend.tests.test_client_centric_messaging.TestMessageModelClientId" name="test_send_message_populates_client_id" time="0.966" /><testcase classname="backend.tests.test_client_centric_messaging.TestMessageModelClientId" name="test_mom_sends_message_populates_client_id" time="0.104" /><testcase classname="backend.tests.test_client_centric_messaging.TestProviderCanMessageLinkedClients" name="test_check_provider_can_message_via_clients_collection" time="0.564" /><testcase classname="backend.tests.test_client_centric_messaging.TestClientMessagesEndpoint" name="test_get_client_messages_returns_messages" time="0.487" /><testcase classname="backend.tests.test_client_centric_messaging.TestClientMessagesEndpoint" name="test_get_client_messages_not_found_for_invalid_client" time="0.067" /><testcase classname="backend.tests.test_client_centric_messaging.TestClientMessagesEndpoint" name="test_client_messages_unauthorized_access" time="0.138" /><testcase classname="backend.tests.test_client_centric_messaging.TestExistingEndpointsStillWork" name="test_provider_appointments_endpoint_works" time="0.507" /><testcase classname="backend.tests.test_client_centric_messaging.TestExistingEndpointsStillWork" name="test_provider_notes_endpoint_works" time="0.074" /><testcase classname="backend.tests.test_client_centric_messaging.TestExistingEndpointsStillWork" name="test_provider_clients_endpoint_works" time="0.077" /><testcase classname="backend.tests.test_client_centric_messaging.TestDeleteNotesEndpoint" name="test_create_and_delete_note" time="0.742"><failure message="AssertionError: Failed to create note: {&quot;note_id&quot;:&quot;note_a341bb8968b8&quot;,&quot;client_id&quot;:&quot;demo_client_ce5d46b9&quot;,&quot;provider_id&quot;:&quot;demo_doula_fc5d0af2&quot;,&quot;client_name&quot;:&quot;Olivia Davis&quot;,&quot;note_type&quot;:&quot;Prenatal&quot;,&quot;title&quot;:null,&quot;content&quot;:&quot;TEST_NOTE_52606bdd - Delete test&quot;,&quot;is_private&quot;:true,&quot;created_at&quot;:&quot;2026-02-19T21:23:40.846353+00:00&quot;,&quot;updated_at&quot;:&quot;2026-02-19T21:23:40.846353+00:00&quot;}&#10;assert 200 == 201&#10; +  where 200 = &lt;Response [200]&gt;.status_code">backend/tests/test_client_centric_messaging.py:300: in test_create_and_delete_note
    assert response.status_code == 201, f"Failed to create note: {response.text}"
E   AssertionError: Failed to create note: {"note_id":"note_a341bb8968b8","client_id":"demo_client_ce5d46b9","provider_id":"demo_doula_fc5d0af2","client_name":"Olivia Davis","note_type":"Prenatal","title":null,"content":"TEST_NOTE_52606bdd - Delete test","is_private":true,"created_at":"2026-02-19T21:23:40.846353+00:00","updated_at":"2026-02-19T21:23:40.846353+00:00"}
E   assert 200 == 201
E    +  where 200 = &lt;Response [200]&gt;.status_code</failure></testcase><testcase classname="backend.tests.test_client_centric_messaging.TestClientIdInDemoScenario" name="test_demo_client_messages_endpoint" time="0.413" /></testsuite></testsuites>