<?xml version="1.0" encoding="utf-8"?><testsuites name="pytest tests"><testsuite name="pytest" errors="0" failures="1" skipped="0" tests="16" time="7.797" timestamp="2026-02-18T22:07:50.576289+00:00" hostname="agent-env-e8963b04-9bac-403e-b3e2-8a0fffae0b61"><testcase classname="tests.test_mom_section_fixes.TestMarketplaceSearch" name="test_marketplace_providers_endpoint_exists" time="0.639" /><testcase classname="tests.test_mom_section_fixes.TestMarketplaceSearch" name="test_marketplace_search_by_name" time="0.449" /><testcase classname="tests.test_mom_section_fixes.TestMarketplaceSearch" name="test_marketplace_search_by_city" time="0.493" /><testcase classname="tests.test_mom_section_fixes.TestMarketplaceSearch" name="test_marketplace_search_by_state" time="0.475" /><testcase classname="tests.test_mom_section_fixes.TestMarketplaceSearch" name="test_marketplace_search_by_zip" time="0.446" /><testcase classname="tests.test_mom_section_fixes.TestMarketplaceSearch" name="test_marketplace_filter_by_type_doula" time="0.440" /><testcase classname="tests.test_mom_section_fixes.TestMarketplaceSearch" name="test_marketplace_filter_by_type_midwife" time="0.810" /><testcase classname="tests.test_mom_section_fixes.TestMarketplaceSearch" name="test_marketplace_combined_search_and_filter" time="0.490" /><testcase classname="tests.test_mom_section_fixes.TestZipCodeLookup" name="test_zip_code_lookup_valid" time="0.249" /><testcase classname="tests.test_mom_section_fixes.TestZipCodeLookup" name="test_zip_code_lookup_invalid" time="0.311" /><testcase classname="tests.test_mom_section_fixes.TestMomProfileEndpoints" name="test_mom_profile_get" time="0.442" /><testcase classname="tests.test_mom_section_fixes.TestMomProfileEndpoints" name="test_mom_team_get" time="0.471" /><testcase classname="tests.test_mom_section_fixes.TestMomProfileEndpoints" name="test_birth_plan_get" time="0.653" /><testcase classname="tests.test_mom_section_fixes.TestMomProfileEndpoints" name="test_timeline_get" time="0.425" /><testcase classname="tests.test_mom_section_fixes.TestMomProfileEndpoints" name="test_timeline_events_create" time="0.443"><failure message="AssertionError: Expected 200/201, got 404: {&quot;detail&quot;:&quot;Not Found&quot;}&#10;assert 404 in [200, 201]&#10; +  where 404 = &lt;Response [404]&gt;.status_code">tests/test_mom_section_fixes.py:167: in test_timeline_events_create
    assert response.status_code in [200, 201], f"Expected 200/201, got {response.status_code}: {response.text}"
E   AssertionError: Expected 200/201, got 404: {"detail":"Not Found"}
E   assert 404 in [200, 201]
E    +  where 404 = &lt;Response [404]&gt;.status_code</failure></testcase><testcase classname="tests.test_mom_section_fixes.TestBirthPlanSectionUpdate" name="test_birth_plan_about_me_update_with_due_date" time="0.492" /></testsuite></testsuites>