<?xml version="1.0" encoding="utf-8"?><testsuites name="pytest tests"><testsuite name="pytest" errors="0" failures="0" skipped="0" tests="14" time="8.201" timestamp="2026-02-16T04:31:18.139109+00:00" hostname="agent-env-606eb975-708f-4c4f-b26c-bf7550c87b8d"><testcase classname="backend.tests.test_doula_api.TestMomLogin" name="test_mom_login_success" time="0.401" /><testcase classname="backend.tests.test_doula_api.TestDoulaLogin" name="test_doula_login_success" time="1.978" /><testcase classname="backend.tests.test_doula_api.TestDoulaDashboard" name="test_get_dashboard_returns_stats" time="0.461" /><testcase classname="backend.tests.test_doula_api.TestDoulaClients" name="test_get_clients_returns_array" time="0.397" /><testcase classname="backend.tests.test_doula_api.TestDoulaClients" name="test_create_client_success" time="0.470" /><testcase classname="backend.tests.test_doula_api.TestDoulaContracts" name="test_get_contracts_returns_array" time="0.489" /><testcase classname="backend.tests.test_doula_api.TestDoulaContracts" name="test_create_contract_success" time="0.550" /><testcase classname="backend.tests.test_doula_api.TestDoulaInvoices" name="test_get_invoices_returns_array" time="0.609" /><testcase classname="backend.tests.test_doula_api.TestDoulaInvoices" name="test_create_invoice_success" time="0.550" /><testcase classname="backend.tests.test_doula_api.TestMomScreenAPIs" name="test_timeline_api" time="0.433" /><testcase classname="backend.tests.test_doula_api.TestMomScreenAPIs" name="test_wellness_entries_api" time="0.430" /><testcase classname="backend.tests.test_doula_api.TestMomScreenAPIs" name="test_postpartum_plan_api" time="0.420" /><testcase classname="backend.tests.test_doula_api.TestMomScreenAPIs" name="test_mom_team_api" time="0.455" /><testcase classname="backend.tests.test_doula_api.TestMomScreenAPIs" name="test_birth_plan_api" time="0.472" /></testsuite></testsuites>