<?xml version="1.0" encoding="utf-8"?><testsuites name="pytest tests"><testsuite name="pytest" errors="0" failures="0" skipped="0" tests="14" time="9.097" timestamp="2026-02-20T20:08:22.401405+00:00" hostname="agent-env-3369977f-691c-4106-9054-6d3bfd23425e"><testcase classname="tests.test_midwife_client_detail_126.TestMidwifeLogin" name="test_midwife_login_success" time="0.554" /><testcase classname="tests.test_midwife_client_detail_126.TestMidwifeLogin" name="test_midwife_login_invalid_credentials" time="0.366" /><testcase classname="tests.test_midwife_client_detail_126.TestMidwifeDashboard" name="test_get_dashboard" time="0.501" /><testcase classname="tests.test_midwife_client_detail_126.TestMidwifeClients" name="test_get_clients_list" time="0.514" /><testcase classname="tests.test_midwife_client_detail_126.TestMidwifeClients" name="test_create_client" time="0.678" /><testcase classname="tests.test_midwife_client_detail_126.TestMidwifeClients" name="test_get_client_detail" time="0.799" /><testcase classname="tests.test_midwife_client_detail_126.TestMidwifeClients" name="test_get_nonexistent_client" time="0.498" /><testcase classname="tests.test_midwife_client_detail_126.TestPrenatalVisits" name="test_get_prenatal_visits_empty" time="0.680" /><testcase classname="tests.test_midwife_client_detail_126.TestPrenatalVisits" name="test_create_prenatal_visit" time="0.850" /><testcase classname="tests.test_midwife_client_detail_126.TestPrenatalVisits" name="test_update_prenatal_visit" time="0.960" /><testcase classname="tests.test_midwife_client_detail_126.TestPrenatalVisits" name="test_delete_prenatal_visit" time="0.922" /><testcase classname="tests.test_midwife_client_detail_126.TestPrenatalVisits" name="test_prenatal_visit_invalid_client" time="0.657" /><testcase classname="tests.test_midwife_client_detail_126.TestProviderUnifiedClients" name="test_provider_clients_list" time="0.512" /><testcase classname="tests.test_midwife_client_detail_126.TestProviderUnifiedClients" name="test_provider_clients_include_inactive" time="0.523" /></testsuite></testsuites>