<?xml version="1.0" encoding="utf-8"?><testsuites name="pytest tests"><testsuite name="pytest" errors="0" failures="0" skipped="0" tests="11" time="6.653" timestamp="2026-02-19T00:59:53.358372+00:00" hostname="agent-env-2d74ceb9-c96d-4403-8323-cb55da61a20c"><testcase classname="backend.tests.test_doula_bug_fixes.TestDoulaLogin" name="test_doula_login" time="0.516" /><testcase classname="backend.tests.test_doula_bug_fixes.TestDoulaDashboard" name="test_dashboard_returns_correct_stats" time="0.617" /><testcase classname="backend.tests.test_doula_bug_fixes.TestDoulaClients" name="test_get_doula_clients" time="0.434" /><testcase classname="backend.tests.test_doula_bug_fixes.TestDoulaClients" name="test_verify_test_client_exists" time="0.464" /><testcase classname="backend.tests.test_doula_bug_fixes.TestDoulaContractCreation" name="test_create_contract_success" time="0.566" /><testcase classname="backend.tests.test_doula_bug_fixes.TestDoulaContractCreation" name="test_contract_creation_does_not_422" time="0.672" /><testcase classname="backend.tests.test_doula_bug_fixes.TestDoulaContractQuickEdit" name="test_contract_quick_edit_works" time="0.933" /><testcase classname="backend.tests.test_doula_bug_fixes.TestDoulaInvoiceCreation" name="test_create_invoice_success" time="0.642" /><testcase classname="backend.tests.test_doula_bug_fixes.TestDoulaInvoiceCreation" name="test_invoice_creation_with_all_fields" time="0.670" /><testcase classname="backend.tests.test_doula_bug_fixes.TestDoulaGetContracts" name="test_get_contracts_list" time="0.547" /><testcase classname="backend.tests.test_doula_bug_fixes.TestDoulaGetInvoices" name="test_get_invoices_list" time="0.508" /></testsuite></testsuites>