<?xml version="1.0" encoding="utf-8"?><testsuites name="pytest tests"><testsuite name="pytest" errors="0" failures="0" skipped="0" tests="16" time="47.919" timestamp="2026-02-18T22:08:20.397759+00:00" hostname="agent-env-e8963b04-9bac-403e-b3e2-8a0fffae0b61"><testcase classname="tests.test_mom_section_fixes.TestMarketplaceSearch" name="test_marketplace_providers_endpoint_exists" time="0.532" /><testcase classname="tests.test_mom_section_fixes.TestMarketplaceSearch" name="test_marketplace_search_by_name" time="0.487" /><testcase classname="tests.test_mom_section_fixes.TestMarketplaceSearch" name="test_marketplace_search_by_city" time="40.511" /><testcase classname="tests.test_mom_section_fixes.TestMarketplaceSearch" name="test_marketplace_search_by_state" time="0.822" /><testcase classname="tests.test_mom_section_fixes.TestMarketplaceSearch" name="test_marketplace_search_by_zip" time="0.535" /><testcase classname="tests.test_mom_section_fixes.TestMarketplaceSearch" name="test_marketplace_filter_by_type_doula" time="0.482" /><testcase classname="tests.test_mom_section_fixes.TestMarketplaceSearch" name="test_marketplace_filter_by_type_midwife" time="0.448" /><testcase classname="tests.test_mom_section_fixes.TestMarketplaceSearch" name="test_marketplace_combined_search_and_filter" time="0.498" /><testcase classname="tests.test_mom_section_fixes.TestZipCodeLookup" name="test_zip_code_lookup_valid" time="0.259" /><testcase classname="tests.test_mom_section_fixes.TestZipCodeLookup" name="test_zip_code_lookup_invalid" time="0.184" /><testcase classname="tests.test_mom_section_fixes.TestMomProfileEndpoints" name="test_mom_profile_get" time="0.485" /><testcase classname="tests.test_mom_section_fixes.TestMomProfileEndpoints" name="test_mom_team_get" time="0.618" /><testcase classname="tests.test_mom_section_fixes.TestMomProfileEndpoints" name="test_birth_plan_get" time="0.562" /><testcase classname="tests.test_mom_section_fixes.TestMomProfileEndpoints" name="test_timeline_get" time="0.439" /><testcase classname="tests.test_mom_section_fixes.TestMomProfileEndpoints" name="test_timeline_events_create" time="0.548" /><testcase classname="tests.test_mom_section_fixes.TestBirthPlanSectionUpdate" name="test_birth_plan_about_me_update_with_due_date" time="0.451" /></testsuite></testsuites>