<?xml version="1.0" encoding="utf-8"?><testsuites name="pytest tests"><testsuite name="pytest" errors="0" failures="0" skipped="0" tests="10" time="5.260" timestamp="2026-03-03T05:48:39.748198+00:00" hostname="agent-env-41bd8fba-56fe-4d90-905f-8dfd44968a3a"><testcase classname="backend.tests.test_client_photo_sync_147.TestLogin" name="test_doula_login" time="0.473" /><testcase classname="backend.tests.test_client_photo_sync_147.TestLogin" name="test_midwife_login" time="0.400" /><testcase classname="backend.tests.test_client_photo_sync_147.TestLogin" name="test_mom_login" time="0.357" /><testcase classname="backend.tests.test_client_photo_sync_147.TestClientPhotoSync" name="test_doula_clients_endpoint_returns_picture" time="0.548" /><testcase classname="backend.tests.test_client_photo_sync_147.TestClientPhotoSync" name="test_midwife_clients_endpoint_returns_picture" time="0.548" /><testcase classname="backend.tests.test_client_photo_sync_147.TestClientPhotoSync" name="test_provider_unified_clients_endpoint" time="0.570" /><testcase classname="backend.tests.test_client_photo_sync_147.TestClientPhotoSync" name="test_mom_profile_has_picture" time="0.477" /><testcase classname="backend.tests.test_client_photo_sync_147.TestClientPhotoSync" name="test_appointments_endpoint_returns_client_picture" time="0.557" /><testcase classname="backend.tests.test_client_photo_sync_147.TestClientDetailPicture" name="test_provider_client_detail_has_picture" time="0.650" /><testcase classname="backend.tests.test_client_photo_sync_147.TestProviderAppointmentsClientPicture" name="test_provider_appointments_returns_client_picture" time="0.621" /></testsuite></testsuites>