<?xml version="1.0" encoding="utf-8"?><testsuites name="pytest tests"><testsuite name="pytest" errors="0" failures="0" skipped="0" tests="45" time="12.234" timestamp="2026-02-20T00:07:50.798387+00:00" hostname="agent-env-da27e621-3687-4fff-aff9-4c220afa0162"><testcase classname="backend.tests.test_invoices_phase10.TestSetup" name="test_base_url_configured" time="0.000" /><testcase classname="backend.tests.test_invoices_phase10.TestSetup" name="test_health_check" time="0.239" /><testcase classname="backend.tests.test_invoices_phase10.TestAuthLogin" name="test_doula_login_success" time="0.461" /><testcase classname="backend.tests.test_invoices_phase10.TestAuthLogin" name="test_midwife_login_success" time="0.445" /><testcase classname="backend.tests.test_invoices_phase10.TestPaymentInstructionsTemplates" name="test_get_payment_instructions_requires_auth" time="0.166" /><testcase classname="backend.tests.test_invoices_phase10.TestPaymentInstructionsTemplates" name="test_get_payment_instructions_as_doula" time="0.449" /><testcase classname="backend.tests.test_invoices_phase10.TestPaymentInstructionsTemplates" name="test_get_payment_instructions_as_midwife" time="0.418" /><testcase classname="backend.tests.test_invoices_phase10.TestPaymentInstructionsTemplates" name="test_create_payment_instructions_template" time="0.072" /><testcase classname="backend.tests.test_invoices_phase10.TestPaymentInstructionsTemplates" name="test_update_payment_instructions_template" time="0.140" /><testcase classname="backend.tests.test_invoices_phase10.TestPaymentInstructionsTemplates" name="test_delete_payment_instructions_template" time="0.102" /><testcase classname="backend.tests.test_invoices_phase10.TestPaymentInstructionsTemplates" name="test_delete_nonexistent_template_fails" time="0.097" /><testcase classname="backend.tests.test_invoices_phase10.TestDoulaInvoicesCRUD" name="test_get_doula_invoices_requires_auth" time="0.113" /><testcase classname="backend.tests.test_invoices_phase10.TestDoulaInvoicesCRUD" name="test_get_doula_invoices_list" time="0.410" /><testcase classname="backend.tests.test_invoices_phase10.TestDoulaInvoicesCRUD" name="test_get_doula_invoices_filtered_by_status" time="0.075" /><testcase classname="backend.tests.test_invoices_phase10.TestDoulaInvoicesCRUD" name="test_create_doula_invoice" time="0.197" /><testcase classname="backend.tests.test_invoices_phase10.TestDoulaInvoicesCRUD" name="test_get_doula_invoice_by_id" time="0.059" /><testcase classname="backend.tests.test_invoices_phase10.TestDoulaInvoicesCRUD" name="test_update_doula_invoice" time="0.145" /><testcase classname="backend.tests.test_invoices_phase10.TestDoulaInvoicesCRUD" name="test_get_nonexistent_invoice_returns_404" time="0.085" /><testcase classname="backend.tests.test_invoices_phase10.TestDoulaInvoiceActions" name="test_send_doula_invoice" time="0.620" /><testcase classname="backend.tests.test_invoices_phase10.TestDoulaInvoiceActions" name="test_send_reminder_for_sent_invoice" time="0.143" /><testcase classname="backend.tests.test_invoices_phase10.TestDoulaInvoiceActions" name="test_mark_doula_invoice_paid" time="0.158" /><testcase classname="backend.tests.test_invoices_phase10.TestDoulaInvoiceActions" name="test_cancel_doula_invoice" time="0.250" /><testcase classname="backend.tests.test_invoices_phase10.TestDoulaInvoiceActions" name="test_send_reminder_for_non_sent_invoice_fails" time="0.191" /><testcase classname="backend.tests.test_invoices_phase10.TestDeleteDoulaInvoice" name="test_delete_draft_invoice" time="0.945" /><testcase classname="backend.tests.test_invoices_phase10.TestDeleteDoulaInvoice" name="test_delete_non_draft_invoice_fails" time="0.293" /><testcase classname="backend.tests.test_invoices_phase10.TestMidwifeInvoicesCRUD" name="test_get_midwife_invoices_requires_auth" time="0.122" /><testcase classname="backend.tests.test_invoices_phase10.TestMidwifeInvoicesCRUD" name="test_get_midwife_invoices_list" time="0.468" /><testcase classname="backend.tests.test_invoices_phase10.TestMidwifeInvoicesCRUD" name="test_get_midwife_invoices_filtered_by_status" time="0.077" /><testcase classname="backend.tests.test_invoices_phase10.TestMidwifeInvoicesCRUD" name="test_create_midwife_invoice" time="0.162" /><testcase classname="backend.tests.test_invoices_phase10.TestMidwifeInvoicesCRUD" name="test_get_midwife_invoice_by_id" time="0.109" /><testcase classname="backend.tests.test_invoices_phase10.TestMidwifeInvoicesCRUD" name="test_update_midwife_invoice" time="0.144" /><testcase classname="backend.tests.test_invoices_phase10.TestMidwifeInvoiceActions" name="test_send_midwife_invoice" time="0.633" /><testcase classname="backend.tests.test_invoices_phase10.TestMidwifeInvoiceActions" name="test_send_reminder_for_midwife_invoice" time="0.059" /><testcase classname="backend.tests.test_invoices_phase10.TestMidwifeInvoiceActions" name="test_mark_midwife_invoice_paid" time="0.165" /><testcase classname="backend.tests.test_invoices_phase10.TestMidwifeInvoiceActions" name="test_cancel_midwife_invoice" time="0.361" /><testcase classname="backend.tests.test_invoices_phase10.TestMidwifeInvoiceActions" name="test_send_reminder_for_non_sent_midwife_invoice_fails" time="0.228" /><testcase classname="backend.tests.test_invoices_phase10.TestDeleteMidwifeInvoice" name="test_delete_draft_midwife_invoice" time="0.694" /><testcase classname="backend.tests.test_invoices_phase10.TestDeleteMidwifeInvoice" name="test_delete_non_draft_midwife_invoice_fails" time="0.304" /><testcase classname="backend.tests.test_invoices_phase10.TestRoleBasedAccessControl" name="test_doula_cannot_access_midwife_invoices" time="0.457" /><testcase classname="backend.tests.test_invoices_phase10.TestRoleBasedAccessControl" name="test_midwife_cannot_access_doula_invoices" time="0.476" /><testcase classname="backend.tests.test_invoices_phase10.TestRoleBasedAccessControl" name="test_doula_cannot_create_midwife_invoice" time="0.143" /><testcase classname="backend.tests.test_invoices_phase10.TestRoleBasedAccessControl" name="test_midwife_cannot_create_doula_invoice" time="0.071" /><testcase classname="backend.tests.test_invoices_phase10.TestObjectIdSerialization" name="test_doula_invoices_no_objectid" time="0.568" /><testcase classname="backend.tests.test_invoices_phase10.TestObjectIdSerialization" name="test_midwife_invoices_no_objectid" time="0.409" /><testcase classname="backend.tests.test_invoices_phase10.TestObjectIdSerialization" name="test_payment_instructions_no_objectid" time="0.178" /></testsuite></testsuites>