<?xml version="1.0" encoding="utf-8"?><testsuites name="pytest tests"><testsuite name="pytest" errors="0" failures="0" skipped="0" tests="11" time="6.266" timestamp="2026-02-17T15:05:18.258238+00:00" hostname="agent-env-8b879415-618d-49f6-b618-08ad1b7690c9"><testcase classname="backend.tests.test_appointments_e2e.TestAppointmentsE2E" name="test_provider_cannot_create_appointment_without_connection" time="1.790" /><testcase classname="backend.tests.test_appointments_e2e.TestAppointmentsE2E" name="test_e2e_flow_provider_creates_mom_accepts" time="0.914" /><testcase classname="backend.tests.test_appointments_e2e.TestAppointmentsE2E" name="test_e2e_flow_provider_creates_mom_declines" time="0.275" /><testcase classname="backend.tests.test_appointments_e2e.TestAppointmentsE2E" name="test_provider_cancels_accepted_appointment" time="0.431" /><testcase classname="backend.tests.test_appointments_e2e.TestAppointmentsE2E" name="test_mom_appointments_grouped_by_status" time="0.086" /><testcase classname="backend.tests.test_appointments_e2e.TestAppointmentsE2E" name="test_provider_sees_private_notes" time="0.160" /><testcase classname="backend.tests.test_appointments_e2e.TestAppointmentsE2E" name="test_mom_cannot_see_private_notes" time="0.134" /><testcase classname="backend.tests.test_appointments_e2e.TestAppointmentsE2E" name="test_notifications_created_on_appointment_actions" time="0.502" /><testcase classname="backend.tests.test_appointments_e2e.TestAppointmentsE2E" name="test_invalid_response_values_rejected" time="0.128" /><testcase classname="backend.tests.test_appointments_e2e.TestAppointmentsE2E" name="test_appointment_types" time="0.282" /><testcase classname="backend.tests.test_appointments_e2e.TestMidwifeAppointments" name="test_midwife_can_create_appointment" time="1.478" /></testsuite></testsuites>