<?xml version="1.0" encoding="utf-8"?><testsuites name="pytest tests"><testsuite name="pytest" errors="0" failures="0" skipped="0" tests="25" time="6.949" timestamp="2026-02-20T03:00:41.986719+00:00" hostname="agent-env-a44ade04-1230-4129-9fca-94c9d5904190"><testcase classname="backend.tests.test_uiux_fixes_iteration112.TestSetup" name="test_health_check" time="0.293" /><testcase classname="backend.tests.test_uiux_fixes_iteration112.TestSetup" name="test_doula_login" time="0.372" /><testcase classname="backend.tests.test_uiux_fixes_iteration112.TestSetup" name="test_midwife_login" time="0.351" /><testcase classname="backend.tests.test_uiux_fixes_iteration112.TestDashboardStats" name="test_doula_dashboard_has_active_clients" time="0.480" /><testcase classname="backend.tests.test_uiux_fixes_iteration112.TestDashboardStats" name="test_doula_dashboard_has_upcoming_appointments" time="0.119" /><testcase classname="backend.tests.test_uiux_fixes_iteration112.TestDashboardStats" name="test_doula_dashboard_has_contracts_pending_signature" time="0.128" /><testcase classname="backend.tests.test_uiux_fixes_iteration112.TestDashboardStats" name="test_doula_dashboard_has_pending_invoices" time="0.112" /><testcase classname="backend.tests.test_uiux_fixes_iteration112.TestDashboardStats" name="test_midwife_dashboard_has_role_specific_stats" time="0.526" /><testcase classname="backend.tests.test_uiux_fixes_iteration112.TestClientFilter" name="test_get_clients_default_active_only" time="0.138" /><testcase classname="backend.tests.test_uiux_fixes_iteration112.TestClientFilter" name="test_get_clients_include_inactive" time="0.279" /><testcase classname="backend.tests.test_uiux_fixes_iteration112.TestClientFilter" name="test_get_clients_status_filter_lead" time="0.132" /><testcase classname="backend.tests.test_uiux_fixes_iteration112.TestClientFilter" name="test_client_has_is_active_field" time="0.111" /><testcase classname="backend.tests.test_uiux_fixes_iteration112.TestProviderNotesCreation" name="test_create_note_requires_client_id" time="0.132" /><testcase classname="backend.tests.test_uiux_fixes_iteration112.TestProviderNotesCreation" name="test_create_note_with_client_id" time="0.291" /><testcase classname="backend.tests.test_uiux_fixes_iteration112.TestProviderContractsCreation" name="test_create_doula_contract_with_client_id" time="0.252" /><testcase classname="backend.tests.test_uiux_fixes_iteration112.TestProviderInvoicesCreation" name="test_create_doula_invoice_with_client_id" time="0.241" /><testcase classname="backend.tests.test_uiux_fixes_iteration112.TestClientTimelineContractsQuery" name="test_doula_timeline_returns_contracts" time="0.365" /><testcase classname="backend.tests.test_uiux_fixes_iteration112.TestClientTimelineContractsQuery" name="test_midwife_timeline_returns_contracts" time="0.278" /><testcase classname="backend.tests.test_uiux_fixes_iteration112.TestTimelineShowsCreatedItems" name="test_created_note_appears_in_timeline" time="0.379" /><testcase classname="backend.tests.test_uiux_fixes_iteration112.TestTimelineShowsCreatedItems" name="test_created_contract_appears_in_timeline" time="0.487" /><testcase classname="backend.tests.test_uiux_fixes_iteration112.TestTimelineShowsCreatedItems" name="test_created_invoice_appears_in_timeline" time="0.504" /><testcase classname="backend.tests.test_uiux_fixes_iteration112.TestClientDetailResponse" name="test_client_detail_has_counts" time="0.281" /><testcase classname="backend.tests.test_uiux_fixes_iteration112.TestNoObjectIdInResponses" name="test_dashboard_no_objectid" time="0.129" /><testcase classname="backend.tests.test_uiux_fixes_iteration112.TestNoObjectIdInResponses" name="test_clients_no_objectid" time="0.211" /><testcase classname="backend.tests.test_uiux_fixes_iteration112.TestNoObjectIdInResponses" name="test_timeline_no_objectid" time="0.263" /></testsuite></testsuites>